{"/Users/vibhorgupta/Desktop/ashwatthatree/Medmind/src/app/+not-found.tsx": {"path":"/Users/vibhorgupta/Desktop/ashwatthatree/Medmind/src/app/+not-found.tsx","statementMap":{"0":{"start":{"line":6,"column":4},"end":{"line":25,"column":6}}},"fnMap":{"0":{"name":"NotFoundScreen","decl":{"start":{"line":5,"column":24},"end":{"line":5,"column":38}},"loc":{"start":{"line":5,"column":41},"end":{"line":26,"column":1}},"line":5}},"branchMap":{},"s":{"0":0},"f":{"0":0},"b":{}}
,"/Users/vibhorgupta/Desktop/ashwatthatree/Medmind/src/app/_layout.tsx": {"path":"/Users/vibhorgupta/Desktop/ashwatthatree/Medmind/src/app/_layout.tsx","statementMap":{"0":{"start":{"line":15,"column":0},"end":{"line":15,"column":13}},"1":{"start":{"line":18,"column":4},"end":{"line":31,"column":6}}},"fnMap":{"0":{"name":"RootLayout","decl":{"start":{"line":17,"column":24},"end":{"line":17,"column":34}},"loc":{"start":{"line":17,"column":37},"end":{"line":32,"column":1}},"line":17}},"branchMap":{},"s":{"0":0,"1":0},"f":{"0":0},"b":{}}
,"/Users/vibhorgupta/Desktop/ashwatthatree/Medmind/src/app/achievements.tsx": {"path":"/Users/vibhorgupta/Desktop/ashwatthatree/Medmind/src/app/achievements.tsx","statementMap":{"0":{"start":{"line":3,"column":4},"end":{"line":3,"column":34}}},"fnMap":{"0":{"name":"AchievementsRoute","decl":{"start":{"line":2,"column":24},"end":{"line":2,"column":41}},"loc":{"start":{"line":2,"column":44},"end":{"line":4,"column":1}},"line":2}},"branchMap":{},"s":{"0":0},"f":{"0":0},"b":{}}
,"/Users/vibhorgupta/Desktop/ashwatthatree/Medmind/src/app/analytics.tsx": {"path":"/Users/vibhorgupta/Desktop/ashwatthatree/Medmind/src/app/analytics.tsx","statementMap":{},"fnMap":{},"branchMap":{},"s":{},"f":{},"b":{}}
,"/Users/vibhorgupta/Desktop/ashwatthatree/Medmind/src/app/contacts.tsx": {"path":"/Users/vibhorgupta/Desktop/ashwatthatree/Medmind/src/app/contacts.tsx","statementMap":{"0":{"start":{"line":4,"column":4},"end":{"line":4,"column":38}}},"fnMap":{"0":{"name":"ContactsRoute","decl":{"start":{"line":3,"column":24},"end":{"line":3,"column":37}},"loc":{"start":{"line":3,"column":40},"end":{"line":5,"column":1}},"line":3}},"branchMap":{},"s":{"0":0},"f":{"0":0},"b":{}}
,"/Users/vibhorgupta/Desktop/ashwatthatree/Medmind/src/app/generic-comparison.tsx": {"path":"/Users/vibhorgupta/Desktop/ashwatthatree/Medmind/src/app/generic-comparison.tsx","statementMap":{"0":{"start":{"line":3,"column":4},"end":{"line":3,"column":39}}},"fnMap":{"0":{"name":"GenericComparisonRoute","decl":{"start":{"line":2,"column":24},"end":{"line":2,"column":46}},"loc":{"start":{"line":2,"column":49},"end":{"line":4,"column":1}},"line":2}},"branchMap":{},"s":{"0":0},"f":{"0":0},"b":{}}
,"/Users/vibhorgupta/Desktop/ashwatthatree/Medmind/src/app/interactions.tsx": {"path":"/Users/vibhorgupta/Desktop/ashwatthatree/Medmind/src/app/interactions.tsx","statementMap":{},"fnMap":{},"branchMap":{},"s":{},"f":{},"b":{}}
,"/Users/vibhorgupta/Desktop/ashwatthatree/Medmind/src/app/language.tsx": {"path":"/Users/vibhorgupta/Desktop/ashwatthatree/Medmind/src/app/language.tsx","statementMap":{"0":{"start":{"line":4,"column":4},"end":{"line":4,"column":39}}},"fnMap":{"0":{"name":"LanguageSelectionRoute","decl":{"start":{"line":3,"column":24},"end":{"line":3,"column":46}},"loc":{"start":{"line":3,"column":49},"end":{"line":5,"column":1}},"line":3}},"branchMap":{},"s":{"0":0},"f":{"0":0},"b":{}}
,"/Users/vibhorgupta/Desktop/ashwatthatree/Medmind/src/app/login.tsx": {"path":"/Users/vibhorgupta/Desktop/ashwatthatree/Medmind/src/app/login.tsx","statementMap":{},"fnMap":{},"branchMap":{},"s":{},"f":{},"b":{}}
,"/Users/vibhorgupta/Desktop/ashwatthatree/Medmind/src/app/ocr-confirmation.tsx": {"path":"/Users/vibhorgupta/Desktop/ashwatthatree/Medmind/src/app/ocr-confirmation.tsx","statementMap":{"0":{"start":{"line":4,"column":4},"end":{"line":4,"column":37}}},"fnMap":{"0":{"name":"OCRConfirmationRoute","decl":{"start":{"line":3,"column":24},"end":{"line":3,"column":44}},"loc":{"start":{"line":3,"column":47},"end":{"line":5,"column":1}},"line":3}},"branchMap":{},"s":{"0":0},"f":{"0":0},"b":{}}
,"/Users/vibhorgupta/Desktop/ashwatthatree/Medmind/src/app/onboarding.tsx": {"path":"/Users/vibhorgupta/Desktop/ashwatthatree/Medmind/src/app/onboarding.tsx","statementMap":{},"fnMap":{},"branchMap":{},"s":{},"f":{},"b":{}}
,"/Users/vibhorgupta/Desktop/ashwatthatree/Medmind/src/app/pharmacy-map.tsx": {"path":"/Users/vibhorgupta/Desktop/ashwatthatree/Medmind/src/app/pharmacy-map.tsx","statementMap":{"0":{"start":{"line":3,"column":4},"end":{"line":3,"column":33}}},"fnMap":{"0":{"name":"PharmacyMapRoute","decl":{"start":{"line":2,"column":24},"end":{"line":2,"column":40}},"loc":{"start":{"line":2,"column":43},"end":{"line":4,"column":1}},"line":2}},"branchMap":{},"s":{"0":0},"f":{"0":0},"b":{}}
,"/Users/vibhorgupta/Desktop/ashwatthatree/Medmind/src/app/phone-login.tsx": {"path":"/Users/vibhorgupta/Desktop/ashwatthatree/Medmind/src/app/phone-login.tsx","statementMap":{},"fnMap":{},"branchMap":{},"s":{},"f":{},"b":{}}
,"/Users/vibhorgupta/Desktop/ashwatthatree/Medmind/src/app/pill-identifier.tsx": {"path":"/Users/vibhorgupta/Desktop/ashwatthatree/Medmind/src/app/pill-identifier.tsx","statementMap":{"0":{"start":{"line":4,"column":4},"end":{"line":4,"column":36}}},"fnMap":{"0":{"name":"PillIdentifierRoute","decl":{"start":{"line":3,"column":24},"end":{"line":3,"column":43}},"loc":{"start":{"line":3,"column":46},"end":{"line":5,"column":1}},"line":3}},"branchMap":{},"s":{"0":0},"f":{"0":0},"b":{}}
,"/Users/vibhorgupta/Desktop/ashwatthatree/Medmind/src/app/premium.tsx": {"path":"/Users/vibhorgupta/Desktop/ashwatthatree/Medmind/src/app/premium.tsx","statementMap":{},"fnMap":{},"branchMap":{},"s":{},"f":{},"b":{}}
,"/Users/vibhorgupta/Desktop/ashwatthatree/Medmind/src/app/scan-success.tsx": {"path":"/Users/vibhorgupta/Desktop/ashwatthatree/Medmind/src/app/scan-success.tsx","statementMap":{},"fnMap":{},"branchMap":{},"s":{},"f":{},"b":{}}
,"/Users/vibhorgupta/Desktop/ashwatthatree/Medmind/src/app/scan.tsx": {"path":"/Users/vibhorgupta/Desktop/ashwatthatree/Medmind/src/app/scan.tsx","statementMap":{"0":{"start":{"line":5,"column":4},"end":{"line":5,"column":26}}},"fnMap":{"0":{"name":"ScanRoute","decl":{"start":{"line":4,"column":24},"end":{"line":4,"column":33}},"loc":{"start":{"line":4,"column":36},"end":{"line":6,"column":1}},"line":4}},"branchMap":{},"s":{"0":0},"f":{"0":0},"b":{}}
,"/Users/vibhorgupta/Desktop/ashwatthatree/Medmind/src/app/style-guide.tsx": {"path":"/Users/vibhorgupta/Desktop/ashwatthatree/Medmind/src/app/style-guide.tsx","statementMap":{},"fnMap":{},"branchMap":{},"s":{},"f":{},"b":{}}
,"/Users/vibhorgupta/Desktop/ashwatthatree/Medmind/src/app/telehealth.tsx": {"path":"/Users/vibhorgupta/Desktop/ashwatthatree/Medmind/src/app/telehealth.tsx","statementMap":{"0":{"start":{"line":3,"column":4},"end":{"line":3,"column":32}}},"fnMap":{"0":{"name":"TelehealthRoute","decl":{"start":{"line":2,"column":24},"end":{"line":2,"column":39}},"loc":{"start":{"line":2,"column":42},"end":{"line":4,"column":1}},"line":2}},"branchMap":{},"s":{"0":0},"f":{"0":0},"b":{}}
,"/Users/vibhorgupta/Desktop/ashwatthatree/Medmind/src/app/update.tsx": {"path":"/Users/vibhorgupta/Desktop/ashwatthatree/Medmind/src/app/update.tsx","statementMap":{"0":{"start":{"line":3,"column":4},"end":{"line":3,"column":37}}},"fnMap":{"0":{"name":"UpdateRoute","decl":{"start":{"line":2,"column":24},"end":{"line":2,"column":35}},"loc":{"start":{"line":2,"column":38},"end":{"line":4,"column":1}},"line":2}},"branchMap":{},"s":{"0":0},"f":{"0":0},"b":{}}
,"/Users/vibhorgupta/Desktop/ashwatthatree/Medmind/src/app/verify-otp.tsx": {"path":"/Users/vibhorgupta/Desktop/ashwatthatree/Medmind/src/app/verify-otp.tsx","statementMap":{},"fnMap":{},"branchMap":{},"s":{},"f":{},"b":{}}
,"/Users/vibhorgupta/Desktop/ashwatthatree/Medmind/src/app/(tabs)/_layout.tsx": {"path":"/Users/vibhorgupta/Desktop/ashwatthatree/Medmind/src/app/(tabs)/_layout.tsx","statementMap":{"0":{"start":{"line":9,"column":4},"end":{"line":9,"column":24}},"1":{"start":{"line":11,"column":4},"end":{"line":46,"column":6}},"2":{"start":{"line":13,"column":31},"end":{"line":13,"column":58}}},"fnMap":{"0":{"name":"TabLayout","decl":{"start":{"line":7,"column":24},"end":{"line":7,"column":33}},"loc":{"start":{"line":7,"column":36},"end":{"line":47,"column":1}},"line":7},"1":{"name":"(anonymous_1)","decl":{"start":{"line":13,"column":20},"end":{"line":13,"column":21}},"loc":{"start":{"line":13,"column":31},"end":{"line":13,"column":58}},"line":13}},"branchMap":{},"s":{"0":0,"1":0,"2":0},"f":{"0":0,"1":0},"b":{}}
,"/Users/vibhorgupta/Desktop/ashwatthatree/Medmind/src/app/(tabs)/logs.tsx": {"path":"/Users/vibhorgupta/Desktop/ashwatthatree/Medmind/src/app/(tabs)/logs.tsx","statementMap":{},"fnMap":{},"branchMap":{},"s":{},"f":{},"b":{}}
,"/Users/vibhorgupta/Desktop/ashwatthatree/Medmind/src/app/(tabs)/medications.tsx": {"path":"/Users/vibhorgupta/Desktop/ashwatthatree/Medmind/src/app/(tabs)/medications.tsx","statementMap":{},"fnMap":{},"branchMap":{},"s":{},"f":{},"b":{}}
,"/Users/vibhorgupta/Desktop/ashwatthatree/Medmind/src/app/(tabs)/profile.tsx": {"path":"/Users/vibhorgupta/Desktop/ashwatthatree/Medmind/src/app/(tabs)/profile.tsx","statementMap":{},"fnMap":{},"branchMap":{},"s":{},"f":{},"b":{}}
,"/Users/vibhorgupta/Desktop/ashwatthatree/Medmind/src/app/contacts/add.tsx": {"path":"/Users/vibhorgupta/Desktop/ashwatthatree/Medmind/src/app/contacts/add.tsx","statementMap":{"0":{"start":{"line":4,"column":4},"end":{"line":4,"column":33}}},"fnMap":{"0":{"name":"ContactAddRoute","decl":{"start":{"line":3,"column":24},"end":{"line":3,"column":39}},"loc":{"start":{"line":3,"column":42},"end":{"line":5,"column":1}},"line":3}},"branchMap":{},"s":{"0":0},"f":{"0":0},"b":{}}
,"/Users/vibhorgupta/Desktop/ashwatthatree/Medmind/src/app/contacts/edit/[id].tsx": {"path":"/Users/vibhorgupta/Desktop/ashwatthatree/Medmind/src/app/contacts/edit/[id].tsx","statementMap":{"0":{"start":{"line":4,"column":4},"end":{"line":4,"column":33}}},"fnMap":{"0":{"name":"ContactEditRoute","decl":{"start":{"line":3,"column":24},"end":{"line":3,"column":40}},"loc":{"start":{"line":3,"column":43},"end":{"line":5,"column":1}},"line":3}},"branchMap":{},"s":{"0":0},"f":{"0":0},"b":{}}
,"/Users/vibhorgupta/Desktop/ashwatthatree/Medmind/src/app/medication/[id].tsx": {"path":"/Users/vibhorgupta/Desktop/ashwatthatree/Medmind/src/app/medication/[id].tsx","statementMap":{},"fnMap":{},"branchMap":{},"s":{},"f":{},"b":{}}
,"/Users/vibhorgupta/Desktop/ashwatthatree/Medmind/src/app/medication/form.tsx": {"path":"/Users/vibhorgupta/Desktop/ashwatthatree/Medmind/src/app/medication/form.tsx","statementMap":{},"fnMap":{},"branchMap":{},"s":{},"f":{},"b":{}}
,"/Users/vibhorgupta/Desktop/ashwatthatree/Medmind/src/app/profile/health.tsx": {"path":"/Users/vibhorgupta/Desktop/ashwatthatree/Medmind/src/app/profile/health.tsx","statementMap":{},"fnMap":{},"branchMap":{},"s":{},"f":{},"b":{}}
,"/Users/vibhorgupta/Desktop/ashwatthatree/Medmind/src/app/profile/help.tsx": {"path":"/Users/vibhorgupta/Desktop/ashwatthatree/Medmind/src/app/profile/help.tsx","statementMap":{},"fnMap":{},"branchMap":{},"s":{},"f":{},"b":{}}
,"/Users/vibhorgupta/Desktop/ashwatthatree/Medmind/src/app/profile/notifications.tsx": {"path":"/Users/vibhorgupta/Desktop/ashwatthatree/Medmind/src/app/profile/notifications.tsx","statementMap":{},"fnMap":{},"branchMap":{},"s":{},"f":{},"b":{}}
,"/Users/vibhorgupta/Desktop/ashwatthatree/Medmind/src/app/profile/personal-info.tsx": {"path":"/Users/vibhorgupta/Desktop/ashwatthatree/Medmind/src/app/profile/personal-info.tsx","statementMap":{},"fnMap":{},"branchMap":{},"s":{},"f":{},"b":{}}
,"/Users/vibhorgupta/Desktop/ashwatthatree/Medmind/src/app/profile/privacy.tsx": {"path":"/Users/vibhorgupta/Desktop/ashwatthatree/Medmind/src/app/profile/privacy.tsx","statementMap":{},"fnMap":{},"branchMap":{},"s":{},"f":{},"b":{}}
,"/Users/vibhorgupta/Desktop/ashwatthatree/Medmind/src/components/TailwindTest.tsx": {"path":"/Users/vibhorgupta/Desktop/ashwatthatree/Medmind/src/components/TailwindTest.tsx","statementMap":{"0":{"start":{"line":4,"column":28},"end":{"line":12,"column":1}},"1":{"start":{"line":5,"column":4},"end":{"line":11,"column":6}}},"fnMap":{"0":{"name":"(anonymous_0)","decl":{"start":{"line":4,"column":28},"end":{"line":4,"column":29}},"loc":{"start":{"line":4,"column":34},"end":{"line":12,"column":1}},"line":4}},"branchMap":{},"s":{"0":0,"1":0},"f":{"0":0},"b":{}}
,"/Users/vibhorgupta/Desktop/ashwatthatree/Medmind/src/components/about/AboutHeader.tsx": {"path":"/Users/vibhorgupta/Desktop/ashwatthatree/Medmind/src/components/about/AboutHeader.tsx","statementMap":{"0":{"start":{"line":13,"column":55},"end":{"line":39,"column":1}},"1":{"start":{"line":20,"column":4},"end":{"line":38,"column":6}}},"fnMap":{"0":{"name":"(anonymous_0)","decl":{"start":{"line":13,"column":55},"end":{"line":13,"column":56}},"loc":{"start":{"line":19,"column":6},"end":{"line":39,"column":1}},"line":19}},"branchMap":{"0":{"loc":{"start":{"line":17,"column":4},"end":{"line":17,"column":22}},"type":"default-arg","locations":[{"start":{"line":17,"column":13},"end":{"line":17,"column":22}}],"line":17},"1":{"loc":{"start":{"line":23,"column":13},"end":{"line":30,"column":13}},"type":"binary-expr","locations":[{"start":{"line":23,"column":13},"end":{"line":23,"column":17}},{"start":{"line":24,"column":16},"end":{"line":29,"column":23}}],"line":23}},"s":{"0":1,"1":0},"f":{"0":0},"b":{"0":[0],"1":[0,0]},"_coverageSchema":"1a1c01bbd47fc00a2c39e90264f33305004495a9","hash":"0dc897da94b04208ba6c296f2c1a04becc7d41d9"}
,"/Users/vibhorgupta/Desktop/ashwatthatree/Medmind/src/components/about/MissionStatement.tsx": {"path":"/Users/vibhorgupta/Desktop/ashwatthatree/Medmind/src/components/about/MissionStatement.tsx","statementMap":{"0":{"start":{"line":10,"column":65},"end":{"line":21,"column":1}},"1":{"start":{"line":14,"column":4},"end":{"line":20,"column":6}}},"fnMap":{"0":{"name":"(anonymous_0)","decl":{"start":{"line":10,"column":65},"end":{"line":10,"column":66}},"loc":{"start":{"line":13,"column":6},"end":{"line":21,"column":1}},"line":13}},"branchMap":{},"s":{"0":1,"1":0},"f":{"0":0},"b":{},"_coverageSchema":"1a1c01bbd47fc00a2c39e90264f33305004495a9","hash":"27542918a9e8fed9a60255870ff0486c0bf0f287"}
,"/Users/vibhorgupta/Desktop/ashwatthatree/Medmind/src/components/alert/AdviceCard.tsx": {"path":"/Users/vibhorgupta/Desktop/ashwatthatree/Medmind/src/components/alert/AdviceCard.tsx","statementMap":{"0":{"start":{"line":17,"column":53},"end":{"line":122,"column":1}},"1":{"start":{"line":27,"column":29},"end":{"line":54,"column":5}},"2":{"start":{"line":28,"column":8},"end":{"line":53,"column":9}},"3":{"start":{"line":30,"column":16},"end":{"line":34,"column":18}},"4":{"start":{"line":36,"column":16},"end":{"line":40,"column":18}},"5":{"start":{"line":42,"column":16},"end":{"line":46,"column":18}},"6":{"start":{"line":48,"column":16},"end":{"line":52,"column":18}},"7":{"start":{"line":56,"column":19},"end":{"line":56,"column":37}},"8":{"start":{"line":58,"column":24},"end":{"line":71,"column":5}},"9":{"start":{"line":59,"column":8},"end":{"line":70,"column":9}},"10":{"start":{"line":61,"column":16},"end":{"line":61,"column":54}},"11":{"start":{"line":63,"column":16},"end":{"line":63,"column":62}},"12":{"start":{"line":65,"column":16},"end":{"line":65,"column":65}},"13":{"start":{"line":67,"column":16},"end":{"line":67,"column":67}},"14":{"start":{"line":69,"column":16},"end":{"line":69,"column":28}},"15":{"start":{"line":73,"column":21},"end":{"line":73,"column":34}},"16":{"start":{"line":75,"column":4},"end":{"line":121,"column":6}}},"fnMap":{"0":{"name":"(anonymous_0)","decl":{"start":{"line":17,"column":53},"end":{"line":17,"column":54}},"loc":{"start":{"line":26,"column":6},"end":{"line":122,"column":1}},"line":26},"1":{"name":"(anonymous_1)","decl":{"start":{"line":27,"column":29},"end":{"line":27,"column":30}},"loc":{"start":{"line":27,"column":35},"end":{"line":54,"column":5}},"line":27},"2":{"name":"(anonymous_2)","decl":{"start":{"line":58,"column":24},"end":{"line":58,"column":25}},"loc":{"start":{"line":58,"column":30},"end":{"line":71,"column":5}},"line":58}},"branchMap":{"0":{"loc":{"start":{"line":20,"column":4},"end":{"line":20,"column":20}},"type":"default-arg","locations":[{"start":{"line":20,"column":14},"end":{"line":20,"column":20}}],"line":20},"1":{"loc":{"start":{"line":28,"column":8},"end":{"line":53,"column":9}},"type":"switch","locations":[{"start":{"line":29,"column":12},"end":{"line":34,"column":18}},{"start":{"line":35,"column":12},"end":{"line":40,"column":18}},{"start":{"line":41,"column":12},"end":{"line":46,"column":18}},{"start":{"line":47,"column":12},"end":{"line":52,"column":18}}],"line":28},"2":{"loc":{"start":{"line":59,"column":8},"end":{"line":70,"column":9}},"type":"switch","locations":[{"start":{"line":60,"column":12},"end":{"line":61,"column":54}},{"start":{"line":62,"column":12},"end":{"line":63,"column":62}},{"start":{"line":64,"column":12},"end":{"line":65,"column":65}},{"start":{"line":66,"column":12},"end":{"line":67,"column":67}},{"start":{"line":68,"column":12},"end":{"line":69,"column":28}}],"line":59},"3":{"loc":{"start":{"line":97,"column":13},"end":{"line":106,"column":13}},"type":"binary-expr","locations":[{"start":{"line":97,"column":14},"end":{"line":97,"column":22}},{"start":{"line":97,"column":26},"end":{"line":97,"column":34}},{"start":{"line":98,"column":16},"end":{"line":105,"column":23}}],"line":97},"4":{"loc":{"start":{"line":103,"column":25},"end":{"line":103,"column":45}},"type":"binary-expr","locations":[{"start":{"line":103,"column":25},"end":{"line":103,"column":33}},{"start":{"line":103,"column":37},"end":{"line":103,"column":45}}],"line":103},"5":{"loc":{"start":{"line":108,"column":13},"end":{"line":119,"column":13}},"type":"binary-expr","locations":[{"start":{"line":108,"column":13},"end":{"line":108,"column":21}},{"start":{"line":108,"column":25},"end":{"line":108,"column":36}},{"start":{"line":109,"column":16},"end":{"line":118,"column":35}}],"line":108}},"s":{"0":1,"1":0,"2":0,"3":0,"4":0,"5":0,"6":0,"7":0,"8":0,"9":0,"10":0,"11":0,"12":0,"13":0,"14":0,"15":0,"16":0},"f":{"0":0,"1":0,"2":0},"b":{"0":[0],"1":[0,0,0,0],"2":[0,0,0,0,0],"3":[0,0,0],"4":[0,0],"5":[0,0,0]},"_coverageSchema":"1a1c01bbd47fc00a2c39e90264f33305004495a9","hash":"28dd5aafb8bffd75b28164deea521bbb54c6107d"}
,"/Users/vibhorgupta/Desktop/ashwatthatree/Medmind/src/components/alert/AlertBanner.tsx": {"path":"/Users/vibhorgupta/Desktop/ashwatthatree/Medmind/src/components/alert/AlertBanner.tsx","statementMap":{"0":{"start":{"line":14,"column":55},"end":{"line":94,"column":1}},"1":{"start":{"line":22,"column":23},"end":{"line":51,"column":5}},"2":{"start":{"line":53,"column":19},"end":{"line":53,"column":35}},"3":{"start":{"line":55,"column":4},"end":{"line":93,"column":6}}},"fnMap":{"0":{"name":"(anonymous_0)","decl":{"start":{"line":14,"column":55},"end":{"line":14,"column":56}},"loc":{"start":{"line":21,"column":6},"end":{"line":94,"column":1}},"line":21}},"branchMap":{"0":{"loc":{"start":{"line":18,"column":4},"end":{"line":18,"column":20}},"type":"default-arg","locations":[{"start":{"line":18,"column":11},"end":{"line":18,"column":20}}],"line":18},"1":{"loc":{"start":{"line":73,"column":25},"end":{"line":73,"column":51}},"type":"binary-expr","locations":[{"start":{"line":73,"column":25},"end":{"line":73,"column":29}},{"start":{"line":73,"column":33},"end":{"line":73,"column":51}}],"line":73},"2":{"loc":{"start":{"line":86,"column":17},"end":{"line":90,"column":17}},"type":"binary-expr","locations":[{"start":{"line":86,"column":17},"end":{"line":86,"column":24}},{"start":{"line":87,"column":20},"end":{"line":89,"column":39}}],"line":86}},"s":{"0":1,"1":0,"2":0,"3":0},"f":{"0":0},"b":{"0":[0],"1":[0,0],"2":[0,0]},"_coverageSchema":"1a1c01bbd47fc00a2c39e90264f33305004495a9","hash":"372f3e551ff2f47237206e42735a3e1b384a7fd4"}
,"/Users/vibhorgupta/Desktop/ashwatthatree/Medmind/src/components/alert/CriticalInteractionAlert.tsx": {"path":"/Users/vibhorgupta/Desktop/ashwatthatree/Medmind/src/components/alert/CriticalInteractionAlert.tsx","statementMap":{"0":{"start":{"line":26,"column":81},"end":{"line":188,"column":1}},"1":{"start":{"line":38,"column":44},"end":{"line":38,"column":59}},"2":{"start":{"line":39,"column":22},"end":{"line":39,"column":39}},"3":{"start":{"line":41,"column":4},"end":{"line":52,"column":28}},"4":{"start":{"line":42,"column":8},"end":{"line":51,"column":9}},"5":{"start":{"line":43,"column":12},"end":{"line":50,"column":14}},"6":{"start":{"line":54,"column":26},"end":{"line":56,"column":7}},"7":{"start":{"line":54,"column":50},"end":{"line":56,"column":5}},"8":{"start":{"line":58,"column":29},"end":{"line":66,"column":5}},"9":{"start":{"line":59,"column":8},"end":{"line":65,"column":9}},"10":{"start":{"line":60,"column":12},"end":{"line":62,"column":15}},"11":{"start":{"line":61,"column":16},"end":{"line":61,"column":68}},"12":{"start":{"line":64,"column":12},"end":{"line":64,"column":83}},"13":{"start":{"line":68,"column":30},"end":{"line":86,"column":5}},"14":{"start":{"line":69,"column":8},"end":{"line":85,"column":9}},"15":{"start":{"line":70,"column":12},"end":{"line":84,"column":14}},"16":{"start":{"line":79,"column":28},"end":{"line":79,"column":50}},"17":{"start":{"line":80,"column":28},"end":{"line":80,"column":44}},"18":{"start":{"line":88,"column":29},"end":{"line":99,"column":5}},"19":{"start":{"line":89,"column":8},"end":{"line":98,"column":9}},"20":{"start":{"line":91,"column":16},"end":{"line":91,"column":33}},"21":{"start":{"line":93,"column":16},"end":{"line":93,"column":33}},"22":{"start":{"line":95,"column":16},"end":{"line":95,"column":33}},"23":{"start":{"line":97,"column":16},"end":{"line":97,"column":33}},"24":{"start":{"line":101,"column":4},"end":{"line":101,"column":30}},"25":{"start":{"line":101,"column":18},"end":{"line":101,"column":30}},"26":{"start":{"line":103,"column":4},"end":{"line":187,"column":6}},"27":{"start":{"line":136,"column":32},"end":{"line":139,"column":39}},"28":{"start":{"line":190,"column":15},"end":{"line":323,"column":2}}},"fnMap":{"0":{"name":"(anonymous_0)","decl":{"start":{"line":26,"column":81},"end":{"line":26,"column":82}},"loc":{"start":{"line":37,"column":6},"end":{"line":188,"column":1}},"line":37},"1":{"name":"(anonymous_1)","decl":{"start":{"line":41,"column":14},"end":{"line":41,"column":15}},"loc":{"start":{"line":41,"column":20},"end":{"line":52,"column":5}},"line":41},"2":{"name":"(anonymous_2)","decl":{"start":{"line":54,"column":43},"end":{"line":54,"column":44}},"loc":{"start":{"line":54,"column":50},"end":{"line":56,"column":5}},"line":54},"3":{"name":"(anonymous_3)","decl":{"start":{"line":58,"column":29},"end":{"line":58,"column":30}},"loc":{"start":{"line":58,"column":35},"end":{"line":66,"column":5}},"line":58},"4":{"name":"(anonymous_4)","decl":{"start":{"line":60,"column":56},"end":{"line":60,"column":57}},"loc":{"start":{"line":60,"column":62},"end":{"line":62,"column":13}},"line":60},"5":{"name":"(anonymous_5)","decl":{"start":{"line":68,"column":30},"end":{"line":68,"column":31}},"loc":{"start":{"line":68,"column":36},"end":{"line":86,"column":5}},"line":68},"6":{"name":"(anonymous_6)","decl":{"start":{"line":78,"column":33},"end":{"line":78,"column":34}},"loc":{"start":{"line":78,"column":39},"end":{"line":81,"column":25}},"line":78},"7":{"name":"(anonymous_7)","decl":{"start":{"line":88,"column":29},"end":{"line":88,"column":30}},"loc":{"start":{"line":88,"column":35},"end":{"line":99,"column":5}},"line":88},"8":{"name":"(anonymous_8)","decl":{"start":{"line":135,"column":49},"end":{"line":135,"column":50}},"loc":{"start":{"line":136,"column":32},"end":{"line":139,"column":39}},"line":136}},"branchMap":{"0":{"loc":{"start":{"line":31,"column":4},"end":{"line":31,"column":33}},"type":"default-arg","locations":[{"start":{"line":31,"column":22},"end":{"line":31,"column":33}}],"line":31},"1":{"loc":{"start":{"line":33,"column":4},"end":{"line":33,"column":24}},"type":"default-arg","locations":[{"start":{"line":33,"column":22},"end":{"line":33,"column":24}}],"line":33},"2":{"loc":{"start":{"line":42,"column":8},"end":{"line":51,"column":9}},"type":"if","locations":[{"start":{"line":42,"column":8},"end":{"line":51,"column":9}},{"start":{},"end":{}}],"line":42},"3":{"loc":{"start":{"line":42,"column":12},"end":{"line":42,"column":46}},"type":"binary-expr","locations":[{"start":{"line":42,"column":12},"end":{"line":42,"column":19}},{"start":{"line":42,"column":23},"end":{"line":42,"column":46}}],"line":42},"4":{"loc":{"start":{"line":59,"column":8},"end":{"line":65,"column":9}},"type":"if","locations":[{"start":{"line":59,"column":8},"end":{"line":65,"column":9}},{"start":{"line":63,"column":15},"end":{"line":65,"column":9}}],"line":59},"5":{"loc":{"start":{"line":69,"column":8},"end":{"line":85,"column":9}},"type":"if","locations":[{"start":{"line":69,"column":8},"end":{"line":85,"column":9}},{"start":{},"end":{}}],"line":69},"6":{"loc":{"start":{"line":89,"column":8},"end":{"line":98,"column":9}},"type":"switch","locations":[{"start":{"line":90,"column":12},"end":{"line":91,"column":33}},{"start":{"line":92,"column":12},"end":{"line":93,"column":33}},{"start":{"line":94,"column":12},"end":{"line":95,"column":33}},{"start":{"line":96,"column":12},"end":{"line":97,"column":33}}],"line":89},"7":{"loc":{"start":{"line":101,"column":4},"end":{"line":101,"column":30}},"type":"if","locations":[{"start":{"line":101,"column":4},"end":{"line":101,"column":30}},{"start":{},"end":{}}],"line":101},"8":{"loc":{"start":{"line":122,"column":21},"end":{"line":127,"column":21}},"type":"binary-expr","locations":[{"start":{"line":122,"column":21},"end":{"line":122,"column":35}},{"start":{"line":123,"column":24},"end":{"line":126,"column":31}}],"line":122},"9":{"loc":{"start":{"line":132,"column":21},"end":{"line":142,"column":21}},"type":"binary-expr","locations":[{"start":{"line":132,"column":21},"end":{"line":132,"column":47}},{"start":{"line":133,"column":24},"end":{"line":141,"column":31}}],"line":132},"10":{"loc":{"start":{"line":146,"column":25},"end":{"line":154,"column":25}},"type":"binary-expr","locations":[{"start":{"line":146,"column":25},"end":{"line":146,"column":36}},{"start":{"line":147,"column":28},"end":{"line":153,"column":47}}],"line":146},"11":{"loc":{"start":{"line":161,"column":29},"end":{"line":173,"column":29}},"type":"cond-expr","locations":[{"start":{"line":162,"column":32},"end":{"line":167,"column":35}},{"start":{"line":169,"column":32},"end":{"line":172,"column":35}}],"line":161}},"s":{"0":1,"1":0,"2":0,"3":0,"4":0,"5":0,"6":0,"7":0,"8":0,"9":0,"10":0,"11":0,"12":0,"13":0,"14":0,"15":0,"16":0,"17":0,"18":0,"19":0,"20":0,"21":0,"22":0,"23":0,"24":0,"25":0,"26":0,"27":0,"28":1},"f":{"0":0,"1":0,"2":0,"3":0,"4":0,"5":0,"6":0,"7":0,"8":0},"b":{"0":[0],"1":[0],"2":[0,0],"3":[0,0],"4":[0,0],"5":[0,0],"6":[0,0,0,0],"7":[0,0],"8":[0,0],"9":[0,0],"10":[0,0],"11":[0,0]},"_coverageSchema":"1a1c01bbd47fc00a2c39e90264f33305004495a9","hash":"7d5601d927e83fe98481cdf2745b53ac4807c58d"}
,"/Users/vibhorgupta/Desktop/ashwatthatree/Medmind/src/components/alert/ExpandableWarningCard.tsx": {"path":"/Users/vibhorgupta/Desktop/ashwatthatree/Medmind/src/components/alert/ExpandableWarningCard.tsx","statementMap":{"0":{"start":{"line":14,"column":75},"end":{"line":60,"column":1}},"1":{"start":{"line":21,"column":40},"end":{"line":21,"column":55}},"2":{"start":{"line":23,"column":20},"end":{"line":23,"column":70}},"3":{"start":{"line":24,"column":24},"end":{"line":24,"column":82}},"4":{"start":{"line":25,"column":22},"end":{"line":25,"column":62}},"5":{"start":{"line":27,"column":4},"end":{"line":59,"column":6}},"6":{"start":{"line":46,"column":31},"end":{"line":46,"column":57}}},"fnMap":{"0":{"name":"(anonymous_0)","decl":{"start":{"line":14,"column":75},"end":{"line":14,"column":76}},"loc":{"start":{"line":20,"column":6},"end":{"line":60,"column":1}},"line":20},"1":{"name":"(anonymous_1)","decl":{"start":{"line":46,"column":25},"end":{"line":46,"column":26}},"loc":{"start":{"line":46,"column":31},"end":{"line":46,"column":57}},"line":46}},"branchMap":{"0":{"loc":{"start":{"line":18,"column":4},"end":{"line":18,"column":20}},"type":"default-arg","locations":[{"start":{"line":18,"column":11},"end":{"line":18,"column":20}}],"line":18},"1":{"loc":{"start":{"line":19,"column":4},"end":{"line":19,"column":18}},"type":"default-arg","locations":[{"start":{"line":19,"column":16},"end":{"line":19,"column":18}}],"line":19},"2":{"loc":{"start":{"line":23,"column":20},"end":{"line":23,"column":70}},"type":"cond-expr","locations":[{"start":{"line":23,"column":39},"end":{"line":23,"column":53}},{"start":{"line":23,"column":56},"end":{"line":23,"column":70}}],"line":23},"3":{"loc":{"start":{"line":24,"column":24},"end":{"line":24,"column":82}},"type":"cond-expr","locations":[{"start":{"line":24,"column":43},"end":{"line":24,"column":61}},{"start":{"line":24,"column":64},"end":{"line":24,"column":82}}],"line":24},"4":{"loc":{"start":{"line":25,"column":22},"end":{"line":25,"column":62}},"type":"cond-expr","locations":[{"start":{"line":25,"column":41},"end":{"line":25,"column":50}},{"start":{"line":25,"column":53},"end":{"line":25,"column":62}}],"line":25},"5":{"loc":{"start":{"line":39,"column":13},"end":{"line":43,"column":13}},"type":"binary-expr","locations":[{"start":{"line":39,"column":13},"end":{"line":39,"column":23}},{"start":{"line":40,"column":16},"end":{"line":42,"column":23}}],"line":39},"6":{"loc":{"start":{"line":50,"column":21},"end":{"line":50,"column":66}},"type":"cond-expr","locations":[{"start":{"line":50,"column":34},"end":{"line":50,"column":45}},{"start":{"line":50,"column":48},"end":{"line":50,"column":66}}],"line":50},"7":{"loc":{"start":{"line":53,"column":26},"end":{"line":53,"column":68}},"type":"cond-expr","locations":[{"start":{"line":53,"column":39},"end":{"line":53,"column":51}},{"start":{"line":53,"column":54},"end":{"line":53,"column":68}}],"line":53}},"s":{"0":1,"1":0,"2":0,"3":0,"4":0,"5":0,"6":0},"f":{"0":0,"1":0},"b":{"0":[0],"1":[0],"2":[0,0],"3":[0,0],"4":[0,0],"5":[0,0],"6":[0,0],"7":[0,0]},"_coverageSchema":"1a1c01bbd47fc00a2c39e90264f33305004495a9","hash":"ac834f8e8a5634f5eb5231f1f6bd0f325bf643ce"}
,"/Users/vibhorgupta/Desktop/ashwatthatree/Medmind/src/components/alert/InsightBanner.tsx": {"path":"/Users/vibhorgupta/Desktop/ashwatthatree/Medmind/src/components/alert/InsightBanner.tsx","statementMap":{"0":{"start":{"line":12,"column":59},"end":{"line":41,"column":1}},"1":{"start":{"line":18,"column":4},"end":{"line":40,"column":6}}},"fnMap":{"0":{"name":"(anonymous_0)","decl":{"start":{"line":12,"column":59},"end":{"line":12,"column":60}},"loc":{"start":{"line":17,"column":6},"end":{"line":41,"column":1}},"line":17}},"branchMap":{},"s":{"0":1,"1":0},"f":{"0":0},"b":{},"_coverageSchema":"1a1c01bbd47fc00a2c39e90264f33305004495a9","hash":"83b0031ef7e5425be625af362921386f987639a8"}
,"/Users/vibhorgupta/Desktop/ashwatthatree/Medmind/src/components/alert/OfflineBanner.tsx": {"path":"/Users/vibhorgupta/Desktop/ashwatthatree/Medmind/src/components/alert/OfflineBanner.tsx","statementMap":{"0":{"start":{"line":12,"column":59},"end":{"line":39,"column":1}},"1":{"start":{"line":18,"column":4},"end":{"line":38,"column":6}}},"fnMap":{"0":{"name":"(anonymous_0)","decl":{"start":{"line":12,"column":59},"end":{"line":12,"column":60}},"loc":{"start":{"line":17,"column":6},"end":{"line":39,"column":1}},"line":17}},"branchMap":{},"s":{"0":1,"1":0},"f":{"0":0},"b":{},"_coverageSchema":"1a1c01bbd47fc00a2c39e90264f33305004495a9","hash":"052fedb453fec360caa880263977dd1e16c132c8"}
,"/Users/vibhorgupta/Desktop/ashwatthatree/Medmind/src/components/analytics/MedicationBreakdown.tsx": {"path":"/Users/vibhorgupta/Desktop/ashwatthatree/Medmind/src/components/analytics/MedicationBreakdown.tsx","statementMap":{"0":{"start":{"line":17,"column":71},"end":{"line":55,"column":1}},"1":{"start":{"line":18,"column":4},"end":{"line":18,"column":39}},"2":{"start":{"line":18,"column":27},"end":{"line":18,"column":39}},"3":{"start":{"line":20,"column":4},"end":{"line":54,"column":6}},"4":{"start":{"line":24,"column":16},"end":{"line":51,"column":23}},"5":{"start":{"line":57,"column":15},"end":{"line":115,"column":2}}},"fnMap":{"0":{"name":"(anonymous_0)","decl":{"start":{"line":17,"column":71},"end":{"line":17,"column":72}},"loc":{"start":{"line":17,"column":85},"end":{"line":55,"column":1}},"line":17},"1":{"name":"(anonymous_1)","decl":{"start":{"line":23,"column":22},"end":{"line":23,"column":23}},"loc":{"start":{"line":24,"column":16},"end":{"line":51,"column":23}},"line":24}},"branchMap":{"0":{"loc":{"start":{"line":18,"column":4},"end":{"line":18,"column":39}},"type":"if","locations":[{"start":{"line":18,"column":4},"end":{"line":18,"column":39}},{"start":{},"end":{}}],"line":18},"1":{"loc":{"start":{"line":29,"column":28},"end":{"line":31,"column":56}},"type":"cond-expr","locations":[{"start":{"line":29,"column":50},"end":{"line":29,"column":70}},{"start":{"line":30,"column":32},"end":{"line":31,"column":56}}],"line":29},"2":{"loc":{"start":{"line":30,"column":32},"end":{"line":31,"column":56}},"type":"cond-expr","locations":[{"start":{"line":30,"column":54},"end":{"line":30,"column":77}},{"start":{"line":31,"column":36},"end":{"line":31,"column":56}}],"line":30},"3":{"loc":{"start":{"line":42,"column":53},"end":{"line":43,"column":106}},"type":"cond-expr","locations":[{"start":{"line":42,"column":75},"end":{"line":42,"column":94}},{"start":{"line":43,"column":40},"end":{"line":43,"column":106}}],"line":42},"4":{"loc":{"start":{"line":43,"column":40},"end":{"line":43,"column":106}},"type":"cond-expr","locations":[{"start":{"line":43,"column":62},"end":{"line":43,"column":83}},{"start":{"line":43,"column":86},"end":{"line":43,"column":106}}],"line":43}},"s":{"0":0,"1":0,"2":0,"3":0,"4":0,"5":0},"f":{"0":0,"1":0},"b":{"0":[0,0],"1":[0,0],"2":[0,0],"3":[0,0],"4":[0,0]}}
,"/Users/vibhorgupta/Desktop/ashwatthatree/Medmind/src/components/analytics/PeriodSelector.tsx": {"path":"/Users/vibhorgupta/Desktop/ashwatthatree/Medmind/src/components/analytics/PeriodSelector.tsx","statementMap":{"0":{"start":{"line":13,"column":61},"end":{"line":42,"column":1}},"1":{"start":{"line":14,"column":60},"end":{"line":19,"column":5}},"2":{"start":{"line":21,"column":4},"end":{"line":41,"column":6}},"3":{"start":{"line":24,"column":16},"end":{"line":38,"column":35}},"4":{"start":{"line":26,"column":35},"end":{"line":26,"column":63}},"5":{"start":{"line":44,"column":15},"end":{"line":72,"column":2}}},"fnMap":{"0":{"name":"(anonymous_0)","decl":{"start":{"line":13,"column":61},"end":{"line":13,"column":62}},"loc":{"start":{"line":13,"column":101},"end":{"line":42,"column":1}},"line":13},"1":{"name":"(anonymous_1)","decl":{"start":{"line":23,"column":25},"end":{"line":23,"column":26}},"loc":{"start":{"line":24,"column":16},"end":{"line":38,"column":35}},"line":24},"2":{"name":"(anonymous_2)","decl":{"start":{"line":26,"column":29},"end":{"line":26,"column":30}},"loc":{"start":{"line":26,"column":35},"end":{"line":26,"column":63}},"line":26}},"branchMap":{"0":{"loc":{"start":{"line":29,"column":24},"end":{"line":29,"column":84}},"type":"binary-expr","locations":[{"start":{"line":29,"column":24},"end":{"line":29,"column":55}},{"start":{"line":29,"column":59},"end":{"line":29,"column":84}}],"line":29},"1":{"loc":{"start":{"line":34,"column":24},"end":{"line":34,"column":82}},"type":"binary-expr","locations":[{"start":{"line":34,"column":24},"end":{"line":34,"column":55}},{"start":{"line":34,"column":59},"end":{"line":34,"column":82}}],"line":34}},"s":{"0":0,"1":0,"2":0,"3":0,"4":0,"5":0},"f":{"0":0,"1":0,"2":0},"b":{"0":[0,0],"1":[0,0]}}
,"/Users/vibhorgupta/Desktop/ashwatthatree/Medmind/src/components/analytics/QuickStats.tsx": {"path":"/Users/vibhorgupta/Desktop/ashwatthatree/Medmind/src/components/analytics/QuickStats.tsx","statementMap":{"0":{"start":{"line":13,"column":53},"end":{"line":34,"column":1}},"1":{"start":{"line":14,"column":4},"end":{"line":33,"column":6}},"2":{"start":{"line":36,"column":15},"end":{"line":70,"column":2}}},"fnMap":{"0":{"name":"(anonymous_0)","decl":{"start":{"line":13,"column":53},"end":{"line":13,"column":54}},"loc":{"start":{"line":13,"column":95},"end":{"line":34,"column":1}},"line":13}},"branchMap":{},"s":{"0":0,"1":0,"2":0},"f":{"0":0},"b":{}}
,"/Users/vibhorgupta/Desktop/ashwatthatree/Medmind/src/components/auth/ActionSuccessState.tsx": {"path":"/Users/vibhorgupta/Desktop/ashwatthatree/Medmind/src/components/auth/ActionSuccessState.tsx","statementMap":{"0":{"start":{"line":16,"column":69},"end":{"line":63,"column":1}},"1":{"start":{"line":23,"column":4},"end":{"line":62,"column":6}}},"fnMap":{"0":{"name":"(anonymous_0)","decl":{"start":{"line":16,"column":69},"end":{"line":16,"column":70}},"loc":{"start":{"line":22,"column":6},"end":{"line":63,"column":1}},"line":22}},"branchMap":{"0":{"loc":{"start":{"line":46,"column":13},"end":{"line":50,"column":13}},"type":"binary-expr","locations":[{"start":{"line":46,"column":13},"end":{"line":46,"column":23}},{"start":{"line":47,"column":16},"end":{"line":49,"column":23}}],"line":46}},"s":{"0":1,"1":0},"f":{"0":0},"b":{"0":[0,0]},"_coverageSchema":"1a1c01bbd47fc00a2c39e90264f33305004495a9","hash":"942b6ee0e79adae9ffe2985bd266cbd68066b053"}
,"/Users/vibhorgupta/Desktop/ashwatthatree/Medmind/src/components/auth/AuthGate.tsx": {"path":"/Users/vibhorgupta/Desktop/ashwatthatree/Medmind/src/components/auth/AuthGate.tsx","statementMap":{"0":{"start":{"line":9,"column":48},"end":{"line":9,"column":60}},"1":{"start":{"line":10,"column":50},"end":{"line":10,"column":65}},"2":{"start":{"line":11,"column":40},"end":{"line":11,"column":54}},"3":{"start":{"line":13,"column":4},"end":{"line":17,"column":45}},"4":{"start":{"line":14,"column":8},"end":{"line":16,"column":9}},"5":{"start":{"line":15,"column":12},"end":{"line":15,"column":24}},"6":{"start":{"line":19,"column":22},"end":{"line":31,"column":5}},"7":{"start":{"line":20,"column":8},"end":{"line":24,"column":9}},"8":{"start":{"line":21,"column":12},"end":{"line":21,"column":37}},"9":{"start":{"line":22,"column":12},"end":{"line":22,"column":33}},"10":{"start":{"line":23,"column":12},"end":{"line":23,"column":19}},"11":{"start":{"line":26,"column":24},"end":{"line":26,"column":44}},"12":{"start":{"line":27,"column":8},"end":{"line":29,"column":9}},"13":{"start":{"line":28,"column":12},"end":{"line":28,"column":37}},"14":{"start":{"line":30,"column":8},"end":{"line":30,"column":29}},"15":{"start":{"line":33,"column":24},"end":{"line":40,"column":5}},"16":{"start":{"line":34,"column":8},"end":{"line":34,"column":28}},"17":{"start":{"line":35,"column":24},"end":{"line":35,"column":44}},"18":{"start":{"line":36,"column":8},"end":{"line":38,"column":9}},"19":{"start":{"line":37,"column":12},"end":{"line":37,"column":37}},"20":{"start":{"line":39,"column":8},"end":{"line":39,"column":29}},"21":{"start":{"line":42,"column":4},"end":{"line":48,"column":5}},"22":{"start":{"line":43,"column":8},"end":{"line":47,"column":10}},"23":{"start":{"line":50,"column":4},"end":{"line":66,"column":5}},"24":{"start":{"line":51,"column":8},"end":{"line":65,"column":10}},"25":{"start":{"line":68,"column":4},"end":{"line":68,"column":27}},"26":{"start":{"line":71,"column":15},"end":{"line":114,"column":2}}},"fnMap":{"0":{"name":"AuthGate","decl":{"start":{"line":8,"column":16},"end":{"line":8,"column":24}},"loc":{"start":{"line":8,"column":70},"end":{"line":69,"column":1}},"line":8},"1":{"name":"(anonymous_1)","decl":{"start":{"line":13,"column":14},"end":{"line":13,"column":15}},"loc":{"start":{"line":13,"column":20},"end":{"line":17,"column":5}},"line":13},"2":{"name":"(anonymous_2)","decl":{"start":{"line":19,"column":22},"end":{"line":19,"column":23}},"loc":{"start":{"line":19,"column":34},"end":{"line":31,"column":5}},"line":19},"3":{"name":"(anonymous_3)","decl":{"start":{"line":33,"column":24},"end":{"line":33,"column":25}},"loc":{"start":{"line":33,"column":36},"end":{"line":40,"column":5}},"line":33}},"branchMap":{"0":{"loc":{"start":{"line":14,"column":8},"end":{"line":16,"column":9}},"type":"if","locations":[{"start":{"line":14,"column":8},"end":{"line":16,"column":9}},{"start":{},"end":{}}],"line":14},"1":{"loc":{"start":{"line":20,"column":8},"end":{"line":24,"column":9}},"type":"if","locations":[{"start":{"line":20,"column":8},"end":{"line":24,"column":9}},{"start":{},"end":{}}],"line":20},"2":{"loc":{"start":{"line":27,"column":8},"end":{"line":29,"column":9}},"type":"if","locations":[{"start":{"line":27,"column":8},"end":{"line":29,"column":9}},{"start":{},"end":{}}],"line":27},"3":{"loc":{"start":{"line":36,"column":8},"end":{"line":38,"column":9}},"type":"if","locations":[{"start":{"line":36,"column":8},"end":{"line":38,"column":9}},{"start":{},"end":{}}],"line":36},"4":{"loc":{"start":{"line":42,"column":4},"end":{"line":48,"column":5}},"type":"if","locations":[{"start":{"line":42,"column":4},"end":{"line":48,"column":5}},{"start":{},"end":{}}],"line":42},"5":{"loc":{"start":{"line":42,"column":8},"end":{"line":42,"column":29}},"type":"binary-expr","locations":[{"start":{"line":42,"column":8},"end":{"line":42,"column":15}},{"start":{"line":42,"column":19},"end":{"line":42,"column":29}}],"line":42},"6":{"loc":{"start":{"line":50,"column":4},"end":{"line":66,"column":5}},"type":"if","locations":[{"start":{"line":50,"column":4},"end":{"line":66,"column":5}},{"start":{},"end":{}}],"line":50},"7":{"loc":{"start":{"line":50,"column":8},"end":{"line":50,"column":53}},"type":"binary-expr","locations":[{"start":{"line":50,"column":8},"end":{"line":50,"column":24}},{"start":{"line":50,"column":28},"end":{"line":50,"column":53}}],"line":50}},"s":{"0":0,"1":0,"2":0,"3":0,"4":0,"5":0,"6":0,"7":0,"8":0,"9":0,"10":0,"11":0,"12":0,"13":0,"14":0,"15":0,"16":0,"17":0,"18":0,"19":0,"20":0,"21":0,"22":0,"23":0,"24":0,"25":0,"26":0},"f":{"0":0,"1":0,"2":0,"3":0},"b":{"0":[0,0],"1":[0,0],"2":[0,0],"3":[0,0],"4":[0,0],"5":[0,0],"6":[0,0],"7":[0,0]}}
,"/Users/vibhorgupta/Desktop/ashwatthatree/Medmind/src/components/auth/SocialButtons.tsx": {"path":"/Users/vibhorgupta/Desktop/ashwatthatree/Medmind/src/components/auth/SocialButtons.tsx","statementMap":{"0":{"start":{"line":15,"column":57},"end":{"line":43,"column":1}},"1":{"start":{"line":22,"column":4},"end":{"line":42,"column":6}},"2":{"start":{"line":51,"column":59},"end":{"line":75,"column":1}},"3":{"start":{"line":56,"column":4},"end":{"line":74,"column":6}}},"fnMap":{"0":{"name":"(anonymous_0)","decl":{"start":{"line":15,"column":57},"end":{"line":15,"column":58}},"loc":{"start":{"line":21,"column":6},"end":{"line":43,"column":1}},"line":21},"1":{"name":"(anonymous_1)","decl":{"start":{"line":51,"column":59},"end":{"line":51,"column":60}},"loc":{"start":{"line":55,"column":6},"end":{"line":75,"column":1}},"line":55}},"branchMap":{"0":{"loc":{"start":{"line":20,"column":4},"end":{"line":20,"column":22}},"type":"default-arg","locations":[{"start":{"line":20,"column":14},"end":{"line":20,"column":22}}],"line":20},"1":{"loc":{"start":{"line":28,"column":16},"end":{"line":28,"column":110}},"type":"cond-expr","locations":[{"start":{"line":28,"column":39},"end":{"line":28,"column":65}},{"start":{"line":28,"column":68},"end":{"line":28,"column":110}}],"line":28},"2":{"loc":{"start":{"line":37,"column":16},"end":{"line":37,"column":76}},"type":"cond-expr","locations":[{"start":{"line":37,"column":39},"end":{"line":37,"column":54}},{"start":{"line":37,"column":57},"end":{"line":37,"column":76}}],"line":37}},"s":{"0":1,"1":0,"2":1,"3":0},"f":{"0":0,"1":0},"b":{"0":[0],"1":[0,0],"2":[0,0]},"_coverageSchema":"1a1c01bbd47fc00a2c39e90264f33305004495a9","hash":"bc53164a3949b1f348488ca44002ab92a0347f0a"}
,"/Users/vibhorgupta/Desktop/ashwatthatree/Medmind/src/components/auth/SocialLoginButton.tsx": {"path":"/Users/vibhorgupta/Desktop/ashwatthatree/Medmind/src/components/auth/SocialLoginButton.tsx","statementMap":{"0":{"start":{"line":11,"column":67},"end":{"line":56,"column":1}},"1":{"start":{"line":16,"column":27},"end":{"line":35,"column":5}},"2":{"start":{"line":37,"column":19},"end":{"line":37,"column":43}},"3":{"start":{"line":39,"column":4},"end":{"line":55,"column":6}}},"fnMap":{"0":{"name":"(anonymous_0)","decl":{"start":{"line":11,"column":67},"end":{"line":11,"column":68}},"loc":{"start":{"line":15,"column":6},"end":{"line":56,"column":1}},"line":15}},"branchMap":{},"s":{"0":1,"1":0,"2":0,"3":0},"f":{"0":0},"b":{},"_coverageSchema":"1a1c01bbd47fc00a2c39e90264f33305004495a9","hash":"8bdf483202398455b595856500cab867e696b2df"}
,"/Users/vibhorgupta/Desktop/ashwatthatree/Medmind/src/components/banner/OfflineBanner.tsx": {"path":"/Users/vibhorgupta/Desktop/ashwatthatree/Medmind/src/components/banner/OfflineBanner.tsx","statementMap":{"0":{"start":{"line":10,"column":71},"end":{"line":30,"column":1}},"1":{"start":{"line":14,"column":4},"end":{"line":29,"column":6}}},"fnMap":{"0":{"name":"(anonymous_0)","decl":{"start":{"line":10,"column":71},"end":{"line":10,"column":72}},"loc":{"start":{"line":13,"column":6},"end":{"line":30,"column":1}},"line":13}},"branchMap":{},"s":{"0":1,"1":0},"f":{"0":0},"b":{},"_coverageSchema":"1a1c01bbd47fc00a2c39e90264f33305004495a9","hash":"91e4394d6d87eaa1516313bdb45f7dfd185a20d8"}
,"/Users/vibhorgupta/Desktop/ashwatthatree/Medmind/src/components/calendar/CalendarDay.tsx": {"path":"/Users/vibhorgupta/Desktop/ashwatthatree/Medmind/src/components/calendar/CalendarDay.tsx","statementMap":{"0":{"start":{"line":13,"column":55},"end":{"line":65,"column":1}},"1":{"start":{"line":20,"column":25},"end":{"line":25,"column":5}},"2":{"start":{"line":27,"column":23},"end":{"line":32,"column":5}},"3":{"start":{"line":34,"column":4},"end":{"line":64,"column":6}}},"fnMap":{"0":{"name":"(anonymous_0)","decl":{"start":{"line":13,"column":55},"end":{"line":13,"column":56}},"loc":{"start":{"line":19,"column":6},"end":{"line":65,"column":1}},"line":19}},"branchMap":{"0":{"loc":{"start":{"line":15,"column":4},"end":{"line":15,"column":19}},"type":"default-arg","locations":[{"start":{"line":15,"column":13},"end":{"line":15,"column":19}}],"line":15},"1":{"loc":{"start":{"line":16,"column":4},"end":{"line":16,"column":19}},"type":"default-arg","locations":[{"start":{"line":16,"column":14},"end":{"line":16,"column":19}}],"line":16},"2":{"loc":{"start":{"line":43,"column":20},"end":{"line":43,"column":45}},"type":"binary-expr","locations":[{"start":{"line":43,"column":20},"end":{"line":43,"column":27}},{"start":{"line":43,"column":31},"end":{"line":43,"column":45}}],"line":43},"3":{"loc":{"start":{"line":44,"column":20},"end":{"line":44,"column":48}},"type":"binary-expr","locations":[{"start":{"line":44,"column":20},"end":{"line":44,"column":28}},{"start":{"line":44,"column":32},"end":{"line":44,"column":48}}],"line":44},"4":{"loc":{"start":{"line":50,"column":24},"end":{"line":50,"column":65}},"type":"cond-expr","locations":[{"start":{"line":50,"column":34},"end":{"line":50,"column":46}},{"start":{"line":50,"column":49},"end":{"line":50,"column":65}}],"line":50},"5":{"loc":{"start":{"line":57,"column":13},"end":{"line":62,"column":13}},"type":"binary-expr","locations":[{"start":{"line":57,"column":13},"end":{"line":57,"column":30}},{"start":{"line":58,"column":16},"end":{"line":61,"column":18}}],"line":57}},"s":{"0":1,"1":0,"2":0,"3":0},"f":{"0":0},"b":{"0":[0],"1":[0],"2":[0,0],"3":[0,0],"4":[0,0],"5":[0,0]},"_coverageSchema":"1a1c01bbd47fc00a2c39e90264f33305004495a9","hash":"092815cc1e6fbb19930820a06fab022b44b2484f"}
,"/Users/vibhorgupta/Desktop/ashwatthatree/Medmind/src/components/calendar/CalendarHeader.tsx": {"path":"/Users/vibhorgupta/Desktop/ashwatthatree/Medmind/src/components/calendar/CalendarHeader.tsx","statementMap":{"0":{"start":{"line":13,"column":61},"end":{"line":43,"column":1}},"1":{"start":{"line":20,"column":4},"end":{"line":42,"column":6}}},"fnMap":{"0":{"name":"(anonymous_0)","decl":{"start":{"line":13,"column":61},"end":{"line":13,"column":62}},"loc":{"start":{"line":19,"column":6},"end":{"line":43,"column":1}},"line":19}},"branchMap":{},"s":{"0":1,"1":0},"f":{"0":0},"b":{},"_coverageSchema":"1a1c01bbd47fc00a2c39e90264f33305004495a9","hash":"3c3bb3600e0baa10d420d10498b26a8ef86edd08"}
,"/Users/vibhorgupta/Desktop/ashwatthatree/Medmind/src/components/camera/CustomCameraView.tsx": {"path":"/Users/vibhorgupta/Desktop/ashwatthatree/Medmind/src/components/camera/CustomCameraView.tsx","statementMap":{"0":{"start":{"line":21,"column":21},"end":{"line":21,"column":51}},"1":{"start":{"line":33,"column":28},"end":{"line":33,"column":59}},"2":{"start":{"line":34,"column":32},"end":{"line":34,"column":60}},"3":{"start":{"line":35,"column":44},"end":{"line":35,"column":66}},"4":{"start":{"line":36,"column":50},"end":{"line":36,"column":76}},"5":{"start":{"line":37,"column":54},"end":{"line":37,"column":83}},"6":{"start":{"line":38,"column":42},"end":{"line":38,"column":57}},"7":{"start":{"line":39,"column":40},"end":{"line":39,"column":71}},"8":{"start":{"line":40,"column":38},"end":{"line":40,"column":64}},"9":{"start":{"line":41,"column":28},"end":{"line":41,"column":39}},"10":{"start":{"line":42,"column":22},"end":{"line":42,"column":46}},"11":{"start":{"line":45,"column":25},"end":{"line":45,"column":42}},"12":{"start":{"line":46,"column":25},"end":{"line":46,"column":42}},"13":{"start":{"line":48,"column":4},"end":{"line":56,"column":30}},"14":{"start":{"line":49,"column":8},"end":{"line":55,"column":9}},"15":{"start":{"line":50,"column":12},"end":{"line":50,"column":66}},"16":{"start":{"line":51,"column":12},"end":{"line":54,"column":13}},"17":{"start":{"line":52,"column":16},"end":{"line":52,"column":72}},"18":{"start":{"line":53,"column":16},"end":{"line":53,"column":36}},"19":{"start":{"line":58,"column":26},"end":{"line":118,"column":5}},"20":{"start":{"line":59,"column":8},"end":{"line":62,"column":9}},"21":{"start":{"line":60,"column":12},"end":{"line":60,"column":49}},"22":{"start":{"line":61,"column":12},"end":{"line":61,"column":19}},"23":{"start":{"line":64,"column":8},"end":{"line":117,"column":9}},"24":{"start":{"line":65,"column":12},"end":{"line":76,"column":13}},"25":{"start":{"line":66,"column":16},"end":{"line":68,"column":19}},"26":{"start":{"line":67,"column":20},"end":{"line":67,"column":55}},"27":{"start":{"line":69,"column":30},"end":{"line":69,"column":72}},"28":{"start":{"line":70,"column":16},"end":{"line":72,"column":17}},"29":{"start":{"line":71,"column":20},"end":{"line":71,"column":65}},"30":{"start":{"line":74,"column":16},"end":{"line":74,"column":51}},"31":{"start":{"line":75,"column":16},"end":{"line":75,"column":63}},"32":{"start":{"line":78,"column":12},"end":{"line":116,"column":13}},"33":{"start":{"line":79,"column":16},"end":{"line":79,"column":38}},"34":{"start":{"line":80,"column":16},"end":{"line":80,"column":50}},"35":{"start":{"line":82,"column":16},"end":{"line":88,"column":17}},"36":{"start":{"line":83,"column":32},"end":{"line":83,"column":60}},"37":{"start":{"line":84,"column":20},"end":{"line":87,"column":21}},"38":{"start":{"line":85,"column":24},"end":{"line":85,"column":106}},"39":{"start":{"line":86,"column":24},"end":{"line":86,"column":31}},"40":{"start":{"line":90,"column":16},"end":{"line":90,"column":37}},"41":{"start":{"line":91,"column":16},"end":{"line":115,"column":17}},"42":{"start":{"line":92,"column":34},"end":{"line":94,"column":22}},"43":{"start":{"line":95,"column":20},"end":{"line":95,"column":42}},"44":{"start":{"line":96,"column":20},"end":{"line":111,"column":21}},"45":{"start":{"line":98,"column":24},"end":{"line":108,"column":25}},"46":{"start":{"line":99,"column":28},"end":{"line":105,"column":29}},"47":{"start":{"line":100,"column":46},"end":{"line":100,"column":92}},"48":{"start":{"line":101,"column":32},"end":{"line":101,"column":100}},"49":{"start":{"line":102,"column":32},"end":{"line":102,"column":77}},"50":{"start":{"line":104,"column":32},"end":{"line":104,"column":85}},"51":{"start":{"line":107,"column":28},"end":{"line":107,"column":59}},"52":{"start":{"line":110,"column":24},"end":{"line":110,"column":69}},"53":{"start":{"line":113,"column":20},"end":{"line":113,"column":57}},"54":{"start":{"line":114,"column":20},"end":{"line":114,"column":42}},"55":{"start":{"line":120,"column":33},"end":{"line":125,"column":6}},"56":{"start":{"line":121,"column":8},"end":{"line":124,"column":10}},"57":{"start":{"line":127,"column":33},"end":{"line":136,"column":6}},"58":{"start":{"line":128,"column":30},"end":{"line":128,"column":43}},"59":{"start":{"line":129,"column":8},"end":{"line":129,"column":82}},"60":{"start":{"line":129,"column":38},"end":{"line":129,"column":82}},"61":{"start":{"line":130,"column":8},"end":{"line":130,"column":84}},"62":{"start":{"line":130,"column":40},"end":{"line":130,"column":84}},"63":{"start":{"line":131,"column":8},"end":{"line":131,"column":80}},"64":{"start":{"line":131,"column":41},"end":{"line":131,"column":80}},"65":{"start":{"line":133,"column":8},"end":{"line":135,"column":10}},"66":{"start":{"line":138,"column":4},"end":{"line":138,"column":30}},"67":{"start":{"line":138,"column":18},"end":{"line":138,"column":30}},"68":{"start":{"line":141,"column":4},"end":{"line":149,"column":5}},"69":{"start":{"line":142,"column":8},"end":{"line":148,"column":10}},"70":{"start":{"line":151,"column":4},"end":{"line":177,"column":5}},"71":{"start":{"line":152,"column":8},"end":{"line":176,"column":10}},"72":{"start":{"line":166,"column":57},"end":{"line":166,"column":79}},"73":{"start":{"line":179,"column":32},"end":{"line":205,"column":5}},"74":{"start":{"line":180,"column":8},"end":{"line":180,"column":42}},"75":{"start":{"line":180,"column":30},"end":{"line":180,"column":42}},"76":{"start":{"line":182,"column":41},"end":{"line":182,"column":90}},"77":{"start":{"line":184,"column":8},"end":{"line":204,"column":10}},"78":{"start":{"line":187,"column":20},"end":{"line":201,"column":39}},"79":{"start":{"line":189,"column":39},"end":{"line":189,"column":59}},"80":{"start":{"line":207,"column":4},"end":{"line":288,"column":6}},"81":{"start":{"line":232,"column":51},"end":{"line":232,"column":96}},"82":{"start":{"line":232,"column":69},"end":{"line":232,"column":95}},"83":{"start":{"line":242,"column":51},"end":{"line":242,"column":98}},"84":{"start":{"line":242,"column":66},"end":{"line":242,"column":97}},"85":{"start":{"line":260,"column":51},"end":{"line":260,"column":69}},"86":{"start":{"line":266,"column":51},"end":{"line":266,"column":67}},"87":{"start":{"line":291,"column":15},"end":{"line":447,"column":2}}},"fnMap":{"0":{"name":"CustomCameraView","decl":{"start":{"line":32,"column":16},"end":{"line":32,"column":32}},"loc":{"start":{"line":32,"column":89},"end":{"line":289,"column":1}},"line":32},"1":{"name":"(anonymous_1)","decl":{"start":{"line":48,"column":14},"end":{"line":48,"column":15}},"loc":{"start":{"line":48,"column":20},"end":{"line":56,"column":5}},"line":48},"2":{"name":"(anonymous_2)","decl":{"start":{"line":58,"column":26},"end":{"line":58,"column":27}},"loc":{"start":{"line":58,"column":38},"end":{"line":118,"column":5}},"line":58},"3":{"name":"(anonymous_3)","decl":{"start":{"line":66,"column":57},"end":{"line":66,"column":58}},"loc":{"start":{"line":66,"column":63},"end":{"line":68,"column":17}},"line":66},"4":{"name":"(anonymous_4)","decl":{"start":{"line":120,"column":50},"end":{"line":120,"column":51}},"loc":{"start":{"line":120,"column":56},"end":{"line":125,"column":5}},"line":120},"5":{"name":"(anonymous_5)","decl":{"start":{"line":127,"column":50},"end":{"line":127,"column":51}},"loc":{"start":{"line":127,"column":56},"end":{"line":136,"column":5}},"line":127},"6":{"name":"(anonymous_6)","decl":{"start":{"line":166,"column":51},"end":{"line":166,"column":52}},"loc":{"start":{"line":166,"column":57},"end":{"line":166,"column":79}},"line":166},"7":{"name":"(anonymous_7)","decl":{"start":{"line":179,"column":32},"end":{"line":179,"column":33}},"loc":{"start":{"line":179,"column":38},"end":{"line":205,"column":5}},"line":179},"8":{"name":"(anonymous_8)","decl":{"start":{"line":186,"column":32},"end":{"line":186,"column":33}},"loc":{"start":{"line":187,"column":20},"end":{"line":201,"column":39}},"line":187},"9":{"name":"(anonymous_9)","decl":{"start":{"line":189,"column":33},"end":{"line":189,"column":34}},"loc":{"start":{"line":189,"column":39},"end":{"line":189,"column":59}},"line":189},"10":{"name":"(anonymous_10)","decl":{"start":{"line":232,"column":45},"end":{"line":232,"column":46}},"loc":{"start":{"line":232,"column":51},"end":{"line":232,"column":96}},"line":232},"11":{"name":"(anonymous_11)","decl":{"start":{"line":232,"column":64},"end":{"line":232,"column":65}},"loc":{"start":{"line":232,"column":69},"end":{"line":232,"column":95}},"line":232},"12":{"name":"(anonymous_12)","decl":{"start":{"line":242,"column":45},"end":{"line":242,"column":46}},"loc":{"start":{"line":242,"column":51},"end":{"line":242,"column":98}},"line":242},"13":{"name":"(anonymous_13)","decl":{"start":{"line":242,"column":61},"end":{"line":242,"column":62}},"loc":{"start":{"line":242,"column":66},"end":{"line":242,"column":97}},"line":242},"14":{"name":"(anonymous_14)","decl":{"start":{"line":260,"column":45},"end":{"line":260,"column":46}},"loc":{"start":{"line":260,"column":51},"end":{"line":260,"column":69}},"line":260},"15":{"name":"(anonymous_15)","decl":{"start":{"line":266,"column":45},"end":{"line":266,"column":46}},"loc":{"start":{"line":266,"column":51},"end":{"line":266,"column":67}},"line":266}},"branchMap":{"0":{"loc":{"start":{"line":49,"column":8},"end":{"line":55,"column":9}},"type":"if","locations":[{"start":{"line":49,"column":8},"end":{"line":55,"column":9}},{"start":{},"end":{}}],"line":49},"1":{"loc":{"start":{"line":51,"column":12},"end":{"line":54,"column":13}},"type":"if","locations":[{"start":{"line":51,"column":12},"end":{"line":54,"column":13}},{"start":{},"end":{}}],"line":51},"2":{"loc":{"start":{"line":51,"column":16},"end":{"line":51,"column":49}},"type":"binary-expr","locations":[{"start":{"line":51,"column":16},"end":{"line":51,"column":26}},{"start":{"line":51,"column":30},"end":{"line":51,"column":49}}],"line":51},"3":{"loc":{"start":{"line":59,"column":8},"end":{"line":62,"column":9}},"type":"if","locations":[{"start":{"line":59,"column":8},"end":{"line":62,"column":9}},{"start":{},"end":{}}],"line":59},"4":{"loc":{"start":{"line":64,"column":8},"end":{"line":117,"column":9}},"type":"if","locations":[{"start":{"line":64,"column":8},"end":{"line":117,"column":9}},{"start":{"line":77,"column":15},"end":{"line":117,"column":9}}],"line":64},"5":{"loc":{"start":{"line":70,"column":16},"end":{"line":72,"column":17}},"type":"if","locations":[{"start":{"line":70,"column":16},"end":{"line":72,"column":17}},{"start":{},"end":{}}],"line":70},"6":{"loc":{"start":{"line":78,"column":12},"end":{"line":116,"column":13}},"type":"if","locations":[{"start":{"line":78,"column":12},"end":{"line":116,"column":13}},{"start":{"line":81,"column":19},"end":{"line":116,"column":13}}],"line":78},"7":{"loc":{"start":{"line":82,"column":16},"end":{"line":88,"column":17}},"type":"if","locations":[{"start":{"line":82,"column":16},"end":{"line":88,"column":17}},{"start":{},"end":{}}],"line":82},"8":{"loc":{"start":{"line":84,"column":20},"end":{"line":87,"column":21}},"type":"if","locations":[{"start":{"line":84,"column":20},"end":{"line":87,"column":21}},{"start":{},"end":{}}],"line":84},"9":{"loc":{"start":{"line":96,"column":20},"end":{"line":111,"column":21}},"type":"if","locations":[{"start":{"line":96,"column":20},"end":{"line":111,"column":21}},{"start":{},"end":{}}],"line":96},"10":{"loc":{"start":{"line":98,"column":24},"end":{"line":108,"column":25}},"type":"if","locations":[{"start":{"line":98,"column":24},"end":{"line":108,"column":25}},{"start":{"line":106,"column":31},"end":{"line":108,"column":25}}],"line":98},"11":{"loc":{"start":{"line":123,"column":29},"end":{"line":123,"column":64}},"type":"cond-expr","locations":[{"start":{"line":123,"column":43},"end":{"line":123,"column":52}},{"start":{"line":123,"column":55},"end":{"line":123,"column":64}}],"line":123},"12":{"loc":{"start":{"line":129,"column":8},"end":{"line":129,"column":82}},"type":"if","locations":[{"start":{"line":129,"column":8},"end":{"line":129,"column":82}},{"start":{},"end":{}}],"line":129},"13":{"loc":{"start":{"line":130,"column":8},"end":{"line":130,"column":84}},"type":"if","locations":[{"start":{"line":130,"column":8},"end":{"line":130,"column":84}},{"start":{},"end":{}}],"line":130},"14":{"loc":{"start":{"line":131,"column":8},"end":{"line":131,"column":80}},"type":"if","locations":[{"start":{"line":131,"column":8},"end":{"line":131,"column":80}},{"start":{},"end":{}}],"line":131},"15":{"loc":{"start":{"line":138,"column":4},"end":{"line":138,"column":30}},"type":"if","locations":[{"start":{"line":138,"column":4},"end":{"line":138,"column":30}},{"start":{},"end":{}}],"line":138},"16":{"loc":{"start":{"line":141,"column":4},"end":{"line":149,"column":5}},"type":"if","locations":[{"start":{"line":141,"column":4},"end":{"line":149,"column":5}},{"start":{},"end":{}}],"line":141},"17":{"loc":{"start":{"line":151,"column":4},"end":{"line":177,"column":5}},"type":"if","locations":[{"start":{"line":151,"column":4},"end":{"line":177,"column":5}},{"start":{},"end":{}}],"line":151},"18":{"loc":{"start":{"line":161,"column":21},"end":{"line":169,"column":21}},"type":"cond-expr","locations":[{"start":{"line":162,"column":24},"end":{"line":164,"column":43}},{"start":{"line":166,"column":24},"end":{"line":168,"column":43}}],"line":161},"19":{"loc":{"start":{"line":180,"column":8},"end":{"line":180,"column":42}},"type":"if","locations":[{"start":{"line":180,"column":8},"end":{"line":180,"column":42}},{"start":{},"end":{}}],"line":180},"20":{"loc":{"start":{"line":192,"column":28},"end":{"line":192,"column":76}},"type":"binary-expr","locations":[{"start":{"line":192,"column":28},"end":{"line":192,"column":48}},{"start":{"line":192,"column":52},"end":{"line":192,"column":76}}],"line":192},"21":{"loc":{"start":{"line":197,"column":28},"end":{"line":197,"column":80}},"type":"binary-expr","locations":[{"start":{"line":197,"column":28},"end":{"line":197,"column":48}},{"start":{"line":197,"column":52},"end":{"line":197,"column":80}}],"line":197},"22":{"loc":{"start":{"line":232,"column":69},"end":{"line":232,"column":95}},"type":"cond-expr","locations":[{"start":{"line":232,"column":83},"end":{"line":232,"column":87}},{"start":{"line":232,"column":90},"end":{"line":232,"column":95}}],"line":232},"23":{"loc":{"start":{"line":236,"column":46},"end":{"line":236,"column":88}},"type":"cond-expr","locations":[{"start":{"line":236,"column":67},"end":{"line":236,"column":74}},{"start":{"line":236,"column":77},"end":{"line":236,"column":88}}],"line":236},"24":{"loc":{"start":{"line":238,"column":47},"end":{"line":238,"column":86}},"type":"cond-expr","locations":[{"start":{"line":238,"column":68},"end":{"line":238,"column":76}},{"start":{"line":238,"column":79},"end":{"line":238,"column":86}}],"line":238},"25":{"loc":{"start":{"line":242,"column":66},"end":{"line":242,"column":97}},"type":"cond-expr","locations":[{"start":{"line":242,"column":81},"end":{"line":242,"column":88}},{"start":{"line":242,"column":91},"end":{"line":242,"column":97}}],"line":242},"26":{"loc":{"start":{"line":261,"column":63},"end":{"line":261,"column":108}},"type":"binary-expr","locations":[{"start":{"line":261,"column":63},"end":{"line":261,"column":81}},{"start":{"line":261,"column":85},"end":{"line":261,"column":108}}],"line":261},"27":{"loc":{"start":{"line":263,"column":73},"end":{"line":263,"column":122}},"type":"binary-expr","locations":[{"start":{"line":263,"column":73},"end":{"line":263,"column":91}},{"start":{"line":263,"column":95},"end":{"line":263,"column":122}}],"line":263},"28":{"loc":{"start":{"line":267,"column":63},"end":{"line":267,"column":106}},"type":"binary-expr","locations":[{"start":{"line":267,"column":63},"end":{"line":267,"column":79}},{"start":{"line":267,"column":83},"end":{"line":267,"column":106}}],"line":267},"29":{"loc":{"start":{"line":269,"column":73},"end":{"line":269,"column":120}},"type":"binary-expr","locations":[{"start":{"line":269,"column":73},"end":{"line":269,"column":89}},{"start":{"line":269,"column":93},"end":{"line":269,"column":120}}],"line":269},"30":{"loc":{"start":{"line":280,"column":37},"end":{"line":280,"column":91}},"type":"binary-expr","locations":[{"start":{"line":280,"column":37},"end":{"line":280,"column":48}},{"start":{"line":280,"column":52},"end":{"line":280,"column":91}}],"line":280}},"s":{"0":1,"1":0,"2":0,"3":0,"4":0,"5":0,"6":0,"7":0,"8":0,"9":0,"10":0,"11":0,"12":0,"13":0,"14":0,"15":0,"16":0,"17":0,"18":0,"19":0,"20":0,"21":0,"22":0,"23":0,"24":0,"25":0,"26":0,"27":0,"28":0,"29":0,"30":0,"31":0,"32":0,"33":0,"34":0,"35":0,"36":0,"37":0,"38":0,"39":0,"40":0,"41":0,"42":0,"43":0,"44":0,"45":0,"46":0,"47":0,"48":0,"49":0,"50":0,"51":0,"52":0,"53":0,"54":0,"55":0,"56":0,"57":0,"58":0,"59":0,"60":0,"61":0,"62":0,"63":0,"64":0,"65":0,"66":0,"67":0,"68":0,"69":0,"70":0,"71":0,"72":0,"73":0,"74":0,"75":0,"76":0,"77":0,"78":0,"79":0,"80":0,"81":0,"82":0,"83":0,"84":0,"85":0,"86":0,"87":1},"f":{"0":0,"1":0,"2":0,"3":0,"4":0,"5":0,"6":0,"7":0,"8":0,"9":0,"10":0,"11":0,"12":0,"13":0,"14":0,"15":0},"b":{"0":[0,0],"1":[0,0],"2":[0,0],"3":[0,0],"4":[0,0],"5":[0,0],"6":[0,0],"7":[0,0],"8":[0,0],"9":[0,0],"10":[0,0],"11":[0,0],"12":[0,0],"13":[0,0],"14":[0,0],"15":[0,0],"16":[0,0],"17":[0,0],"18":[0,0],"19":[0,0],"20":[0,0],"21":[0,0],"22":[0,0],"23":[0,0],"24":[0,0],"25":[0,0],"26":[0,0],"27":[0,0],"28":[0,0],"29":[0,0],"30":[0,0]},"_coverageSchema":"1a1c01bbd47fc00a2c39e90264f33305004495a9","hash":"e583e7a6fd954d47f845a4874c14facab8cd33ba"}
,"/Users/vibhorgupta/Desktop/ashwatthatree/Medmind/src/components/caregiver/CareTeamInvitationItem.tsx": {"path":"/Users/vibhorgupta/Desktop/ashwatthatree/Medmind/src/components/caregiver/CareTeamInvitationItem.tsx","statementMap":{"0":{"start":{"line":25,"column":77},"end":{"line":175,"column":1}},"1":{"start":{"line":39,"column":40},"end":{"line":39,"column":55}},"2":{"start":{"line":41,"column":28},"end":{"line":50,"column":5}},"3":{"start":{"line":42,"column":8},"end":{"line":49,"column":9}},"4":{"start":{"line":44,"column":16},"end":{"line":44,"column":86}},"5":{"start":{"line":46,"column":16},"end":{"line":46,"column":83}},"6":{"start":{"line":48,"column":16},"end":{"line":48,"column":85}},"7":{"start":{"line":52,"column":24},"end":{"line":52,"column":41}},"8":{"start":{"line":54,"column":4},"end":{"line":174,"column":6}},"9":{"start":{"line":64,"column":31},"end":{"line":64,"column":57}},"10":{"start":{"line":99,"column":32},"end":{"line":110,"column":51}},"11":{"start":{"line":101,"column":51},"end":{"line":101,"column":78}},"12":{"start":{"line":117,"column":39},"end":{"line":117,"column":79}},"13":{"start":{"line":141,"column":32},"end":{"line":153,"column":51}},"14":{"start":{"line":143,"column":51},"end":{"line":143,"column":151}}},"fnMap":{"0":{"name":"(anonymous_0)","decl":{"start":{"line":25,"column":77},"end":{"line":25,"column":78}},"loc":{"start":{"line":38,"column":6},"end":{"line":175,"column":1}},"line":38},"1":{"name":"(anonymous_1)","decl":{"start":{"line":41,"column":28},"end":{"line":41,"column":29}},"loc":{"start":{"line":41,"column":34},"end":{"line":50,"column":5}},"line":41},"2":{"name":"(anonymous_2)","decl":{"start":{"line":64,"column":25},"end":{"line":64,"column":26}},"loc":{"start":{"line":64,"column":31},"end":{"line":64,"column":57}},"line":64},"3":{"name":"(anonymous_3)","decl":{"start":{"line":98,"column":77},"end":{"line":98,"column":78}},"loc":{"start":{"line":99,"column":32},"end":{"line":110,"column":51}},"line":99},"4":{"name":"(anonymous_4)","decl":{"start":{"line":101,"column":45},"end":{"line":101,"column":46}},"loc":{"start":{"line":101,"column":51},"end":{"line":101,"column":78}},"line":101},"5":{"name":"(anonymous_5)","decl":{"start":{"line":117,"column":33},"end":{"line":117,"column":34}},"loc":{"start":{"line":117,"column":39},"end":{"line":117,"column":79}},"line":117},"6":{"name":"(anonymous_6)","decl":{"start":{"line":140,"column":34},"end":{"line":140,"column":35}},"loc":{"start":{"line":141,"column":32},"end":{"line":153,"column":51}},"line":141},"7":{"name":"(anonymous_7)","decl":{"start":{"line":143,"column":45},"end":{"line":143,"column":46}},"loc":{"start":{"line":143,"column":51},"end":{"line":143,"column":151}},"line":143}},"branchMap":{"0":{"loc":{"start":{"line":28,"column":4},"end":{"line":28,"column":27}},"type":"default-arg","locations":[{"start":{"line":28,"column":19},"end":{"line":28,"column":27}}],"line":28},"1":{"loc":{"start":{"line":29,"column":4},"end":{"line":29,"column":30}},"type":"default-arg","locations":[{"start":{"line":29,"column":25},"end":{"line":29,"column":30}}],"line":29},"2":{"loc":{"start":{"line":30,"column":4},"end":{"line":30,"column":75}},"type":"default-arg","locations":[{"start":{"line":30,"column":24},"end":{"line":30,"column":75}}],"line":30},"3":{"loc":{"start":{"line":42,"column":8},"end":{"line":49,"column":9}},"type":"switch","locations":[{"start":{"line":43,"column":12},"end":{"line":44,"column":86}},{"start":{"line":45,"column":12},"end":{"line":46,"column":83}},{"start":{"line":47,"column":12},"end":{"line":48,"column":85}}],"line":42},"4":{"loc":{"start":{"line":58,"column":16},"end":{"line":58,"column":70}},"type":"cond-expr","locations":[{"start":{"line":58,"column":37},"end":{"line":58,"column":65}},{"start":{"line":58,"column":68},"end":{"line":58,"column":70}}],"line":58},"5":{"loc":{"start":{"line":70,"column":29},"end":{"line":70,"column":42}},"type":"binary-expr","locations":[{"start":{"line":70,"column":29},"end":{"line":70,"column":33}},{"start":{"line":70,"column":37},"end":{"line":70,"column":42}}],"line":70},"6":{"loc":{"start":{"line":77,"column":25},"end":{"line":81,"column":25}},"type":"binary-expr","locations":[{"start":{"line":77,"column":25},"end":{"line":77,"column":43}},{"start":{"line":78,"column":28},"end":{"line":80,"column":35}}],"line":77},"7":{"loc":{"start":{"line":88,"column":32},"end":{"line":88,"column":75}},"type":"cond-expr","locations":[{"start":{"line":88,"column":45},"end":{"line":88,"column":57}},{"start":{"line":88,"column":60},"end":{"line":88,"column":75}}],"line":88},"8":{"loc":{"start":{"line":88,"column":134},"end":{"line":88,"column":165}},"type":"cond-expr","locations":[{"start":{"line":88,"column":147},"end":{"line":88,"column":154}},{"start":{"line":88,"column":157},"end":{"line":88,"column":165}}],"line":88},"9":{"loc":{"start":{"line":92,"column":13},"end":{"line":172,"column":13}},"type":"binary-expr","locations":[{"start":{"line":92,"column":13},"end":{"line":92,"column":23}},{"start":{"line":93,"column":16},"end":{"line":171,"column":23}}],"line":92},"10":{"loc":{"start":{"line":104,"column":40},"end":{"line":104,"column":114}},"type":"cond-expr","locations":[{"start":{"line":104,"column":63},"end":{"line":104,"column":93}},{"start":{"line":104,"column":96},"end":{"line":104,"column":114}}],"line":104},"11":{"loc":{"start":{"line":107,"column":67},"end":{"line":107,"column":137}},"type":"cond-expr","locations":[{"start":{"line":107,"column":90},"end":{"line":107,"column":114}},{"start":{"line":107,"column":117},"end":{"line":107,"column":137}}],"line":107},"12":{"loc":{"start":{"line":121,"column":66},"end":{"line":121,"column":108}},"type":"cond-expr","locations":[{"start":{"line":121,"column":87},"end":{"line":121,"column":96}},{"start":{"line":121,"column":99},"end":{"line":121,"column":108}}],"line":121},"13":{"loc":{"start":{"line":127,"column":75},"end":{"line":127,"column":127}},"type":"cond-expr","locations":[{"start":{"line":127,"column":96},"end":{"line":127,"column":110}},{"start":{"line":127,"column":113},"end":{"line":127,"column":127}}],"line":127},"14":{"loc":{"start":{"line":128,"column":81},"end":{"line":128,"column":116}},"type":"cond-expr","locations":[{"start":{"line":128,"column":102},"end":{"line":128,"column":111}},{"start":{"line":128,"column":114},"end":{"line":128,"column":116}}],"line":128},"15":{"loc":{"start":{"line":146,"column":40},"end":{"line":146,"column":84}},"type":"cond-expr","locations":[{"start":{"line":146,"column":52},"end":{"line":146,"column":79}},{"start":{"line":146,"column":82},"end":{"line":146,"column":84}}],"line":146},"16":{"loc":{"start":{"line":151,"column":85},"end":{"line":151,"column":133}},"type":"cond-expr","locations":[{"start":{"line":151,"column":124},"end":{"line":151,"column":127}},{"start":{"line":151,"column":130},"end":{"line":151,"column":133}}],"line":151},"17":{"loc":{"start":{"line":160,"column":25},"end":{"line":164,"column":25}},"type":"binary-expr","locations":[{"start":{"line":160,"column":25},"end":{"line":160,"column":45}},{"start":{"line":160,"column":49},"end":{"line":160,"column":57}},{"start":{"line":161,"column":28},"end":{"line":163,"column":47}}],"line":160},"18":{"loc":{"start":{"line":165,"column":25},"end":{"line":169,"column":25}},"type":"binary-expr","locations":[{"start":{"line":165,"column":25},"end":{"line":165,"column":33}},{"start":{"line":166,"column":28},"end":{"line":168,"column":47}}],"line":165}},"s":{"0":1,"1":0,"2":0,"3":0,"4":0,"5":0,"6":0,"7":0,"8":0,"9":0,"10":0,"11":0,"12":0,"13":0,"14":0},"f":{"0":0,"1":0,"2":0,"3":0,"4":0,"5":0,"6":0,"7":0},"b":{"0":[0],"1":[0],"2":[0],"3":[0,0,0],"4":[0,0],"5":[0,0],"6":[0,0],"7":[0,0],"8":[0,0],"9":[0,0],"10":[0,0],"11":[0,0],"12":[0,0],"13":[0,0],"14":[0,0],"15":[0,0],"16":[0,0],"17":[0,0,0],"18":[0,0]},"_coverageSchema":"1a1c01bbd47fc00a2c39e90264f33305004495a9","hash":"0fba1dc4365674ba5160def87c3c101e3050e595"}
,"/Users/vibhorgupta/Desktop/ashwatthatree/Medmind/src/components/caregiver/CaregiverInvitationModal.tsx": {"path":"/Users/vibhorgupta/Desktop/ashwatthatree/Medmind/src/components/caregiver/CaregiverInvitationModal.tsx","statementMap":{"0":{"start":{"line":23,"column":81},"end":{"line":133,"column":1}},"1":{"start":{"line":35,"column":4},"end":{"line":132,"column":6}},"2":{"start":{"line":70,"column":24},"end":{"line":97,"column":31}},"3":{"start":{"line":83,"column":51},"end":{"line":83,"column":93}}},"fnMap":{"0":{"name":"(anonymous_0)","decl":{"start":{"line":23,"column":81},"end":{"line":23,"column":82}},"loc":{"start":{"line":34,"column":6},"end":{"line":133,"column":1}},"line":34},"1":{"name":"(anonymous_1)","decl":{"start":{"line":69,"column":37},"end":{"line":69,"column":38}},"loc":{"start":{"line":70,"column":24},"end":{"line":97,"column":31}},"line":70},"2":{"name":"(anonymous_2)","decl":{"start":{"line":83,"column":45},"end":{"line":83,"column":46}},"loc":{"start":{"line":83,"column":51},"end":{"line":83,"column":93}},"line":83}},"branchMap":{"0":{"loc":{"start":{"line":26,"column":4},"end":{"line":26,"column":64}},"type":"default-arg","locations":[{"start":{"line":26,"column":14},"end":{"line":26,"column":64}}],"line":26},"1":{"loc":{"start":{"line":27,"column":4},"end":{"line":27,"column":20}},"type":"default-arg","locations":[{"start":{"line":27,"column":18},"end":{"line":27,"column":20}}],"line":27},"2":{"loc":{"start":{"line":40,"column":17},"end":{"line":44,"column":17}},"type":"binary-expr","locations":[{"start":{"line":40,"column":17},"end":{"line":40,"column":24}},{"start":{"line":41,"column":20},"end":{"line":43,"column":39}}],"line":40},"3":{"loc":{"start":{"line":50,"column":21},"end":{"line":57,"column":21}},"type":"cond-expr","locations":[{"start":{"line":51,"column":24},"end":{"line":54,"column":26}},{"start":{"line":56,"column":24},"end":{"line":56,"column":60}}],"line":50},"4":{"loc":{"start":{"line":67,"column":13},"end":{"line":100,"column":13}},"type":"binary-expr","locations":[{"start":{"line":67,"column":13},"end":{"line":67,"column":35}},{"start":{"line":68,"column":16},"end":{"line":99,"column":23}}],"line":67},"5":{"loc":{"start":{"line":81,"column":29},"end":{"line":96,"column":29}},"type":"binary-expr","locations":[{"start":{"line":81,"column":29},"end":{"line":81,"column":48}},{"start":{"line":82,"column":32},"end":{"line":95,"column":51}}],"line":81},"6":{"loc":{"start":{"line":86,"column":40},"end":{"line":86,"column":90}},"type":"cond-expr","locations":[{"start":{"line":86,"column":61},"end":{"line":86,"column":73}},{"start":{"line":86,"column":76},"end":{"line":86,"column":90}}],"line":86},"7":{"loc":{"start":{"line":92,"column":44},"end":{"line":92,"column":79}},"type":"cond-expr","locations":[{"start":{"line":92,"column":65},"end":{"line":92,"column":74}},{"start":{"line":92,"column":77},"end":{"line":92,"column":79}}],"line":92},"8":{"loc":{"start":{"line":103,"column":13},"end":{"line":110,"column":13}},"type":"binary-expr","locations":[{"start":{"line":103,"column":13},"end":{"line":103,"column":23}},{"start":{"line":104,"column":16},"end":{"line":109,"column":23}}],"line":103},"9":{"loc":{"start":{"line":106,"column":21},"end":{"line":108,"column":21}},"type":"binary-expr","locations":[{"start":{"line":106,"column":21},"end":{"line":106,"column":34}},{"start":{"line":107,"column":24},"end":{"line":107,"column":77}}],"line":106},"10":{"loc":{"start":{"line":114,"column":17},"end":{"line":121,"column":17}},"type":"binary-expr","locations":[{"start":{"line":114,"column":17},"end":{"line":114,"column":25}},{"start":{"line":115,"column":20},"end":{"line":120,"column":39}}],"line":114},"11":{"loc":{"start":{"line":123,"column":17},"end":{"line":129,"column":17}},"type":"binary-expr","locations":[{"start":{"line":123,"column":17},"end":{"line":123,"column":26}},{"start":{"line":124,"column":20},"end":{"line":128,"column":39}}],"line":123}},"s":{"0":1,"1":0,"2":0,"3":0},"f":{"0":0,"1":0,"2":0},"b":{"0":[0],"1":[0],"2":[0,0],"3":[0,0],"4":[0,0],"5":[0,0],"6":[0,0],"7":[0,0],"8":[0,0],"9":[0,0],"10":[0,0],"11":[0,0]},"_coverageSchema":"1a1c01bbd47fc00a2c39e90264f33305004495a9","hash":"f26d311de44665f99a47b0cddd5dd46a8282647d"}
[...]
d":{"line":150,"column":13}},"29":{"start":{"line":146,"column":16},"end":{"line":149,"column":19}},"30":{"start":{"line":147,"column":20},"end":{"line":147,"column":44}},"31":{"start":{"line":148,"column":20},"end":{"line":148,"column":32}},"32":{"start":{"line":152,"column":12},"end":{"line":152,"column":26}},"33":{"start":{"line":154,"column":12},"end":{"line":154,"column":45}},"34":{"start":{"line":155,"column":12},"end":{"line":155,"column":24}}},"fnMap":{"0":{"name":"initSentry","decl":{"start":{"line":6,"column":16},"end":{"line":6,"column":26}},"loc":{"start":{"line":6,"column":29},"end":{"line":75,"column":1}},"line":6},"1":{"name":"(anonymous_1)","decl":{"start":{"line":42,"column":8},"end":{"line":42,"column":9}},"loc":{"start":{"line":42,"column":32},"end":{"line":59,"column":9}},"line":42},"2":{"name":"captureException","decl":{"start":{"line":80,"column":16},"end":{"line":80,"column":32}},"loc":{"start":{"line":80,"column":78},"end":{"line":89,"column":1}},"line":80},"3":{"name":"captureMessage","decl":{"start":{"line":94,"column":16},"end":{"line":94,"column":30}},"loc":{"start":{"line":94,"column":86},"end":{"line":101,"column":1}},"line":94},"4":{"name":"setUser","decl":{"start":{"line":106,"column":16},"end":{"line":106,"column":23}},"loc":{"start":{"line":106,"column":88},"end":{"line":108,"column":1}},"line":106},"5":{"name":"addBreadcrumb","decl":{"start":{"line":113,"column":16},"end":{"line":113,"column":29}},"loc":{"start":{"line":118,"column":3},"end":{"line":120,"column":1}},"line":118},"6":{"name":"setContext","decl":{"start":{"line":125,"column":16},"end":{"line":125,"column":26}},"loc":{"start":{"line":125,"column":71},"end":{"line":127,"column":1}},"line":125},"7":{"name":"setTag","decl":{"start":{"line":132,"column":16},"end":{"line":132,"column":22}},"loc":{"start":{"line":132,"column":51},"end":{"line":134,"column":1}},"line":132},"8":{"name":"withSentry","decl":{"start":{"line":139,"column":16},"end":{"line":139,"column":26}},"loc":{"start":{"line":139,"column":72},"end":{"line":158,"column":1}},"line":139},"9":{"name":"(anonymous_9)","decl":{"start":{"line":140,"column":12},"end":{"line":140,"column":13}},"loc":{"start":{"line":140,"column":32},"end":{"line":157,"column":5}},"line":140},"10":{"name":"(anonymous_10)","decl":{"start":{"line":146,"column":36},"end":{"line":146,"column":37}},"loc":{"start":{"line":146,"column":47},"end":{"line":149,"column":17}},"line":146}},"branchMap":{"0":{"loc":{"start":{"line":8,"column":4},"end":{"line":11,"column":5}},"type":"if","locations":[{"start":{"line":8,"column":4},"end":{"line":11,"column":5}},{"start":{},"end":{}}],"line":8},"1":{"loc":{"start":{"line":14,"column":13},"end":{"line":14,"column":73}},"type":"binary-expr","locations":[{"start":{"line":14,"column":13},"end":{"line":14,"column":47}},{"start":{"line":14,"column":51},"end":{"line":14,"column":73}}],"line":14},"2":{"loc":{"start":{"line":36,"column":21},"end":{"line":36,"column":59}},"type":"cond-expr","locations":[{"start":{"line":36,"column":31},"end":{"line":36,"column":44}},{"start":{"line":36,"column":47},"end":{"line":36,"column":59}}],"line":36},"3":{"loc":{"start":{"line":44,"column":12},"end":{"line":50,"column":13}},"type":"if","locations":[{"start":{"line":44,"column":12},"end":{"line":50,"column":13}},{"start":{},"end":{}}],"line":44},"4":{"loc":{"start":{"line":46,"column":16},"end":{"line":49,"column":17}},"type":"if","locations":[{"start":{"line":46,"column":16},"end":{"line":49,"column":17}},{"start":{},"end":{}}],"line":46},"5":{"loc":{"start":{"line":53,"column":12},"end":{"line":56,"column":13}},"type":"if","locations":[{"start":{"line":53,"column":12},"end":{"line":56,"column":13}},{"start":{},"end":{}}],"line":53},"6":{"loc":{"start":{"line":81,"column":4},"end":{"line":84,"column":5}},"type":"if","locations":[{"start":{"line":81,"column":4},"end":{"line":84,"column":5}},{"start":{},"end":{}}],"line":81},"7":{"loc":{"start":{"line":87,"column":18},"end":{"line":87,"column":59}},"type":"cond-expr","locations":[{"start":{"line":87,"column":28},"end":{"line":87,"column":47}},{"start":{"line":87,"column":50},"end":{"line":87,"column":59}}],"line":87},"8":{"loc":{"start":{"line":94,"column":48},"end":{"line":94,"column":84}},"type":"default-arg","locations":[{"start":{"line":94,"column":78},"end":{"line":94,"column":84}}],"line":94},"9":{"loc":{"start":{"line":95,"column":4},"end":{"line":98,"column":5}},"type":"if","locations":[{"start":{"line":95,"column":4},"end":{"line":98,"column":5}},{"start":{},"end":{}}],"line":95},"10":{"loc":{"start":{"line":145,"column":12},"end":{"line":150,"column":13}},"type":"if","locations":[{"start":{"line":145,"column":12},"end":{"line":150,"column":13}},{"start":{},"end":{}}],"line":145}},"s":{"0":0,"1":0,"2":0,"3":0,"4":0,"5":0,"6":0,"7":0,"8":0,"9":0,"10":0,"11":0,"12":0,"13":0,"14":0,"15":0,"16":0,"17":0,"18":0,"19":0,"20":0,"21":0,"22":0,"23":0,"24":0,"25":0,"26":0,"27":0,"28":0,"29":0,"30":0,"31":0,"32":0,"33":0,"34":0},"f":{"0":0,"1":0,"2":0,"3":0,"4":0,"5":0,"6":0,"7":0,"8":0,"9":0,"10":0},"b":{"0":[0,0],"1":[0,0],"2":[0,0],"3":[0,0],"4":[0,0],"5":[0,0],"6":[0,0],"7":[0,0],"8":[0],"9":[0,0],"10":[0,0]},"_coverageSchema":"1a1c01bbd47fc00a2c39e90264f33305004495a9","hash":"301e04dd2aa1de623c5566a9f73a06e99fc347c0"}
,"/Users/vibhorgupta/Desktop/ashwatthatree/Medmind/src/utils/errorHandler.ts": {"path":"/Users/vibhorgupta/Desktop/ashwatthatree/Medmind/src/utils/errorHandler.ts","statementMap":{"0":{"start":{"line":31,"column":4},"end":{"line":36,"column":5}},"1":{"start":{"line":32,"column":8},"end":{"line":35,"column":10}},"2":{"start":{"line":38,"column":29},"end":{"line":38,"column":43}},"3":{"start":{"line":41,"column":4},"end":{"line":47,"column":5}},"4":{"start":{"line":42,"column":8},"end":{"line":46,"column":10}},"5":{"start":{"line":50,"column":4},"end":{"line":56,"column":5}},"6":{"start":{"line":51,"column":8},"end":{"line":55,"column":10}},"7":{"start":{"line":59,"column":4},"end":{"line":65,"column":5}},"8":{"start":{"line":60,"column":8},"end":{"line":64,"column":10}},"9":{"start":{"line":68,"column":4},"end":{"line":76,"column":5}},"10":{"start":{"line":69,"column":24},"end":{"line":69,"column":90}},"11":{"start":{"line":70,"column":8},"end":{"line":75,"column":10}},"12":{"start":{"line":79,"column":4},"end":{"line":85,"column":5}},"13":{"start":{"line":80,"column":8},"end":{"line":84,"column":10}},"14":{"start":{"line":88,"column":4},"end":{"line":93,"column":6}},"15":{"start":{"line":100,"column":4},"end":{"line":102,"column":5}},"16":{"start":{"line":101,"column":8},"end":{"line":101,"column":21}},"17":{"start":{"line":104,"column":4},"end":{"line":106,"column":5}},"18":{"start":{"line":105,"column":8},"end":{"line":105,"column":29}},"19":{"start":{"line":108,"column":4},"end":{"line":110,"column":5}},"20":{"start":{"line":109,"column":8},"end":{"line":109,"column":44}},"21":{"start":{"line":112,"column":4},"end":{"line":112,"column":61}},"22":{"start":{"line":119,"column":4},"end":{"line":119,"column":70}},"23":{"start":{"line":122,"column":4},"end":{"line":135,"column":5}},"24":{"start":{"line":123,"column":8},"end":{"line":134,"column":9}},"25":{"start":{"line":124,"column":12},"end":{"line":130,"column":13}},"26":{"start":{"line":125,"column":16},"end":{"line":129,"column":19}},"27":{"start":{"line":131,"column":12},"end":{"line":131,"column":95}},"28":{"start":{"line":133,"column":12},"end":{"line":133,"column":66}},"29":{"start":{"line":145,"column":4},"end":{"line":155,"column":5}},"30":{"start":{"line":146,"column":21},"end":{"line":146,"column":31}},"31":{"start":{"line":147,"column":8},"end":{"line":147,"column":37}},"32":{"start":{"line":149,"column":22},"end":{"line":149,"column":40}},"33":{"start":{"line":150,"column":8},"end":{"line":152,"column":9}},"34":{"start":{"line":151,"column":12},"end":{"line":151,"column":41}},"35":{"start":{"line":153,"column":8},"end":{"line":153,"column":22}},"36":{"start":{"line":154,"column":8},"end":{"line":154,"column":37}},"37":{"start":{"line":162,"column":4},"end":{"line":165,"column":6}},"38":{"start":{"line":172,"column":4},"end":{"line":172,"column":63}},"39":{"start":{"line":179,"column":4},"end":{"line":179,"column":87}},"40":{"start":{"line":190,"column":21},"end":{"line":192,"column":30}},"41":{"start":{"line":194,"column":73},"end":{"line":223,"column":5}},"42":{"start":{"line":225,"column":22},"end":{"line":225,"column":71}},"43":{"start":{"line":226,"column":28},"end":{"line":226,"column":47}},"44":{"start":{"line":228,"column":4},"end":{"line":232,"column":6}}},"fnMap":{"0":{"name":"parseApiError","decl":{"start":{"line":29,"column":16},"end":{"line":29,"column":29}},"loc":{"start":{"line":29,"column":52},"end":{"line":94,"column":1}},"line":29},"1":{"name":"getUserFriendlyMessage","decl":{"start":{"line":99,"column":16},"end":{"line":99,"column":38}},"loc":{"start":{"line":99,"column":59},"end":{"line":113,"column":1}},"line":99},"2":{"name":"logError","decl":{"start":{"line":118,"column":16},"end":{"line":118,"column":24}},"loc":{"start":{"line":118,"column":55},"end":{"line":136,"column":1}},"line":118},"3":{"name":"handleAsyncError","decl":{"start":{"line":141,"column":22},"end":{"line":141,"column":38}},"loc":{"start":{"line":144,"column":55},"end":{"line":156,"column":1}},"line":144},"4":{"name":"createValidationError","decl":{"start":{"line":161,"column":16},"end":{"line":161,"column":37}},"loc":{"start":{"line":161,"column":65},"end":{"line":166,"column":1}},"line":161},"5":{"name":"isNetworkError","decl":{"start":{"line":171,"column":16},"end":{"line":171,"column":30}},"loc":{"start":{"line":171,"column":52},"end":{"line":173,"column":1}},"line":171},"6":{"name":"isAuthError","decl":{"start":{"line":178,"column":16},"end":{"line":178,"column":27}},"loc":{"start":{"line":178,"column":49},"end":{"line":180,"column":1}},"line":178},"7":{"name":"formatErrorForDisplay","decl":{"start":{"line":185,"column":16},"end":{"line":185,"column":37}},"loc":{"start":{"line":189,"column":2},"end":{"line":233,"column":1}},"line":189}},"branchMap":{"0":{"loc":{"start":{"line":31,"column":4},"end":{"line":36,"column":5}},"type":"if","locations":[{"start":{"line":31,"column":4},"end":{"line":36,"column":5}},{"start":{},"end":{}}],"line":31},"1":{"loc":{"start":{"line":41,"column":4},"end":{"line":47,"column":5}},"type":"if","locations":[{"start":{"line":41,"column":4},"end":{"line":47,"column":5}},{"start":{},"end":{}}],"line":41},"2":{"loc":{"start":{"line":50,"column":4},"end":{"line":56,"column":5}},"type":"if","locations":[{"start":{"line":50,"column":4},"end":{"line":56,"column":5}},{"start":{},"end":{}}],"line":50},"3":{"loc":{"start":{"line":59,"column":4},"end":{"line":65,"column":5}},"type":"if","locations":[{"start":{"line":59,"column":4},"end":{"line":65,"column":5}},{"start":{},"end":{}}],"line":59},"4":{"loc":{"start":{"line":68,"column":4},"end":{"line":76,"column":5}},"type":"if","locations":[{"start":{"line":68,"column":4},"end":{"line":76,"column":5}},{"start":{},"end":{}}],"line":68},"5":{"loc":{"start":{"line":68,"column":8},"end":{"line":68,"column":40}},"type":"binary-expr","locations":[{"start":{"line":68,"column":8},"end":{"line":68,"column":22}},{"start":{"line":68,"column":26},"end":{"line":68,"column":40}}],"line":68},"6":{"loc":{"start":{"line":69,"column":24},"end":{"line":69,"column":90}},"type":"binary-expr","locations":[{"start":{"line":69,"column":24},"end":{"line":69,"column":37}},{"start":{"line":69,"column":41},"end":{"line":69,"column":90}}],"line":69},"7":{"loc":{"start":{"line":79,"column":4},"end":{"line":85,"column":5}},"type":"if","locations":[{"start":{"line":79,"column":4},"end":{"line":85,"column":5}},{"start":{},"end":{}}],"line":79},"8":{"loc":{"start":{"line":89,"column":17},"end":{"line":89,"column":83}},"type":"binary-expr","locations":[{"start":{"line":89,"column":17},"end":{"line":89,"column":30}},{"start":{"line":89,"column":34},"end":{"line":89,"column":83}}],"line":89},"9":{"loc":{"start":{"line":100,"column":4},"end":{"line":102,"column":5}},"type":"if","locations":[{"start":{"line":100,"column":4},"end":{"line":102,"column":5}},{"start":{},"end":{}}],"line":100},"10":{"loc":{"start":{"line":104,"column":4},"end":{"line":106,"column":5}},"type":"if","locations":[{"start":{"line":104,"column":4},"end":{"line":106,"column":5}},{"start":{},"end":{}}],"line":104},"11":{"loc":{"start":{"line":108,"column":4},"end":{"line":110,"column":5}},"type":"if","locations":[{"start":{"line":108,"column":4},"end":{"line":110,"column":5}},{"start":{},"end":{}}],"line":108},"12":{"loc":{"start":{"line":119,"column":27},"end":{"line":119,"column":57}},"type":"cond-expr","locations":[{"start":{"line":119,"column":37},"end":{"line":119,"column":52}},{"start":{"line":119,"column":55},"end":{"line":119,"column":57}}],"line":119},"13":{"loc":{"start":{"line":122,"column":4},"end":{"line":135,"column":5}},"type":"if","locations":[{"start":{"line":122,"column":4},"end":{"line":135,"column":5}},{"start":{},"end":{}}],"line":122},"14":{"loc":{"start":{"line":124,"column":12},"end":{"line":130,"column":13}},"type":"if","locations":[{"start":{"line":124,"column":12},"end":{"line":130,"column":13}},{"start":{},"end":{}}],"line":124},"15":{"loc":{"start":{"line":131,"column":36},"end":{"line":131,"column":93}},"type":"cond-expr","locations":[{"start":{"line":131,"column":61},"end":{"line":131,"column":66}},{"start":{"line":131,"column":69},"end":{"line":131,"column":93}}],"line":131},"16":{"loc":{"start":{"line":150,"column":8},"end":{"line":152,"column":9}},"type":"if","locations":[{"start":{"line":150,"column":8},"end":{"line":152,"column":9}},{"start":{},"end":{}}],"line":150},"17":{"loc":{"start":{"line":172,"column":11},"end":{"line":172,"column":62}},"type":"binary-expr","locations":[{"start":{"line":172,"column":11},"end":{"line":172,"column":27}},{"start":{"line":172,"column":31},"end":{"line":172,"column":62}}],"line":172},"18":{"loc":{"start":{"line":179,"column":11},"end":{"line":179,"column":86}},"type":"binary-expr","locations":[{"start":{"line":179,"column":11},"end":{"line":179,"column":42}},{"start":{"line":179,"column":46},"end":{"line":179,"column":86}}],"line":179},"19":{"loc":{"start":{"line":190,"column":21},"end":{"line":192,"column":30}},"type":"cond-expr","locations":[{"start":{"line":191,"column":10},"end":{"line":191,"column":15}},{"start":{"line":192,"column":10},"end":{"line":192,"column":30}}],"line":190},"20":{"loc":{"start":{"line":190,"column":21},"end":{"line":190,"column":60}},"type":"binary-expr","locations":[{"start":{"line":190,"column":21},"end":{"line":190,"column":46}},{"start":{"line":190,"column":50},"end":{"line":190,"column":60}}],"line":190},"21":{"loc":{"start":{"line":225,"column":22},"end":{"line":225,"column":71}},"type":"binary-expr","locations":[{"start":{"line":225,"column":23},"end":{"line":225,"column":49}},{"start":{"line":225,"column":54},"end":{"line":225,"column":71}}],"line":225}},"s":{"0":7,"1":1,"2":6,"3":6,"4":2,"5":4,"6":0,"7":4,"8":2,"9":2,"10":1,"11":1,"12":1,"13":1,"14":0,"15":3,"16":1,"17":2,"18":1,"19":1,"20":1,"21":0,"22":1,"23":1,"24":0,"25":0,"26":0,"27":0,"28":0,"29":2,"30":2,"31":1,"32":1,"33":1,"34":0,"35":1,"36":1,"37":0,"38":0,"39":0,"40":2,"41":2,"42":2,"43":2,"44":2},"f":{"0":7,"1":3,"2":1,"3":2,"4":0,"5":0,"6":0,"7":2},"b":{"0":[1,6],"1":[2,4],"2":[0,4],"3":[2,2],"4":[1,1],"5":[2,1],"6":[1,0],"7":[1,0],"8":[0,0],"9":[1,2],"10":[1,1],"11":[1,0],"12":[0,1],"13":[0,1],"14":[0,0],"15":[0,0],"16":[0,1],"17":[0,0],"18":[0,0],"19":[2,0],"20":[2,2],"21":[2,0]},"_coverageSchema":"1a1c01bbd47fc00a2c39e90264f33305004495a9","hash":"0a13373ff134976f982841364f4376133691dba8"}
,"/Users/vibhorgupta/Desktop/ashwatthatree/Medmind/src/utils/formatDate.ts": {"path":"/Users/vibhorgupta/Desktop/ashwatthatree/Medmind/src/utils/formatDate.ts","statementMap":{"0":{"start":{"line":2,"column":4},"end":{"line":2,"column":37}}},"fnMap":{"0":{"name":"formatDate","decl":{"start":{"line":1,"column":16},"end":{"line":1,"column":26}},"loc":{"start":{"line":1,"column":47},"end":{"line":3,"column":1}},"line":1}},"branchMap":{},"s":{"0":0},"f":{"0":0},"b":{}}
,"/Users/vibhorgupta/Desktop/ashwatthatree/Medmind/src/utils/protectedRoute.tsx": {"path":"/Users/vibhorgupta/Desktop/ashwatthatree/Medmind/src/utils/protectedRoute.tsx","statementMap":{"0":{"start":{"line":10,"column":41},"end":{"line":10,"column":50}},"1":{"start":{"line":11,"column":21},"end":{"line":11,"column":34}},"2":{"start":{"line":12,"column":19},"end":{"line":12,"column":30}},"3":{"start":{"line":14,"column":4},"end":{"line":26,"column":45}},"4":{"start":{"line":15,"column":8},"end":{"line":15,"column":28}},"5":{"start":{"line":15,"column":21},"end":{"line":15,"column":28}},"6":{"start":{"line":17,"column":28},"end":{"line":17,"column":52}},"7":{"start":{"line":19,"column":8},"end":{"line":25,"column":9}},"8":{"start":{"line":21,"column":12},"end":{"line":21,"column":37}},"9":{"start":{"line":22,"column":15},"end":{"line":25,"column":9}},"10":{"start":{"line":24,"column":12},"end":{"line":24,"column":38}},"11":{"start":{"line":35,"column":4},"end":{"line":38,"column":6}},"12":{"start":{"line":36,"column":8},"end":{"line":36,"column":28}},"13":{"start":{"line":37,"column":8},"end":{"line":37,"column":40}}},"fnMap":{"0":{"name":"useProtectedRoute","decl":{"start":{"line":9,"column":16},"end":{"line":9,"column":33}},"loc":{"start":{"line":9,"column":36},"end":{"line":27,"column":1}},"line":9},"1":{"name":"(anonymous_1)","decl":{"start":{"line":14,"column":14},"end":{"line":14,"column":15}},"loc":{"start":{"line":14,"column":20},"end":{"line":26,"column":5}},"line":14},"2":{"name":"withAuth","decl":{"start":{"line":32,"column":16},"end":{"line":32,"column":24}},"loc":{"start":{"line":34,"column":26},"end":{"line":39,"column":1}},"line":34},"3":{"name":"AuthenticatedComponent","decl":{"start":{"line":35,"column":20},"end":{"line":35,"column":42}},"loc":{"start":{"line":35,"column":53},"end":{"line":38,"column":5}},"line":35}},"branchMap":{"0":{"loc":{"start":{"line":15,"column":8},"end":{"line":15,"column":28}},"type":"if","locations":[{"start":{"line":15,"column":8},"end":{"line":15,"column":28}},{"start":{},"end":{}}],"line":15},"1":{"loc":{"start":{"line":19,"column":8},"end":{"line":25,"column":9}},"type":"if","locations":[{"start":{"line":19,"column":8},"end":{"line":25,"column":9}},{"start":{"line":22,"column":15},"end":{"line":25,"column":9}}],"line":19},"2":{"loc":{"start":{"line":19,"column":12},"end":{"line":19,"column":43}},"type":"binary-expr","locations":[{"start":{"line":19,"column":12},"end":{"line":19,"column":28}},{"start":{"line":19,"column":32},"end":{"line":19,"column":43}}],"line":19},"3":{"loc":{"start":{"line":22,"column":15},"end":{"line":25,"column":9}},"type":"if","locations":[{"start":{"line":22,"column":15},"end":{"line":25,"column":9}},{"start":{},"end":{}}],"line":22},"4":{"loc":{"start":{"line":22,"column":19},"end":{"line":22,"column":50}},"type":"binary-expr","locations":[{"start":{"line":22,"column":19},"end":{"line":22,"column":34}},{"start":{"line":22,"column":38},"end":{"line":22,"column":50}}],"line":22}},"s":{"0":0,"1":0,"2":0,"3":0,"4":0,"5":0,"6":0,"7":0,"8":0,"9":0,"10":0,"11":0,"12":0,"13":0},"f":{"0":0,"1":0,"2":0,"3":0},"b":{"0":[0,0],"1":[0,0],"2":[0,0],"3":[0,0],"4":[0,0]}}
,"/Users/vibhorgupta/Desktop/ashwatthatree/Medmind/src/utils/schemas.ts": {"path":"/Users/vibhorgupta/Desktop/ashwatthatree/Medmind/src/utils/schemas.ts","statementMap":{"0":{"start":{"line":6,"column":26},"end":{"line":18,"column":2}},"1":{"start":{"line":25,"column":32},"end":{"line":48,"column":2}},"2":{"start":{"line":55,"column":31},"end":{"line":61,"column":2}},"3":{"start":{"line":68,"column":35},"end":{"line":73,"column":2}}},"fnMap":{},"branchMap":{},"s":{"0":3,"1":3,"2":3,"3":3},"f":{},"b":{},"_coverageSchema":"1a1c01bbd47fc00a2c39e90264f33305004495a9","hash":"4e5b2f176b7acf897bacc58424ebf77351f32e77"}
}
