TN:
SF:src/app/+not-found.tsx
FN:5,NotFoundScreen
FNF:1
FNH:0
FNDA:0,NotFoundScreen
DA:6,0
LF:1
LH:0
BRF:0
BRH:0
end_of_record
TN:
SF:src/app/_layout.tsx
FN:17,RootLayout
FNF:1
FNH:0
FNDA:0,RootLayout
DA:15,0
DA:18,0
LF:2
LH:0
BRF:0
BRH:0
end_of_record
TN:
SF:src/app/achievements.tsx
FN:2,AchievementsRoute
FNF:1
FNH:0
FNDA:0,AchievementsRoute
DA:3,0
LF:1
LH:0
BRF:0
BRH:0
end_of_record
TN:
SF:src/app/analytics.tsx
FNF:0
FNH:0
LF:0
LH:0
BRF:0
BRH:0
end_of_record
TN:
SF:src/app/contacts.tsx
FN:3,ContactsRoute
FNF:1
FNH:0
FNDA:0,ContactsRoute
DA:4,0
LF:1
LH:0
BRF:0
BRH:0
end_of_record
TN:
SF:src/app/generic-comparison.tsx
FN:2,GenericComparisonRoute
FNF:1
FNH:0
FNDA:0,GenericComparisonRoute
DA:3,0
LF:1
LH:0
BRF:0
BRH:0
end_of_record
TN:
SF:src/app/interactions.tsx
FNF:0
FNH:0
LF:0
LH:0
BRF:0
BRH:0
end_of_record
TN:
SF:src/app/language.tsx
FN:3,LanguageSelectionRoute
FNF:1
FNH:0
FNDA:0,LanguageSelectionRoute
DA:4,0
LF:1
LH:0
BRF:0
BRH:0
end_of_record
TN:
SF:src/app/login.tsx
FNF:0
FNH:0
LF:0
LH:0
BRF:0
BRH:0
end_of_record
TN:
SF:src/app/ocr-confirmation.tsx
FN:3,OCRConfirmationRoute
FNF:1
FNH:0
FNDA:0,OCRConfirmationRoute
DA:4,0
LF:1
LH:0
BRF:0
BRH:0
end_of_record
TN:
SF:src/app/onboarding.tsx
FNF:0
FNH:0
LF:0
LH:0
BRF:0
BRH:0
end_of_record
TN:
SF:src/app/pharmacy-map.tsx
FN:2,PharmacyMapRoute
FNF:1
FNH:0
FNDA:0,PharmacyMapRoute
DA:3,0
LF:1
LH:0
BRF:0
BRH:0
end_of_record
TN:
SF:src/app/phone-login.tsx
FNF:0
FNH:0
LF:0
LH:0
BRF:0
BRH:0
end_of_record
TN:
SF:src/app/pill-identifier.tsx
FN:3,PillIdentifierRoute
FNF:1
FNH:0
FNDA:0,PillIdentifierRoute
DA:4,0
LF:1
LH:0
BRF:0
BRH:0
end_of_record
TN:
SF:src/app/premium.tsx
FNF:0
FNH:0
LF:0
LH:0
BRF:0
BRH:0
end_of_record
TN:
SF:src/app/scan-success.tsx
FNF:0
FNH:0
LF:0
LH:0
BRF:0
BRH:0
end_of_record
TN:
SF:src/app/scan.tsx
FN:4,ScanRoute
FNF:1
FNH:0
FNDA:0,ScanRoute
DA:5,0
LF:1
LH:0
BRF:0
BRH:0
end_of_record
TN:
SF:src/app/style-guide.tsx
FNF:0
FNH:0
LF:0
LH:0
BRF:0
BRH:0
end_of_record
TN:
SF:src/app/telehealth.tsx
FN:2,TelehealthRoute
FNF:1
FNH:0
FNDA:0,TelehealthRoute
DA:3,0
LF:1
LH:0
BRF:0
BRH:0
end_of_record
TN:
SF:src/app/update.tsx
FN:2,UpdateRoute
FNF:1
FNH:0
FNDA:0,UpdateRoute
DA:3,0
LF:1
LH:0
BRF:0
BRH:0
end_of_record
TN:
SF:src/app/verify-otp.tsx
FNF:0
FNH:0
LF:0
LH:0
BRF:0
BRH:0
end_of_record
TN:
SF:src/app/(tabs)/_layout.tsx
FN:7,TabLayout
FN:13,(anonymous_1)
FNF:2
FNH:0
FNDA:0,TabLayout
FNDA:0,(anonymous_1)
DA:9,0
DA:11,0
DA:13,0
LF:3
LH:0
BRF:0
BRH:0
end_of_record
TN:
SF:src/app/(tabs)/logs.tsx
FNF:0
FNH:0
LF:0
LH:0
BRF:0
BRH:0
end_of_record
TN:
SF:src/app/(tabs)/medications.tsx
FNF:0
FNH:0
LF:0
LH:0
BRF:0
BRH:0
end_of_record
TN:
SF:src/app/(tabs)/profile.tsx
FNF:0
FNH:0
LF:0
LH:0
BRF:0
BRH:0
end_of_record
TN:
SF:src/app/contacts/add.tsx
FN:3,ContactAddRoute
FNF:1
FNH:0
FNDA:0,ContactAddRoute
DA:4,0
LF:1
LH:0
BRF:0
BRH:0
end_of_record
TN:
SF:src/app/contacts/edit/[id].tsx
FN:3,ContactEditRoute
FNF:1
FNH:0
FNDA:0,ContactEditRoute
DA:4,0
LF:1
LH:0
BRF:0
BRH:0
end_of_record
TN:
SF:src/app/medication/[id].tsx
FNF:0
FNH:0
LF:0
LH:0
BRF:0
BRH:0
end_of_record
TN:
SF:src/app/medication/form.tsx
FNF:0
FNH:0
LF:0
LH:0
BRF:0
BRH:0
end_of_record
TN:
SF:src/app/profile/health.tsx
FNF:0
FNH:0
LF:0
LH:0
BRF:0
BRH:0
end_of_record
TN:
SF:src/app/profile/help.tsx
FNF:0
FNH:0
LF:0
LH:0
BRF:0
BRH:0
end_of_record
TN:
SF:src/app/profile/notifications.tsx
FNF:0
FNH:0
LF:0
LH:0
BRF:0
BRH:0
end_of_record
TN:
SF:src/app/profile/personal-info.tsx
FNF:0
FNH:0
LF:0
LH:0
BRF:0
BRH:0
end_of_record
TN:
SF:src/app/profile/privacy.tsx
FNF:0
FNH:0
LF:0
LH:0
BRF:0
BRH:0
end_of_record
TN:
SF:src/components/TailwindTest.tsx
FN:4,(anonymous_0)
FNF:1
FNH:0
FNDA:0,(anonymous_0)
DA:4,0
DA:5,0
LF:2
LH:0
BRF:0
BRH:0
end_of_record
TN:
SF:src/components/about/AboutHeader.tsx
FN:13,(anonymous_0)
FNF:1
FNH:0
FNDA:0,(anonymous_0)
DA:13,1
DA:20,0
LF:2
LH:1
BRDA:17,0,0,0
BRDA:23,1,0,0
BRDA:23,1,1,0
BRF:3
BRH:0
end_of_record
TN:
SF:src/components/about/MissionStatement.tsx
FN:10,(anonymous_0)
FNF:1
FNH:0
FNDA:0,(anonymous_0)
DA:10,1
DA:14,0
LF:2
LH:1
BRF:0
BRH:0
end_of_record
TN:
SF:src/components/alert/AdviceCard.tsx
FN:17,(anonymous_0)
FN:27,(anonymous_1)
FN:58,(anonymous_2)
FNF:3
FNH:0
FNDA:0,(anonymous_0)
FNDA:0,(anonymous_1)
FNDA:0,(anonymous_2)
DA:17,1
DA:27,0
DA:28,0
DA:30,0
DA:36,0
DA:42,0
DA:48,0
DA:56,0
DA:58,0
DA:59,0
DA:61,0
DA:63,0
DA:65,0
DA:67,0
DA:69,0
DA:73,0
DA:75,0
LF:17
LH:1
BRDA:20,0,0,0
BRDA:28,1,0,0
BRDA:28,1,1,0
BRDA:28,1,2,0
BRDA:28,1,3,0
BRDA:59,2,0,0
BRDA:59,2,1,0
BRDA:59,2,2,0
BRDA:59,2,3,0
BRDA:59,2,4,0
BRDA:97,3,0,0
BRDA:97,3,1,0
BRDA:97,3,2,0
BRDA:103,4,0,0
BRDA:103,4,1,0
BRDA:108,5,0,0
BRDA:108,5,1,0
BRDA:108,5,2,0
BRF:18
BRH:0
end_of_record
TN:
SF:src/components/alert/AlertBanner.tsx
FN:14,(anonymous_0)
FNF:1
FNH:0
FNDA:0,(anonymous_0)
DA:14,1
DA:22,0
DA:53,0
DA:55,0
LF:4
LH:1
BRDA:18,0,0,0
BRDA:73,1,0,0
BRDA:73,1,1,0
BRDA:86,2,0,0
BRDA:86,2,1,0
BRF:5
BRH:0
end_of_record
TN:
SF:src/components/alert/CriticalInteractionAlert.tsx
FN:26,(anonymous_0)
FN:41,(anonymous_1)
FN:54,(anonymous_2)
FN:58,(anonymous_3)
FN:60,(anonymous_4)
FN:68,(anonymous_5)
FN:78,(anonymous_6)
FN:88,(anonymous_7)
FN:135,(anonymous_8)
FNF:9
FNH:0
FNDA:0,(anonymous_0)
FNDA:0,(anonymous_1)
FNDA:0,(anonymous_2)
FNDA:0,(anonymous_3)
FNDA:0,(anonymous_4)
FNDA:0,(anonymous_5)
FNDA:0,(anonymous_6)
FNDA:0,(anonymous_7)
FNDA:0,(anonymous_8)
DA:26,1
DA:38,0
DA:39,0
DA:41,0
DA:42,0
DA:43,0
DA:54,0
DA:58,0
DA:59,0
DA:60,0
DA:61,0
DA:64,0
DA:68,0
DA:69,0
DA:70,0
DA:79,0
DA:80,0
DA:88,0
DA:89,0
DA:91,0
DA:93,0
DA:95,0
DA:97,0
DA:101,0
DA:103,0
DA:136,0
DA:190,1
LF:27
LH:2
BRDA:31,0,0,0
BRDA:33,1,0,0
BRDA:42,2,0,0
BRDA:42,2,1,0
BRDA:42,3,0,0
BRDA:42,3,1,0
BRDA:59,4,0,0
BRDA:59,4,1,0
BRDA:69,5,0,0
BRDA:69,5,1,0
BRDA:89,6,0,0
BRDA:89,6,1,0
BRDA:89,6,2,0
BRDA:89,6,3,0
BRDA:101,7,0,0
BRDA:101,7,1,0
BRDA:122,8,0,0
BRDA:122,8,1,0
BRDA:132,9,0,0
BRDA:132,9,1,0
BRDA:146,10,0,0
BRDA:146,10,1,0
BRDA:161,11,0,0
BRDA:161,11,1,0
BRF:24
BRH:0
end_of_record
TN:
SF:src/components/alert/ExpandableWarningCard.tsx
FN:14,(anonymous_0)
FN:46,(anonymous_1)
FNF:2
FNH:0
FNDA:0,(anonymous_0)
FNDA:0,(anonymous_1)
DA:14,1
DA:21,0
DA:23,0
DA:24,0
DA:25,0
DA:27,0
DA:46,0
LF:7
LH:1
BRDA:18,0,0,0
BRDA:19,1,0,0
BRDA:23,2,0,0
BRDA:23,2,1,0
BRDA:24,3,0,0
BRDA:24,3,1,0
BRDA:25,4,0,0
BRDA:25,4,1,0
BRDA:39,5,0,0
BRDA:39,5,1,0
BRDA:50,6,0,0
BRDA:50,6,1,0
BRDA:53,7,0,0
BRDA:53,7,1,0
BRF:14
BRH:0
end_of_record
TN:
SF:src/components/alert/InsightBanner.tsx
FN:12,(anonymous_0)
FNF:1
FNH:0
FNDA:0,(anonymous_0)
DA:12,1
DA:18,0
LF:2
LH:1
BRF:0
BRH:0
end_of_record
TN:
SF:src/components/alert/OfflineBanner.tsx
FN:12,(anonymous_0)
FNF:1
FNH:0
FNDA:0,(anonymous_0)
DA:12,1
DA:18,0
LF:2
LH:1
BRF:0
BRH:0
end_of_record
TN:
SF:src/components/analytics/MedicationBreakdown.tsx
FN:17,(anonymous_0)
FN:23,(anonymous_1)
FNF:2
FNH:0
FNDA:0,(anonymous_0)
FNDA:0,(anonymous_1)
DA:17,0
DA:18,0
DA:20,0
DA:24,0
DA:57,0
LF:5
LH:0
BRDA:18,0,0,0
BRDA:18,0,1,0
BRDA:29,1,0,0
BRDA:29,1,1,0
BRDA:30,2,0,0
BRDA:30,2,1,0
BRDA:42,3,0,0
BRDA:42,3,1,0
BRDA:43,4,0,0
BRDA:43,4,1,0
BRF:10
BRH:0
end_of_record
TN:
SF:src/components/analytics/PeriodSelector.tsx
FN:13,(anonymous_0)
FN:23,(anonymous_1)
FN:26,(anonymous_2)
FNF:3
FNH:0
FNDA:0,(anonymous_0)
FNDA:0,(anonymous_1)
FNDA:0,(anonymous_2)
DA:13,0
DA:14,0
DA:21,0
DA:24,0
DA:26,0
DA:44,0
LF:6
LH:0
BRDA:29,0,0,0
BRDA:29,0,1,0
BRDA:34,1,0,0
BRDA:34,1,1,0
BRF:4
BRH:0
end_of_record
TN:
SF:src/components/analytics/QuickStats.tsx
FN:13,(anonymous_0)
FNF:1
FNH:0
FNDA:0,(anonymous_0)
DA:13,0
DA:14,0
DA:36,0
LF:3
LH:0
BRF:0
BRH:0
end_of_record
TN:
SF:src/components/auth/ActionSuccessState.tsx
FN:16,(anonymous_0)
FNF:1
FNH:0
FNDA:0,(anonymous_0)
DA:16,1
DA:23,0
LF:2
LH:1
BRDA:46,0,0,0
BRDA:46,0,1,0
BRF:2
BRH:0
end_of_record
TN:
SF:src/components/auth/AuthGate.tsx
FN:8,AuthGate
FN:13,(anonymous_1)
FN:19,(anonymous_2)
FN:33,(anonymous_3)
FNF:4
FNH:0
FNDA:0,AuthGate
FNDA:0,(anonymous_1)
FNDA:0,(anonymous_2)
FNDA:0,(anonymous_3)
DA:9,0
DA:10,0
DA:11,0
DA:13,0
DA:14,0
DA:15,0
DA:19,0
DA:20,0
DA:21,0
DA:22,0
DA:23,0
DA:26,0
DA:27,0
DA:28,0
DA:30,0
DA:33,0
DA:34,0
DA:35,0
DA:36,0
DA:37,0
DA:39,0
DA:42,0
DA:43,0
DA:50,0
DA:51,0
DA:68,0
DA:71,0
LF:27
LH:0
BRDA:14,0,0,0
BRDA:14,0,1,0
BRDA:20,1,0,0
BRDA:20,1,1,0
BRDA:27,2,0,0
BRDA:27,2,1,0
BRDA:36,3,0,0
BRDA:36,3,1,0
BRDA:42,4,0,0
BRDA:42,4,1,0
BRDA:42,5,0,0
BRDA:42,5,1,0
BRDA:50,6,0,0
BRDA:50,6,1,0
BRDA:50,7,0,0
BRDA:50,7,1,0
BRF:16
BRH:0
end_of_record
TN:
SF:src/components/auth/SocialButtons.tsx
FN:15,(anonymous_0)
FN:51,(anonymous_1)
FNF:2
FNH:0
FNDA:0,(anonymous_0)
FNDA:0,(anonymous_1)
DA:15,1
DA:22,0
DA:51,1
DA:56,0
LF:4
LH:2
BRDA:20,0,0,0
BRDA:28,1,0,0
BRDA:28,1,1,0
BRDA:37,2,0,0
BRDA:37,2,1,0
BRF:5
BRH:0
end_of_record
TN:
SF:src/components/auth/SocialLoginButton.tsx
FN:11,(anonymous_0)
FNF:1
FNH:0
FNDA:0,(anonymous_0)
DA:11,1
DA:16,0
DA:37,0
DA:39,0
LF:4
LH:1
BRF:0
BRH:0
end_of_record
TN:
SF:src/components/banner/OfflineBanner.tsx
FN:10,(anonymous_0)
FNF:1
FNH:0
FNDA:0,(anonymous_0)
DA:10,1
DA:14,0
LF:2
LH:1
BRF:0
BRH:0
end_of_record
TN:
SF:src/components/calendar/CalendarDay.tsx
FN:13,(anonymous_0)
FNF:1
FNH:0
FNDA:0,(anonymous_0)
DA:13,1
DA:20,0
DA:27,0
DA:34,0
LF:4
LH:1
BRDA:15,0,0,0
BRDA:16,1,0,0
BRDA:43,2,0,0
BRDA:43,2,1,0
BRDA:44,3,0,0
BRDA:44,3,1,0
BRDA:50,4,0,0
BRDA:50,4,1,0
BRDA:57,5,0,0
BRDA:57,5,1,0
BRF:10
BRH:0
end_of_record
TN:
SF:src/components/calendar/CalendarHeader.tsx
FN:13,(anonymous_0)
FNF:1
FNH:0
FNDA:0,(anonymous_0)
DA:13,1
DA:20,0
LF:2
LH:1
BRF:0
BRH:0
end_of_record
TN:
SF:src/components/camera/CustomCameraView.tsx
FN:32,CustomCameraView
FN:48,(anonymous_1)
FN:58,(anonymous_2)
FN:66,(anonymous_3)
FN:120,(anonymous_4)
FN:127,(anonymous_5)
FN:166,(anonymous_6)
FN:179,(anonymous_7)
FN:186,(anonymous_8)
FN:189,(anonymous_9)
FN:232,(anonymous_10)
FN:232,(anonymous_11)
FN:242,(anonymous_12)
FN:242,(anonymous_13)
FN:260,(anonymous_14)
FN:266,(anonymous_15)
FNF:16
FNH:0
FNDA:0,CustomCameraView
FNDA:0,(anonymous_1)
FNDA:0,(anonymous_2)
FNDA:0,(anonymous_3)
FNDA:0,(anonymous_4)
FNDA:0,(anonymous_5)
FNDA:0,(anonymous_6)
FNDA:0,(anonymous_7)
FNDA:0,(anonymous_8)
FNDA:0,(anonymous_9)
FNDA:0,(anonymous_10)
FNDA:0,(anonymous_11)
FNDA:0,(anonymous_12)
FNDA:0,(anonymous_13)
FNDA:0,(anonymous_14)
FNDA:0,(anonymous_15)
DA:21,1
DA:33,0
DA:34,0
DA:35,0
DA:36,0
DA:37,0
DA:38,0
DA:39,0
DA:40,0
DA:41,0
DA:42,0
DA:45,0
DA:46,0
DA:48,0
DA:49,0
DA:50,0
DA:51,0
DA:52,0
DA:53,0
DA:58,0
DA:59,0
DA:60,0
DA:61,0
DA:64,0
DA:65,0
DA:66,0
DA:67,0
DA:69,0
DA:70,0
DA:71,0
DA:74,0
DA:75,0
DA:78,0
DA:79,0
DA:80,0
DA:82,0
DA:83,0
DA:84,0
DA:85,0
DA:86,0
DA:90,0
DA:91,0
DA:92,0
DA:95,0
DA:96,0
DA:98,0
DA:99,0
DA:100,0
DA:101,0
DA:102,0
DA:104,0
DA:107,0
DA:110,0
DA:113,0
DA:114,0
DA:120,0
DA:121,0
DA:127,0
DA:128,0
DA:129,0
DA:130,0
DA:131,0
DA:133,0
DA:138,0
DA:141,0
DA:142,0
DA:151,0
DA:152,0
DA:166,0
DA:179,0
DA:180,0
DA:182,0
DA:184,0
DA:187,0
DA:189,0
DA:207,0
DA:232,0
DA:242,0
DA:260,0
DA:266,0
DA:291,1
LF:81
LH:2
BRDA:49,0,0,0
BRDA:49,0,1,0
BRDA:51,1,0,0
BRDA:51,1,1,0
BRDA:51,2,0,0
BRDA:51,2,1,0
BRDA:59,3,0,0
BRDA:59,3,1,0
BRDA:64,4,0,0
BRDA:64,4,1,0
BRDA:70,5,0,0
BRDA:70,5,1,0
BRDA:78,6,0,0
BRDA:78,6,1,0
BRDA:82,7,0,0
BRDA:82,7,1,0
BRDA:84,8,0,0
BRDA:84,8,1,0
BRDA:96,9,0,0
BRDA:96,9,1,0
BRDA:98,10,0,0
BRDA:98,10,1,0
BRDA:123,11,0,0
BRDA:123,11,1,0
BRDA:129,12,0,0
BRDA:129,12,1,0
BRDA:130,13,0,0
BRDA:130,13,1,0
BRDA:131,14,0,0
BRDA:131,14,1,0
BRDA:138,15,0,0
BRDA:138,15,1,0
BRDA:141,16,0,0
BRDA:141,16,1,0
BRDA:151,17,0,0
BRDA:151,17,1,0
BRDA:161,18,0,0
BRDA:161,18,1,0
BRDA:180,19,0,0
BRDA:180,19,1,0
BRDA:192,20,0,0
BRDA:192,20,1,0
BRDA:197,21,0,0
BRDA:197,21,1,0
BRDA:232,22,0,0
BRDA:232,22,1,0
BRDA:236,23,0,0
BRDA:236,23,1,0
BRDA:238,24,0,0
BRDA:238,24,1,0
BRDA:242,25,0,0
BRDA:242,25,1,0
BRDA:261,26,0,0
BRDA:261,26,1,0
BRDA:263,27,0,0
BRDA:263,27,1,0
BRDA:267,28,0,0
BRDA:267,28,1,0
BRDA:269,29,0,0
BRDA:269,29,1,0
BRDA:280,30,0,0
BRDA:280,30,1,0
BRF:62
BRH:0
end_of_record
TN:
SF:src/components/caregiver/CareTeamInvitationItem.tsx
FN:25,(anonymous_0)
FN:41,(anonymous_1)
FN:64,(anonymous_2)
FN:98,(anonymous_3)
FN:101,(anonymous_4)
FN:117,(anonymous_5)
FN:140,(anonymous_6)
FN:143,(anonymous_7)
FNF:8
FNH:0
FNDA:0,(anonymous_0)
FNDA:0,(anonymous_1)
FNDA:0,(anonymous_2)
FNDA:0,(anonymous_3)
FNDA:0,(anonymous_4)
FNDA:0,(anonymous_5)
FNDA:0,(anonymous_6)
FNDA:0,(anonymous_7)
DA:25,1
DA:39,0
DA:41,0
DA:42,0
DA:44,0
DA:46,0
DA:48,0
DA:52,0
DA:54,0
DA:64,0
DA:99,0
DA:101,0
DA:117,0
DA:141,0
DA:143,0
LF:15
LH:1
BRDA:28,0,0,0
BRDA:29,1,0,0
BRDA:30,2,0,0
BRDA:42,3,0,0
BRDA:42,3,1,0
BRDA:42,3,2,0
BRDA:58,4,0,0
BRDA:58,4,1,0
BRDA:70,5,0,0
BRDA:70,5,1,0
BRDA:77,6,0,0
BRDA:77,6,1,0
BRDA:88,7,0,0
BRDA:88,7,1,0
BRDA:88,8,0,0
BRDA:88,8,1,0
BRDA:92,9,0,0
BRDA:92,9,1,0
BRDA:104,10,0,0
BRDA:104,10,1,0
BRDA:107,11,0,0
BRDA:107,11,1,0
BRDA:121,12,0,0
BRDA:121,12,1,0
BRDA:127,13,0,0
BRDA:127,13,1,0
BRDA:128,14,0,0
BRDA:128,14,1,0
BRDA:146,15,0,0
BRDA:146,15,1,0
BRDA:151,16,0,0
BRDA:151,16,1,0
BRDA:160,17,0,0
BRDA:160,17,1,0
BRDA:160,17,2,0
BRDA:165,18,0,0
BRDA:165,18,1,0
BRF:37
BRH:0
end_of_record
TN:
SF:src/components/caregiver/CaregiverInvitationModal.tsx
FN:23,(anonymous_0)
FN:69,(anonymous_1)
FN:83,(anonymous_2)
FNF:3
FNH:0
FNDA:0,(anonymous_0)
FNDA:0,(anonymous_1)
FNDA:0,(anonymous_2)
DA:23,1
DA:35,0
DA:70,0
DA:83,0
LF:4
LH:1
BRDA:26,0,0,0
BRDA:27,1,0,0
BRDA:40,2,0,0
BRDA:40,2,1,0
BRDA:50,3,0,0
BRDA:50,3,1,0
BRDA:67,4,0,0
BRDA:67,4,1,0
BRDA:81,5,0,0
BRDA:81,5,1,0
BRDA:86,6,0,0
BRDA:86,6,1,0
BRDA:92,7,0,0
BRDA:92,7,1,0
BRDA:103,8,0,0
BRDA:103,8,1,0
BRDA:106,9,0,0
BRDA:106,9,1,0
BRDA:114,10,0,0
BRDA:114,10,1,0
BRDA:123,11,0,0
BRDA:123,11,1,0
BRF:22
BRH:0
end_of_record
TN:
SF:src/components/caregiver/CaregiverLinkCenter.tsx
FN:14,(anonymous_0)
FN:45,(anonymous_1)
FN:59,(anonymous_2)
FN:72,(anonymous_3)
FN:74,(anonymous_4)
FN:89,(anonymous_5)
FN:93,(anonymous_6)
FN:100,(anonymous_7)
FN:133,(anonymous_8)
FN:136,(anonymous_9)
FNF:10
FNH:0
FNDA:0,(anonymous_0)
FNDA:0,(anonymous_1)
FNDA:0,(anonymous_2)
FNDA:0,(anonymous_3)
FNDA:0,(anonymous_4)
FNDA:0,(anonymous_5)
FNDA:0,(anonymous_6)
FNDA:0,(anonymous_7)
FNDA:0,(anonymous_8)
FNDA:0,(anonymous_9)
DA:14,0
DA:19,0
DA:20,0
DA:21,0
DA:22,0
DA:24,0
DA:45,0
DA:47,0
DA:48,0
DA:50,0
DA:51,0
DA:53,0
DA:54,0
DA:55,0
DA:59,0
DA:60,0
DA:62,0
DA:64,0
DA:66,0
DA:68,0
DA:72,0
DA:73,0
DA:74,0
DA:75,0
DA:76,0
DA:78,0
DA:79,0
DA:80,0
DA:81,0
DA:83,0
DA:84,0
DA:85,0
DA:89,0
DA:93,0
DA:94,0
DA:95,0
DA:96,0
DA:100,0
DA:101,0
DA:102,0
DA:103,0
DA:108,0
DA:113,0
DA:115,0
DA:134,0
DA:136,0
DA:229,0
LF:47
LH:0
BRDA:53,0,0,0
BRDA:53,0,1,0
BRDA:60,1,0,0
BRDA:60,1,1,0
BRDA:60,1,2,0
BRDA:60,1,3,0
BRDA:73,2,0,0
BRDA:73,2,1,0
BRDA:78,3,0,0
BRDA:78,3,1,0
BRDA:94,4,0,0
BRDA:94,4,1,0
BRDA:101,5,0,0
BRDA:101,5,1,0
BRDA:113,6,0,0
BRDA:113,6,1,0
BRDA:139,7,0,0
BRDA:139,7,1,0
BRDA:146,8,0,0
BRDA:146,8,1,0
BRDA:151,9,0,0
BRDA:151,9,1,0
BRDA:159,10,0,0
BRDA:159,10,1,0
BRDA:168,11,0,0
BRDA:168,11,1,0
BRF:26
BRH:0
end_of_record
TN:
SF:src/components/caregiver/CaregiverPermissionItem.tsx
FN:11,(anonymous_0)
FNF:1
FNH:0
FNDA:0,(anonymous_0)
DA:11,1
DA:16,0
LF:2
LH:1
BRF:0
BRH:0
end_of_record
TN:
SF:src/components/chart/AdherenceChart.tsx
FN:17,(anonymous_0)
FN:47,(anonymous_1)
FN:62,(anonymous_2)
FN:76,(anonymous_3)
FN:82,(anonymous_4)
FN:102,(anonymous_5)
FNF:6
FNH:0
FNDA:0,(anonymous_0)
FNDA:0,(anonymous_1)
FNDA:0,(anonymous_2)
FNDA:0,(anonymous_3)
FNDA:0,(anonymous_4)
FNDA:0,(anonymous_5)
DA:17,1
DA:27,0
DA:29,0
DA:48,0
DA:63,0
DA:77,0
DA:78,0
DA:82,0
DA:103,0
LF:9
LH:1
BRDA:19,0,0,0
BRDA:20,1,0,0
BRDA:21,2,0,0
BRDA:90,3,0,0
BRDA:90,3,1,0
BRDA:91,4,0,0
BRDA:91,4,1,0
BRDA:107,5,0,0
BRDA:107,5,1,0
BRF:9
BRH:0
end_of_record
TN:
SF:src/components/chart/CalendarHeatmap.tsx
FN:17,(anonymous_0)
FN:23,(anonymous_1)
FN:32,(anonymous_2)
FNF:3
FNH:0
FNDA:0,(anonymous_0)
FNDA:0,(anonymous_1)
FNDA:0,(anonymous_2)
DA:17,0
DA:23,0
DA:24,0
DA:25,0
DA:26,0
DA:27,0
DA:29,0
DA:32,0
DA:40,0
DA:58,0
LF:10
LH:0
BRDA:25,0,0,0
BRDA:25,0,1,0
BRDA:26,1,0,0
BRDA:26,1,1,0
BRDA:27,2,0,0
BRDA:27,2,1,0
BRF:6
BRH:0
end_of_record
TN:
SF:src/components/confirmation/ConfirmationDialogBody.tsx
FN:10,(anonymous_0)
FNF:1
FNH:0
FNDA:0,(anonymous_0)
DA:10,1
DA:14,0
LF:2
LH:1
BRF:0
BRH:0
end_of_record
TN:
SF:src/components/confirmation/ConfirmationDialogHeader.tsx
FN:13,(anonymous_0)
FNF:1
FNH:0
FNDA:0,(anonymous_0)
DA:13,1
DA:20,0
DA:35,0
DA:37,0
LF:4
LH:1
BRDA:17,0,0,0
BRDA:40,1,0,0
BRDA:40,1,1,0
BRF:3
BRH:0
end_of_record
TN:
SF:src/components/dashboard/AdherenceRing.tsx
FN:20,(anonymous_0)
FN:31,(anonymous_1)
FN:39,(anonymous_2)
FN:46,(anonymous_3)
FNF:4
FNH:0
FNDA:0,(anonymous_0)
FNDA:0,(anonymous_1)
FNDA:0,(anonymous_2)
FNDA:0,(anonymous_3)
DA:11,1
DA:20,1
DA:26,0
DA:27,0
DA:28,0
DA:31,0
DA:32,0
DA:33,0
DA:34,0
DA:37,0
DA:39,0
DA:40,0
DA:46,0
DA:47,0
DA:48,0
DA:53,0
DA:90,1
LF:17
LH:3
BRDA:22,0,0,0
BRDA:23,1,0,0
BRDA:32,2,0,0
BRDA:32,2,1,0
BRDA:33,3,0,0
BRDA:33,3,1,0
BRF:6
BRH:0
end_of_record
TN:
SF:src/components/dashboard/DashboardHeader.tsx
FN:16,(anonymous_0)
FN:37,(anonymous_1)
FNF:2
FNH:0
FNDA:0,(anonymous_0)
FNDA:0,(anonymous_1)
DA:16,1
DA:23,0
DA:25,0
DA:37,0
LF:4
LH:1
BRDA:18,0,0,0
BRDA:34,1,0,0
BRDA:34,1,1,0
BRDA:37,2,0,0
BRDA:37,2,1,0
BRF:5
BRH:0
end_of_record
TN:
SF:src/components/dashboard/MoodTrackerWidget.tsx
FN:17,(anonymous_0)
FN:27,(anonymous_1)
FN:37,(anonymous_2)
FN:38,(anonymous_3)
FN:39,(anonymous_4)
FN:43,(anonymous_5)
FN:57,(anonymous_6)
FN:68,(anonymous_7)
FN:71,(anonymous_8)
FN:93,(anonymous_9)
FN:101,(anonymous_10)
FN:104,(anonymous_11)
FNF:12
FNH:0
FNDA:0,(anonymous_0)
FNDA:0,(anonymous_1)
FNDA:0,(anonymous_2)
FNDA:0,(anonymous_3)
FNDA:0,(anonymous_4)
FNDA:0,(anonymous_5)
FNDA:0,(anonymous_6)
FNDA:0,(anonymous_7)
FNDA:0,(anonymous_8)
FNDA:0,(anonymous_9)
FNDA:0,(anonymous_10)
FNDA:0,(anonymous_11)
DA:7,0
DA:13,0
DA:17,0
DA:18,0
DA:19,0
DA:20,0
DA:22,0
DA:23,0
DA:24,0
DA:25,0
DA:27,0
DA:28,0
DA:29,0
DA:30,0
DA:32,0
DA:33,0
DA:37,0
DA:38,0
DA:39,0
DA:43,0
DA:44,0
DA:45,0
DA:46,0
DA:49,0
DA:50,0
DA:57,0
DA:64,0
DA:69,0
DA:71,0
DA:93,0
DA:102,0
DA:104,0
DA:133,0
LF:33
LH:0
BRDA:22,0,0,0
BRDA:22,0,1,0
BRDA:24,1,0,0
BRDA:24,1,1,0
BRDA:29,2,0,0
BRDA:29,2,1,0
BRDA:39,3,0,0
BRDA:39,3,1,0
BRDA:49,4,0,0
BRDA:49,4,1,0
BRDA:74,5,0,0
BRDA:74,5,1,0
BRDA:107,6,0,0
BRDA:107,6,1,0
BRDA:112,7,0,0
BRDA:112,7,1,0
BRF:16
BRH:0
end_of_record
TN:
SF:src/components/dashboard/QuickInfoCard.tsx
FN:12,(anonymous_0)
FNF:1
FNH:0
FNDA:0,(anonymous_0)
DA:12,1
DA:18,0
DA:23,0
LF:3
LH:1
BRDA:15,0,0,0
BRF:1
BRH:0
end_of_record
TN:
SF:src/components/dashboard/TimeNavigator.tsx
FN:13,(anonymous_0)
FN:27,(anonymous_1)
FN:30,(anonymous_2)
FNF:3
FNH:0
FNDA:0,(anonymous_0)
FNDA:0,(anonymous_1)
FNDA:0,(anonymous_2)
DA:13,1
DA:18,0
DA:20,0
DA:28,0
DA:30,0
LF:5
LH:1
BRDA:33,0,0,0
BRDA:33,0,1,0
BRDA:39,1,0,0
BRDA:39,1,1,0
BRF:4
BRH:0
end_of_record
TN:
SF:src/components/dose/DailyProgressCard.tsx
FN:13,(anonymous_0)
FNF:1
FNH:0
FNDA:0,(anonymous_0)
DA:13,1
DA:20,0
LF:2
LH:1
BRDA:14,0,0,0
BRDA:15,1,0,0
BRF:2
BRH:0
end_of_record
TN:
SF:src/components/dose/DoseCard.tsx
FN:17,(anonymous_0)
FNF:1
FNH:0
FNDA:0,(anonymous_0)
DA:17,1
DA:28,0
DA:63,0
DA:65,0
LF:4
LH:1
BRDA:82,0,0,0
BRDA:82,0,1,0
BRDA:91,1,0,0
BRDA:91,1,1,0
BRDA:96,2,0,0
BRDA:96,2,1,0
BRDA:107,3,0,0
BRDA:107,3,1,0
BRDA:107,3,2,0
BRDA:116,4,0,0
BRDA:116,4,1,0
BRDA:116,4,2,0
BRDA:116,4,3,0
BRDA:118,5,0,0
BRDA:118,5,1,0
BRDA:126,6,0,0
BRDA:126,6,1,0
BRF:17
BRH:0
end_of_record
TN:
SF:src/components/dose/TimeGroupHeader.tsx
FN:11,(anonymous_0)
FNF:1
FNH:0
FNDA:0,(anonymous_0)
DA:11,1
DA:16,0
LF:2
LH:1
BRF:0
BRH:0
end_of_record
TN:
SF:src/components/empty-state/EmptyState.tsx
FN:17,(anonymous_0)
FNF:1
FNH:1
FNDA:2,(anonymous_0)
DA:17,1
DA:25,2
LF:2
LH:2
BRDA:18,0,0,0
BRDA:34,1,0,2
BRDA:34,1,1,0
BRDA:47,2,0,2
BRDA:47,2,1,2
BRDA:54,3,0,2
BRDA:54,3,1,2
BRDA:54,3,2,2
BRF:8
BRH:6
end_of_record
TN:
SF:src/components/empty-state/EmptyStateWithBottomNav.tsx
FN:14,(anonymous_0)
FNF:1
FNH:0
FNDA:0,(anonymous_0)
DA:14,1
DA:22,0
LF:2
LH:1
BRDA:25,0,0,0
BRDA:25,0,1,0
BRDA:38,1,0,0
BRDA:38,1,1,0
BRDA:39,2,0,0
BRDA:39,2,1,0
BRF:6
BRH:0
end_of_record
TN:
SF:src/components/empty-state/OfflineState.tsx
FN:12,(anonymous_0)
FNF:1
FNH:0
FNDA:0,(anonymous_0)
DA:12,1
DA:17,0
LF:2
LH:1
BRDA:43,0,0,0
BRDA:43,0,1,0
BRF:2
BRH:0
end_of_record
TN:
SF:src/components/error/ErrorBoundary.tsx
FN:18,(anonymous_0)
FN:27,(anonymous_1)
FN:35,(anonymous_2)
FN:55,(anonymous_3)
FN:63,(anonymous_4)
FN:108,(anonymous_5)
FNF:6
FNH:0
FNDA:0,(anonymous_0)
FNDA:0,(anonymous_1)
FNDA:0,(anonymous_2)
FNDA:0,(anonymous_3)
FNDA:0,(anonymous_4)
FNDA:0,(anonymous_5)
DA:19,0
DA:20,0
DA:28,0
DA:37,0
DA:40,0
DA:46,0
DA:49,0
DA:55,0
DA:56,0
DA:64,0
DA:66,0
DA:67,0
DA:71,0
DA:110,0
DA:123,0
LF:15
LH:0
BRDA:64,0,0,0
BRDA:64,0,1,0
BRDA:64,1,0,0
BRDA:64,1,1,0
BRDA:66,2,0,0
BRDA:66,2,1,0
BRDA:84,3,0,0
BRDA:84,3,1,0
BRDA:90,4,0,0
BRDA:90,4,1,0
BRF:10
BRH:0
end_of_record
TN:
SF:src/components/filter/FilterChipGroup.tsx
FN:15,(anonymous_0)
FN:22,(anonymous_1)
FN:25,(anonymous_2)
FNF:3
FNH:0
FNDA:0,(anonymous_0)
FNDA:0,(anonymous_1)
FNDA:0,(anonymous_2)
DA:15,1
DA:20,0
DA:23,0
DA:25,0
LF:4
LH:1
BRDA:28,0,0,0
BRDA:28,0,1,0
BRDA:34,1,0,0
BRDA:34,1,1,0
BRDA:40,2,0,0
BRDA:40,2,1,0
BRF:6
BRH:0
end_of_record
TN:
SF:src/components/filter/SortOption.tsx
FN:13,(anonymous_0)
FNF:1
FNH:0
FNDA:0,(anonymous_0)
DA:13,1
DA:20,0
LF:2
LH:1
BRDA:15,0,0,0
BRDA:16,1,0,0
BRDA:26,2,0,0
BRDA:26,2,1,0
BRDA:33,3,0,0
BRDA:33,3,1,0
BRDA:39,4,0,0
BRDA:39,4,1,0
BRDA:41,5,0,0
BRDA:41,5,1,0
BRF:10
BRH:0
end_of_record
TN:
SF:src/components/form/DropdownSelect.tsx
FN:14,(anonymous_0)
FNF:1
FNH:0
FNDA:0,(anonymous_0)
DA:14,1
DA:22,0
DA:27,0
LF:3
LH:1
BRDA:19,0,0,0
BRDA:29,1,0,0
BRDA:29,1,1,0
BRDA:42,2,0,0
BRDA:42,2,1,0
BRF:5
BRH:0
end_of_record
TN:
SF:src/components/form/EditableField.tsx
FN:14,(anonymous_0)
FNF:1
FNH:0
FNDA:0,(anonymous_0)
DA:14,1
DA:22,0
LF:2
LH:1
BRDA:19,0,0,0
BRDA:29,1,0,0
BRDA:29,1,1,0
BRDA:35,2,0,0
BRDA:35,2,1,0
BRDA:35,2,2,0
BRF:6
BRH:0
end_of_record
TN:
SF:src/components/form/ErrorMessage.tsx
FN:12,(anonymous_0)
FNF:1
FNH:0
FNDA:0,(anonymous_0)
DA:12,1
DA:18,0
DA:33,0
DA:35,0
LF:4
LH:1
BRDA:14,0,0,0
BRDA:15,1,0,0
BRF:2
BRH:0
end_of_record
TN:
SF:src/components/form/FormInput.tsx
FN:21,(anonymous_0)
FN:59,(anonymous_1)
FN:60,(anonymous_2)
FNF:3
FNH:0
FNDA:0,(anonymous_0)
FNDA:0,(anonymous_1)
FNDA:0,(anonymous_2)
DA:21,1
DA:35,0
DA:37,0
DA:59,0
DA:60,0
LF:5
LH:1
BRDA:26,0,0,0
BRDA:30,1,0,0
BRDA:32,2,0,0
BRDA:45,3,0,0
BRDA:45,3,1,0
BRDA:45,4,0,0
BRDA:45,4,1,0
BRDA:46,5,0,0
BRDA:46,5,1,0
BRDA:65,6,0,0
BRDA:65,6,1,0
BRDA:70,7,0,0
BRDA:70,7,1,0
BRF:13
BRH:0
end_of_record
TN:
SF:src/components/form/InputField.tsx
FN:14,(anonymous_0)
FNF:1
FNH:0
FNDA:0,(anonymous_0)
DA:14,1
DA:23,0
DA:28,0
LF:3
LH:1
BRDA:19,0,0,0
BRDA:30,1,0,0
BRDA:30,1,1,0
BRDA:38,2,0,0
BRDA:38,2,1,0
BRDA:41,3,0,0
BRDA:41,3,1,0
BRDA:51,4,0,0
BRDA:51,4,1,0
BRDA:56,5,0,0
BRDA:56,5,1,0
BRF:11
BRH:0
end_of_record
TN:
SF:src/components/form/PrescriptionPreview.tsx
FN:10,(anonymous_0)
FNF:1
FNH:0
FNDA:0,(anonymous_0)
DA:10,1
DA:14,0
LF:2
LH:1
BRF:0
BRH:0
end_of_record
TN:
SF:src/components/header/Header.tsx
FN:14,(anonymous_0)
FNF:1
FNH:0
FNDA:0,(anonymous_0)
DA:14,1
DA:22,0
LF:2
LH:1
BRDA:31,0,0,0
BRDA:31,0,1,0
BRDA:43,1,0,0
BRDA:43,1,1,0
BRF:4
BRH:0
end_of_record
TN:
SF:src/components/history/HistoryDateHeader.tsx
FN:10,(anonymous_0)
FNF:1
FNH:0
FNDA:0,(anonymous_0)
DA:10,1
DA:14,0
LF:2
LH:1
BRF:0
BRH:0
end_of_record
TN:
SF:src/components/history/HistoryItem.tsx
FN:13,(anonymous_0)
FNF:1
FNH:0
FNDA:0,(anonymous_0)
DA:13,1
DA:20,0
DA:38,0
DA:40,0
LF:4
LH:1
BRDA:17,0,0,0
BRDA:57,1,0,0
BRDA:57,1,1,0
BRDA:63,2,0,0
BRDA:63,2,1,0
BRF:5
BRH:0
end_of_record
TN:
SF:src/components/image-editor/ImageCropper.tsx
FN:11,(anonymous_0)
FN:34,(anonymous_1)
FN:50,(anonymous_2)
FNF:3
FNH:0
FNDA:0,(anonymous_0)
FNDA:0,(anonymous_1)
FNDA:0,(anonymous_2)
DA:11,1
DA:16,0
DA:35,0
DA:51,0
LF:4
LH:1
BRDA:13,0,0,0
BRDA:19,1,0,0
BRDA:19,1,1,0
BRF:3
BRH:0
end_of_record
TN:
SF:src/components/image-editor/ImageEditorActions.tsx
FN:12,(anonymous_0)
FNF:1
FNH:0
FNDA:0,(anonymous_0)
DA:12,1
DA:18,0
LF:2
LH:1
BRDA:21,0,0,0
BRDA:21,0,1,0
BRDA:33,1,0,0
BRDA:33,1,1,0
BRDA:42,2,0,0
BRDA:42,2,1,0
BRF:6
BRH:0
end_of_record
TN:
SF:src/components/immunization/ImmunizationRecordItem.tsx
FN:14,(anonymous_0)
FNF:1
FNH:0
FNDA:0,(anonymous_0)
DA:14,1
DA:22,0
DA:46,0
DA:48,0
LF:4
LH:1
BRDA:59,0,0,0
BRDA:59,0,1,0
BRF:2
BRH:0
end_of_record
TN:
SF:src/components/immunization/TimelineYearHeader.tsx
FN:10,(anonymous_0)
FNF:1
FNH:0
FNDA:0,(anonymous_0)
DA:10,1
DA:14,0
LF:2
LH:1
BRF:0
BRH:0
end_of_record
TN:
SF:src/components/invitation/InvitationStatusDetail.tsx
FN:15,(anonymous_0)
FNF:1
FNH:0
FNDA:0,(anonymous_0)
DA:15,1
DA:24,0
DA:45,0
DA:47,0
LF:4
LH:1
BRDA:52,0,0,0
BRDA:52,0,1,0
BRDA:88,1,0,0
BRDA:88,1,1,0
BRF:4
BRH:0
end_of_record
TN:
SF:src/components/invitation/InvitationUserCard.tsx
FN:14,(anonymous_0)
FNF:1
FNH:0
FNDA:0,(anonymous_0)
DA:14,1
DA:22,0
DA:43,0
DA:45,0
LF:4
LH:1
BRDA:61,0,0,0
BRDA:61,0,1,0
BRDA:77,1,0,0
BRDA:77,1,1,0
BRF:4
BRH:0
end_of_record
TN:
SF:src/components/lab/LabTestItem.tsx
FN:15,(anonymous_0)
FNF:1
FNH:0
FNDA:0,(anonymous_0)
DA:15,1
DA:24,0
DA:42,0
DA:44,0
LF:4
LH:1
BRDA:19,0,0,0
BRDA:20,1,0,0
BRF:2
BRH:0
end_of_record
TN:
SF:src/components/lab/MetricEntryForm.tsx
FN:16,(anonymous_0)
FNF:1
FNH:0
FNDA:0,(anonymous_0)
DA:16,1
DA:26,0
LF:2
LH:1
BRDA:24,0,0,0
BRF:1
BRH:0
end_of_record
TN:
SF:src/components/lab-result/DoctorNotesCard.tsx
FN:10,(anonymous_0)
FNF:1
FNH:0
FNDA:0,(anonymous_0)
DA:10,1
DA:14,0
LF:2
LH:1
BRF:0
BRH:0
end_of_record
TN:
SF:src/components/lab-result/LabResultHeader.tsx
FN:11,(anonymous_0)
FNF:1
FNH:0
FNDA:0,(anonymous_0)
DA:11,1
DA:16,0
LF:2
LH:1
BRF:0
BRH:0
end_of_record
TN:
SF:src/components/lab-result/LabResultItem.tsx
FN:14,(anonymous_0)
FNF:1
FNH:0
FNDA:0,(anonymous_0)
DA:14,1
DA:22,0
DA:37,0
DA:39,0
LF:4
LH:1
BRF:0
BRH:0
end_of_record
TN:
SF:src/components/lab-result/LabTestListItem.tsx
FN:16,(anonymous_0)
FNF:1
FNH:0
FNDA:0,(anonymous_0)
DA:16,1
DA:24,0
DA:30,0
DA:36,0
LF:4
LH:1
BRDA:20,0,0,0
BRF:1
BRH:0
end_of_record
TN:
SF:src/components/medication/AIPoweredSummaryCard.tsx
FN:11,(anonymous_0)
FNF:1
FNH:0
FNDA:0,(anonymous_0)
DA:11,1
DA:16,0
LF:2
LH:1
BRDA:26,0,0,0
BRDA:26,0,1,0
BRF:2
BRH:0
end_of_record
TN:
SF:src/components/medication/DrugDetailHeader.tsx
FN:16,(anonymous_0)
FNF:1
FNH:0
FNDA:0,(anonymous_0)
DA:16,1
DA:25,0
LF:2
LH:1
BRDA:23,0,0,0
BRDA:27,1,0,0
BRDA:27,1,1,0
BRDA:36,2,0,0
BRDA:36,2,1,0
BRDA:40,3,0,0
BRDA:40,3,1,0
BRDA:43,4,0,0
BRDA:43,4,1,0
BRDA:43,4,2,0
BRDA:47,5,0,0
BRDA:47,5,1,0
BRDA:47,6,0,0
BRDA:47,6,1,0
BRF:14
BRH:0
end_of_record
TN:
SF:src/components/medication/IntelligenceListItem.tsx
FN:13,(anonymous_0)
FNF:1
FNH:0
FNDA:0,(anonymous_0)
DA:13,1
DA:20,0
LF:2
LH:1
BRDA:16,0,0,0
BRF:1
BRH:0
end_of_record
TN:
SF:src/components/medication/InteractionDetailsHeader.tsx
FN:13,(anonymous_0)
FNF:1
FNH:0
FNDA:0,(anonymous_0)
DA:13,1
DA:20,0
LF:2
LH:1
BRDA:17,0,0,0
BRF:1
BRH:0
end_of_record
TN:
SF:src/components/medication/InteractionMedicationCard.tsx
FN:13,(anonymous_0)
FNF:1
FNH:0
FNDA:0,(anonymous_0)
DA:13,1
DA:20,0
LF:2
LH:1
BRDA:16,0,0,0
BRDA:17,1,0,0
BRDA:30,2,0,0
BRDA:30,2,1,0
BRF:4
BRH:0
end_of_record
TN:
SF:src/components/medication/MedicationCard.tsx
FN:21,(anonymous_0)
FN:33,(anonymous_1)
FN:72,(anonymous_2)
FN:94,(anonymous_3)
FNF:4
FNH:0
FNDA:0,(anonymous_0)
FNDA:0,(anonymous_1)
FNDA:0,(anonymous_2)
FNDA:0,(anonymous_3)
DA:21,1
DA:33,0
DA:34,0
DA:43,0
DA:70,0
DA:72,0
DA:73,0
DA:74,0
DA:94,0
DA:95,0
DA:96,0
DA:110,0
DA:166,0
DA:181,1
LF:14
LH:2
BRDA:26,0,0,0
BRDA:73,1,0,0
BRDA:73,1,1,0
BRDA:95,2,0,0
BRDA:95,2,1,0
BRDA:128,3,0,0
BRDA:128,3,1,0
BRDA:154,4,0,0
BRDA:154,4,1,0
BRDA:166,5,0,0
BRDA:166,5,1,0
BRF:11
BRH:0
end_of_record
TN:
SF:src/components/medication/MedicationListItem.tsx
FN:18,(anonymous_0)
FNF:1
FNH:0
FNDA:0,(anonymous_0)
DA:18,1
DA:30,0
DA:32,0
LF:3
LH:1
BRDA:24,0,0,0
BRDA:25,1,0,0
BRDA:30,2,0,0
BRDA:30,2,1,0
BRDA:37,3,0,0
BRDA:37,3,1,0
BRDA:53,4,0,0
BRDA:53,4,1,0
BRDA:59,5,0,0
BRDA:59,5,1,0
BRDA:59,6,0,0
BRDA:59,6,1,0
BRDA:66,7,0,0
BRDA:66,7,1,0
BRF:14
BRH:0
end_of_record
TN:
SF:src/components/medication/MedicationSelectionCard.tsx
FN:16,(anonymous_0)
FNF:1
FNH:0
FNDA:0,(anonymous_0)
DA:16,1
DA:26,0
LF:2
LH:1
BRDA:32,0,0,0
BRDA:32,0,1,0
BRDA:40,1,0,0
BRDA:40,1,1,0
BRDA:43,2,0,0
BRDA:43,2,1,0
BRDA:61,3,0,0
BRDA:61,3,1,0
BRF:8
BRH:0
end_of_record
TN:
SF:src/components/medication/MedicationSummaryItem.tsx
FN:15,(anonymous_0)
FNF:1
FNH:0
FNDA:0,(anonymous_0)
DA:15,1
DA:24,0
LF:2
LH:1
BRDA:49,0,0,0
BRDA:49,0,1,0
BRF:2
BRH:0
end_of_record
TN:
SF:src/components/modal/BottomSheet.tsx
FN:13,(anonymous_0)
FNF:1
FNH:0
FNDA:0,(anonymous_0)
DA:13,1
DA:20,0
DA:22,0
LF:3
LH:1
BRDA:20,0,0,0
BRDA:20,0,1,0
BRDA:44,1,0,0
BRDA:44,1,1,0
BRF:4
BRH:0
end_of_record
TN:
SF:src/components/modal/ConfirmationModal.tsx
FN:22,(anonymous_0)
FNF:1
FNH:0
FNDA:0,(anonymous_0)
DA:22,1
DA:31,0
LF:2
LH:1
BRDA:66,0,0,0
BRDA:66,0,1,0
BRF:2
BRH:0
end_of_record
TN:
SF:src/components/modal/Modal.tsx
FN:17,(anonymous_0)
FNF:1
FNH:0
FNDA:0,(anonymous_0)
DA:17,1
DA:28,0
LF:2
LH:1
BRDA:23,0,0,0
BRDA:25,1,0,0
BRDA:43,2,0,0
BRDA:43,2,1,0
BRDA:53,3,0,0
BRDA:53,3,1,0
BRDA:65,4,0,0
BRDA:65,4,1,0
BRDA:72,5,0,0
BRDA:72,5,1,0
BRF:10
BRH:0
end_of_record
TN:
SF:src/components/modal/RefillReminderSheet.tsx
FN:23,(anonymous_0)
FN:43,(anonymous_1)
FN:48,(anonymous_2)
FN:56,(anonymous_3)
FN:102,(anonymous_4)
FN:125,(anonymous_5)
FN:152,(anonymous_6)
FN:175,(anonymous_7)
FNF:8
FNH:0
FNDA:0,(anonymous_0)
FNDA:0,(anonymous_1)
FNDA:0,(anonymous_2)
FNDA:0,(anonymous_3)
FNDA:0,(anonymous_4)
FNDA:0,(anonymous_5)
FNDA:0,(anonymous_6)
FNDA:0,(anonymous_7)
DA:23,1
DA:38,0
DA:39,0
DA:40,0
DA:41,0
DA:43,0
DA:44,0
DA:45,0
DA:48,0
DA:49,0
DA:50,0
DA:51,0
DA:53,0
DA:56,0
DA:57,0
DA:58,0
DA:59,0
DA:61,0
DA:63,0
DA:102,0
DA:126,0
DA:127,0
DA:152,0
DA:176,0
DA:177,0
LF:25
LH:1
BRDA:28,0,0,0
BRDA:29,1,0,0
BRDA:50,2,0,0
BRDA:50,2,1,0
BRDA:50,3,0,0
BRDA:50,3,1,0
BRDA:50,3,2,0
BRDA:58,4,0,0
BRDA:58,4,1,0
BRDA:58,5,0,0
BRDA:58,5,1,0
BRDA:58,5,2,0
BRDA:85,6,0,0
BRDA:85,6,1,0
BRDA:101,7,0,0
BRDA:101,7,1,0
BRDA:101,7,2,0
BRDA:108,8,0,0
BRDA:108,8,1,0
BRDA:145,9,0,0
BRDA:145,9,1,0
BRDA:151,10,0,0
BRDA:151,10,1,0
BRDA:158,11,0,0
BRDA:158,11,1,0
BRF:25
BRH:0
end_of_record
TN:
SF:src/components/modal/ReportGenerationModal.tsx
FN:13,(anonymous_0)
FN:21,(anonymous_1)
FN:48,(anonymous_2)
FN:52,(anonymous_3)
FN:65,(anonymous_4)
FN:74,(anonymous_5)
FNF:6
FNH:0
FNDA:0,(anonymous_0)
FNDA:0,(anonymous_1)
FNDA:0,(anonymous_2)
FNDA:0,(anonymous_3)
FNDA:0,(anonymous_4)
FNDA:0,(anonymous_5)
DA:13,1
DA:18,0
DA:19,0
DA:21,0
DA:22,0
DA:23,0
DA:24,0
DA:25,0
DA:26,0
DA:28,0
DA:35,0
DA:49,0
DA:52,0
DA:65,0
DA:74,0
DA:103,1
LF:16
LH:2
BRDA:23,0,0,0
BRDA:23,0,1,0
BRDA:24,1,0,0
BRDA:24,1,1,0
BRDA:25,2,0,0
BRDA:25,2,1,0
BRDA:51,3,0,0
BRDA:51,3,1,0
BRDA:54,4,0,0
BRDA:54,4,1,0
BRDA:55,5,0,0
BRDA:55,5,1,0
BRDA:64,6,0,0
BRDA:64,6,1,0
BRDA:67,7,0,0
BRDA:67,7,1,0
BRDA:68,8,0,0
BRDA:68,8,1,0
BRDA:73,9,0,0
BRDA:73,9,1,0
BRDA:76,10,0,0
BRDA:76,10,1,0
BRDA:77,11,0,0
BRDA:77,11,1,0
BRF:24
BRH:0
end_of_record
TN:
SF:src/components/navigation/BottomTabBar.tsx
FN:11,(anonymous_0)
FN:23,(anonymous_1)
FN:34,(anonymous_2)
FN:46,(anonymous_3)
FNF:4
FNH:0
FNDA:0,(anonymous_0)
FNDA:0,(anonymous_1)
FNDA:0,(anonymous_2)
FNDA:0,(anonymous_3)
DA:11,1
DA:16,0
DA:18,0
DA:24,0
DA:26,0
DA:32,0
DA:34,0
DA:35,0
DA:41,0
DA:42,0
DA:46,0
DA:47,0
DA:54,0
DA:55,0
DA:56,0
DA:57,0
DA:58,0
DA:60,0
LF:18
LH:1
BRDA:26,0,0,0
BRDA:26,0,1,0
BRDA:28,1,0,0
BRDA:28,1,1,0
BRDA:41,2,0,0
BRDA:41,2,1,0
BRDA:41,3,0,0
BRDA:41,3,1,0
BRDA:55,4,0,0
BRDA:55,4,1,0
BRDA:56,5,0,0
BRDA:56,5,1,0
BRDA:57,6,0,0
BRDA:57,6,1,0
BRDA:58,7,0,0
BRDA:58,7,1,0
BRDA:64,8,0,0
BRDA:64,8,1,0
BRDA:65,9,0,0
BRDA:65,9,1,0
BRDA:73,10,0,0
BRDA:73,10,1,0
BRDA:78,11,0,0
BRDA:78,11,1,0
BRDA:84,12,0,0
BRDA:84,12,1,0
BRF:26
BRH:0
end_of_record
TN:
SF:src/components/onboarding/OnboardingData.ts
FNF:0
FNH:0
DA:17,2
LF:1
LH:1
BRF:0
BRH:0
end_of_record
TN:
SF:src/components/onboarding/OnboardingSlide.tsx
FN:15,(anonymous_0)
FNF:1
FNH:1
FNDA:51,(anonymous_0)
DA:15,2
DA:22,51
DA:63,2
LF:3
LH:3
BRDA:31,0,0,51
BRDA:31,0,1,16
BRDA:33,1,0,16
BRDA:33,1,1,10
BRDA:37,2,0,16
BRDA:37,2,1,10
BRDA:38,3,0,16
BRDA:38,3,1,10
BRDA:54,4,0,9
BRDA:54,4,1,42
BRDA:55,5,0,7
BRDA:55,5,1,35
BRDA:56,6,0,16
BRDA:56,6,1,19
BRF:14
BRH:14
end_of_record
TN:
SF:src/components/onboarding/OnboardingStepper.tsx
FN:9,(anonymous_0)
FN:15,(anonymous_1)
FNF:2
FNH:0
FNDA:0,(anonymous_0)
FNDA:0,(anonymous_1)
DA:9,2
DA:13,0
DA:16,0
DA:31,2
LF:4
LH:2
BRDA:21,0,0,0
BRDA:21,0,1,0
BRDA:22,1,0,0
BRDA:22,1,1,0
BRF:4
BRH:0
end_of_record
TN:
SF:src/components/permissions/PermissionItem.tsx
FN:15,(anonymous_0)
FNF:1
FNH:0
FNDA:0,(anonymous_0)
DA:15,1
DA:24,0
LF:2
LH:1
BRDA:17,0,0,0
BRDA:32,1,0,0
BRDA:32,1,1,0
BRF:3
BRH:0
end_of_record
TN:
SF:src/components/permissions/UserProfileCard.tsx
FN:12,(anonymous_0)
FNF:1
FNH:0
FNDA:0,(anonymous_0)
DA:12,1
DA:18,0
LF:2
LH:1
BRDA:27,0,0,0
BRDA:27,0,1,0
BRF:2
BRH:0
end_of_record
TN:
SF:src/components/profile/ConnectedAccountItem.tsx
FN:13,(anonymous_0)
FNF:1
FNH:0
FNDA:0,(anonymous_0)
DA:13,1
DA:20,0
LF:2
LH:1
BRDA:31,0,0,0
BRDA:31,0,1,0
BRDA:42,1,0,0
BRDA:42,1,1,0
BRF:4
BRH:0
end_of_record
TN:
SF:src/components/profile/EditableProfileField.tsx
FN:12,(anonymous_0)
FNF:1
FNH:0
FNDA:0,(anonymous_0)
DA:12,1
DA:18,0
LF:2
LH:1
BRDA:16,0,0,0
BRF:1
BRH:0
end_of_record
TN:
SF:src/components/profile/ProfileHeader.tsx
FN:13,(anonymous_0)
FNF:1
FNH:0
FNDA:0,(anonymous_0)
DA:13,1
DA:20,0
LF:2
LH:1
BRDA:25,0,0,0
BRDA:25,0,1,0
BRDA:33,1,0,0
BRDA:33,1,1,0
BRF:4
BRH:0
end_of_record
TN:
SF:src/components/profile/ProfileItem.tsx
FN:16,(anonymous_0)
FN:26,(anonymous_1)
FN:29,(anonymous_2)
FNF:3
FNH:0
FNDA:0,(anonymous_0)
FNDA:0,(anonymous_1)
FNDA:0,(anonymous_2)
DA:16,1
DA:26,0
DA:27,0
DA:29,0
DA:35,0
LF:5
LH:1
BRDA:20,0,0,0
BRDA:21,1,0,0
BRDA:22,2,0,0
BRDA:41,3,0,0
BRDA:41,3,1,0
BRDA:49,4,0,0
BRDA:49,4,1,0
BRDA:69,5,0,0
BRDA:69,5,1,0
BRDA:79,6,0,0
BRDA:79,6,1,0
BRDA:79,7,0,0
BRDA:79,7,1,0
BRDA:87,8,0,0
BRDA:87,8,1,0
BRDA:90,9,0,0
BRDA:90,9,1,0
BRF:17
BRH:0
end_of_record
TN:
SF:src/components/profile/ProfileListItem.tsx
FN:15,(anonymous_0)
FNF:1
FNH:0
FNDA:0,(anonymous_0)
DA:15,1
DA:24,0
DA:42,0
DA:44,0
LF:4
LH:1
BRDA:19,0,0,0
BRDA:20,1,0,0
BRDA:50,2,0,0
BRDA:50,2,1,0
BRDA:56,3,0,0
BRDA:56,3,1,0
BRDA:66,4,0,0
BRDA:66,4,1,0
BRDA:74,5,0,0
BRDA:74,5,1,0
BRDA:74,5,2,0
BRF:11
BRH:0
end_of_record
TN:
SF:src/components/profile/ProfileSetupForm.tsx
FN:29,ProfileSetupForm
FN:45,(anonymous_1)
FN:65,(anonymous_2)
FN:72,(anonymous_3)
FN:73,(anonymous_4)
FN:76,(anonymous_5)
FN:78,(anonymous_6)
FN:93,(anonymous_7)
FN:173,(anonymous_8)
FN:185,(anonymous_9)
FN:220,(anonymous_10)
FN:223,(anonymous_11)
FN:236,(anonymous_12)
FN:239,(anonymous_13)
FN:260,(anonymous_14)
FN:263,(anonymous_15)
FNF:16
FNH:0
FNDA:0,ProfileSetupForm
FNDA:0,(anonymous_1)
FNDA:0,(anonymous_2)
FNDA:0,(anonymous_3)
FNDA:0,(anonymous_4)
FNDA:0,(anonymous_5)
FNDA:0,(anonymous_6)
FNDA:0,(anonymous_7)
FNDA:0,(anonymous_8)
FNDA:0,(anonymous_9)
FNDA:0,(anonymous_10)
FNDA:0,(anonymous_11)
FNDA:0,(anonymous_12)
FNDA:0,(anonymous_13)
FNDA:0,(anonymous_14)
FNDA:0,(anonymous_15)
DA:30,0
DA:31,0
DA:32,0
DA:33,0
DA:34,0
DA:35,0
DA:36,0
DA:37,0
DA:38,0
DA:40,0
DA:45,0
DA:46,0
DA:48,0
DA:49,0
DA:50,0
DA:53,0
DA:60,0
DA:61,0
DA:65,0
DA:66,0
DA:67,0
DA:68,0
DA:72,0
DA:73,0
DA:76,0
DA:77,0
DA:78,0
DA:80,0
DA:84,0
DA:93,0
DA:94,0
DA:95,0
DA:96,0
DA:99,0
DA:111,0
DA:173,0
DA:185,0
DA:221,0
DA:223,0
DA:237,0
DA:239,0
DA:261,0
DA:263,0
DA:294,1
LF:44
LH:1
BRDA:48,0,0,0
BRDA:48,0,1,0
BRDA:60,1,0,0
BRDA:60,1,1,0
BRDA:60,2,0,0
BRDA:60,2,1,0
BRDA:66,3,0,0
BRDA:66,3,1,0
BRDA:66,4,0,0
BRDA:66,4,1,0
BRDA:77,5,0,0
BRDA:77,5,1,0
BRDA:94,6,0,0
BRDA:94,6,1,0
BRDA:101,7,0,0
BRDA:101,7,1,0
BRDA:103,8,0,0
BRDA:103,8,1,0
BRDA:105,9,0,0
BRDA:105,9,1,0
BRDA:106,10,0,0
BRDA:106,10,1,0
BRDA:117,11,0,0
BRDA:117,11,1,0
BRDA:176,12,0,0
BRDA:176,12,1,0
BRDA:181,13,0,0
BRDA:181,13,1,0
BRDA:188,14,0,0
BRDA:188,14,1,0
BRDA:193,15,0,0
BRDA:193,15,1,0
BRDA:218,16,0,0
BRDA:218,16,1,0
BRDA:242,17,0,0
BRDA:242,17,1,0
BRDA:247,18,0,0
BRDA:247,18,1,0
BRDA:266,19,0,0
BRDA:266,19,1,0
BRDA:271,20,0,0
BRDA:271,20,1,0
BRDA:284,21,0,0
BRDA:284,21,1,0
BRF:44
BRH:0
end_of_record
TN:
SF:src/components/profile/ProfileSwitcherSheet.tsx
FN:19,(anonymous_0)
FN:31,(anonymous_1)
FN:34,(anonymous_2)
FNF:3
FNH:0
FNDA:0,(anonymous_0)
FNDA:0,(anonymous_1)
FNDA:0,(anonymous_2)
DA:19,0
DA:25,0
DA:32,0
DA:34,0
DA:71,0
LF:5
LH:0
BRDA:37,0,0,0
BRDA:37,0,1,0
BRDA:44,1,0,0
BRDA:44,1,1,0
BRDA:49,2,0,0
BRDA:49,2,1,0
BRDA:52,3,0,0
BRDA:52,3,1,0
BRF:8
BRH:0
end_of_record
TN:
SF:src/components/progress/ProgressBar.tsx
FN:15,(anonymous_0)
FNF:1
FNH:0
FNDA:0,(anonymous_0)
DA:15,1
DA:24,0
DA:26,0
LF:3
LH:1
BRDA:18,0,0,0
BRDA:19,1,0,0
BRDA:20,2,0,0
BRDA:21,3,0,0
BRDA:28,4,0,0
BRDA:28,4,1,0
BRDA:31,5,0,0
BRDA:31,5,1,0
BRF:8
BRH:0
end_of_record
TN:
SF:src/components/progress/ProgressRing.tsx
FN:16,(anonymous_0)
FNF:1
FNH:0
FNDA:0,(anonymous_0)
DA:16,1
DA:25,0
DA:26,0
DA:27,0
DA:29,0
LF:5
LH:1
BRDA:18,0,0,0
BRDA:19,1,0,0
BRDA:21,2,0,0
BRDA:58,3,0,0
BRDA:58,3,1,0
BRDA:59,4,0,0
BRDA:59,4,1,0
BRDA:67,5,0,0
BRDA:67,5,1,0
BRF:9
BRH:0
end_of_record
TN:
SF:src/components/refill/RefillHistoryItem.tsx
FN:12,(anonymous_0)
FNF:1
FNH:0
FNDA:0,(anonymous_0)
DA:12,1
DA:18,0
LF:2
LH:1
BRF:0
BRH:0
end_of_record
TN:
SF:src/components/refill/RefillInventoryTracker.tsx
FN:12,(anonymous_0)
FNF:1
FNH:0
FNDA:0,(anonymous_0)
DA:12,1
DA:18,0
DA:20,0
LF:3
LH:1
BRDA:15,0,0,0
BRF:1
BRH:0
end_of_record
TN:
SF:src/components/refill/RefillStatsCard.tsx
FN:11,(anonymous_0)
FNF:1
FNH:0
FNDA:0,(anonymous_0)
DA:11,1
DA:16,0
LF:2
LH:1
BRF:0
BRH:0
end_of_record
TN:
SF:src/components/reminder/ReminderTimingItem.tsx
FN:13,(anonymous_0)
FNF:1
FNH:0
FNDA:0,(anonymous_0)
DA:13,1
DA:20,0
LF:2
LH:1
BRDA:31,0,0,0
BRDA:31,0,1,0
BRF:2
BRH:0
end_of_record
TN:
SF:src/components/scan/OCRErrorState.tsx
FN:12,(anonymous_0)
FN:13,(anonymous_1)
FNF:2
FNH:0
FNDA:0,(anonymous_0)
FNDA:0,(anonymous_1)
DA:12,1
DA:13,0
DA:14,0
DA:16,0
DA:22,0
DA:28,0
DA:36,0
DA:38,0
DA:58,1
LF:9
LH:2
BRDA:14,0,0,0
BRDA:14,0,1,0
BRDA:14,0,2,0
BRF:3
BRH:0
end_of_record
TN:
SF:src/components/scan/OCRResultModal.tsx
FN:27,OCRResultModal
FN:39,(anonymous_1)
FN:41,(anonymous_2)
FN:54,(anonymous_3)
FN:79,(anonymous_4)
FN:79,(anonymous_5)
FN:86,(anonymous_6)
FN:86,(anonymous_7)
FN:95,(anonymous_8)
FN:95,(anonymous_9)
FN:103,(anonymous_10)
FN:103,(anonymous_11)
FN:112,(anonymous_12)
FN:112,(anonymous_13)
FN:118,(anonymous_14)
FN:119,(anonymous_15)
FN:121,(anonymous_16)
FNF:17
FNH:0
FNDA:0,OCRResultModal
FNDA:0,(anonymous_1)
FNDA:0,(anonymous_2)
FNDA:0,(anonymous_3)
FNDA:0,(anonymous_4)
FNDA:0,(anonymous_5)
FNDA:0,(anonymous_6)
FNDA:0,(anonymous_7)
FNDA:0,(anonymous_8)
FNDA:0,(anonymous_9)
FNDA:0,(anonymous_10)
FNDA:0,(anonymous_11)
FNDA:0,(anonymous_12)
FNDA:0,(anonymous_13)
FNDA:0,(anonymous_14)
FNDA:0,(anonymous_15)
FNDA:0,(anonymous_16)
DA:28,0
DA:39,0
DA:40,0
DA:41,0
DA:54,0
DA:55,0
DA:58,0
DA:60,0
DA:79,0
DA:86,0
DA:95,0
DA:103,0
DA:112,0
DA:119,0
DA:121,0
DA:149,1
LF:16
LH:1
BRDA:40,0,0,0
BRDA:40,0,1,0
BRDA:45,1,0,0
BRDA:45,1,1,0
BRDA:46,2,0,0
BRDA:46,2,1,0
BRDA:47,3,0,0
BRDA:47,3,1,0
BRDA:48,4,0,0
BRDA:48,4,1,0
BRDA:49,5,0,0
BRDA:49,5,1,0
BRDA:58,6,0,0
BRDA:58,6,1,0
BRF:14
BRH:0
end_of_record
TN:
SF:src/components/scan/ScanActionCard.tsx
FN:10,(anonymous_0)
FNF:1
FNH:0
FNDA:0,(anonymous_0)
DA:10,1
DA:14,0
DA:43,1
LF:3
LH:2
BRF:0
BRH:0
end_of_record
TN:
SF:src/components/scan/ScanInstructionBox.tsx
FN:8,(anonymous_0)
FNF:1
FNH:0
FNDA:0,(anonymous_0)
DA:8,1
DA:11,0
DA:23,1
LF:3
LH:2
BRF:0
BRH:0
end_of_record
TN:
SF:src/components/scan/ScanOverlay.tsx
FN:15,(anonymous_0)
FN:19,(anonymous_1)
FN:36,(anonymous_2)
FN:43,(anonymous_3)
FNF:4
FNH:0
FNDA:0,(anonymous_0)
FNDA:0,(anonymous_1)
FNDA:0,(anonymous_2)
FNDA:0,(anonymous_3)
DA:12,1
DA:13,1
DA:15,1
DA:16,0
DA:17,0
DA:19,0
DA:20,0
DA:29,0
DA:36,0
DA:37,0
DA:43,0
DA:44,0
DA:45,0
DA:50,0
DA:79,1
LF:15
LH:4
BRF:0
BRH:0
end_of_record
TN:
SF:src/components/scan/ScanProgress.tsx
FN:12,(anonymous_0)
FNF:1
FNH:0
FNDA:0,(anonymous_0)
DA:12,1
DA:18,0
LF:2
LH:1
BRDA:46,0,0,0
BRDA:46,0,1,0
BRF:2
BRH:0
end_of_record
TN:
SF:src/components/scan/ScanStepIndicator.tsx
FN:11,(anonymous_0)
FN:18,(anonymous_1)
FNF:2
FNH:0
FNDA:0,(anonymous_0)
FNDA:0,(anonymous_1)
DA:11,1
DA:16,0
DA:19,0
LF:3
LH:1
BRDA:12,0,0,0
BRDA:23,1,0,0
BRDA:23,1,1,0
BRF:3
BRH:0
end_of_record
TN:
SF:src/components/security/PasswordStrengthIndicator.tsx
FN:10,(anonymous_0)
FNF:1
FNH:0
FNDA:0,(anonymous_0)
DA:10,1
DA:14,0
DA:32,0
DA:34,0
LF:4
LH:1
BRF:0
BRH:0
end_of_record
TN:
SF:src/components/security/SecureActionItem.tsx
FN:16,(anonymous_0)
FNF:1
FNH:0
FNDA:0,(anonymous_0)
DA:16,1
DA:27,0
DA:52,0
DA:54,0
LF:4
LH:1
BRDA:20,0,0,0
BRDA:21,1,0,0
BRDA:24,2,0,0
BRDA:34,3,0,0
BRDA:34,3,1,0
BRDA:39,4,0,0
BRDA:39,4,1,0
BRDA:44,5,0,0
BRDA:44,5,1,0
BRDA:52,6,0,0
BRDA:52,6,1,0
BRF:11
BRH:0
end_of_record
TN:
SF:src/components/settings/LogoutButton.tsx
FN:10,(anonymous_0)
FNF:1
FNH:0
FNDA:0,(anonymous_0)
DA:10,1
DA:14,0
LF:2
LH:1
BRF:0
BRH:0
end_of_record
TN:
SF:src/components/settings/SettingsCard.tsx
FN:11,(anonymous_0)
FNF:1
FNH:0
FNDA:0,(anonymous_0)
DA:11,1
DA:16,0
LF:2
LH:1
BRDA:18,0,0,0
BRDA:18,0,1,0
BRF:2
BRH:0
end_of_record
TN:
SF:src/components/settings/SettingsGroupItem.tsx
FN:12,(anonymous_0)
FNF:1
FNH:0
FNDA:0,(anonymous_0)
DA:12,1
DA:18,0
LF:2
LH:1
BRF:0
BRH:0
end_of_record
TN:
SF:src/components/settings/SettingsItem.tsx
FN:20,(anonymous_0)
FNF:1
FNH:0
FNDA:0,(anonymous_0)
DA:20,1
DA:34,0
DA:36,0
DA:38,0
LF:4
LH:1
BRDA:22,0,0,0
BRDA:26,1,0,0
BRDA:27,2,0,0
BRDA:28,3,0,0
BRDA:31,4,0,0
BRDA:34,5,0,0
BRDA:34,5,1,0
BRDA:36,6,0,0
BRDA:36,6,1,0
BRDA:43,7,0,0
BRDA:43,7,1,0
BRDA:48,8,0,0
BRDA:48,8,1,0
BRDA:62,9,0,0
BRDA:62,9,1,0
BRDA:68,10,0,0
BRDA:68,10,1,0
BRDA:75,11,0,0
BRDA:75,11,1,0
BRDA:77,12,0,0
BRDA:77,12,1,0
BRF:21
BRH:0
end_of_record
TN:
SF:src/components/settings/SettingsLinkItem.tsx
FN:12,(anonymous_0)
FNF:1
FNH:0
FNDA:0,(anonymous_0)
DA:12,1
DA:18,0
LF:2
LH:1
BRF:0
BRH:0
end_of_record
TN:
SF:src/components/settings/SettingsSectionHeader.tsx
FN:10,(anonymous_0)
FNF:1
FNH:0
FNDA:0,(anonymous_0)
DA:10,1
DA:14,0
LF:2
LH:1
BRF:0
BRH:0
end_of_record
TN:
SF:src/components/slider/RefillSlider.tsx
FN:17,(anonymous_0)
FNF:1
FNH:0
FNDA:0,(anonymous_0)
DA:17,1
DA:27,0
LF:2
LH:1
BRDA:20,0,0,0
BRDA:21,1,0,0
BRDA:22,2,0,0
BRDA:23,3,0,0
BRDA:24,4,0,0
BRF:5
BRH:0
end_of_record
TN:
SF:src/components/style-guide/ColorSwatch.tsx
FN:12,(anonymous_0)
FNF:1
FNH:0
FNDA:0,(anonymous_0)
DA:12,1
DA:18,0
LF:2
LH:1
BRF:0
BRH:0
end_of_record
TN:
SF:src/components/style-guide/TypographyExample.tsx
FN:13,(anonymous_0)
FNF:1
FNH:0
FNDA:0,(anonymous_0)
DA:13,1
DA:20,0
DA:39,0
DA:41,0
LF:4
LH:1
BRF:0
BRH:0
end_of_record
TN:
SF:src/components/sync/DataManagementItem.tsx
FN:15,(anonymous_0)
FNF:1
FNH:0
FNDA:0,(anonymous_0)
DA:15,1
DA:24,0
DA:33,0
DA:35,0
LF:4
LH:1
BRDA:19,0,0,0
BRDA:20,1,0,0
BRDA:45,2,0,0
BRDA:45,2,1,0
BRF:4
BRH:0
end_of_record
TN:
SF:src/components/sync/ManualSyncItem.tsx
FN:14,(anonymous_0)
FNF:1
FNH:0
FNDA:0,(anonymous_0)
DA:14,1
DA:22,0
LF:2
LH:1
BRDA:18,0,0,0
BRDA:31,1,0,0
BRDA:31,1,1,0
BRDA:43,2,0,0
BRDA:43,2,1,0
BRF:5
BRH:0
end_of_record
TN:
SF:src/components/sync/SyncStateCard.tsx
FN:13,(anonymous_0)
FNF:1
FNH:0
FNDA:0,(anonymous_0)
DA:13,1
DA:20,0
DA:47,0
DA:49,0
LF:4
LH:1
BRDA:58,0,0,0
BRDA:58,0,1,0
BRDA:63,1,0,0
BRDA:63,1,1,0
BRDA:68,2,0,0
BRDA:68,2,1,0
BRF:6
BRH:0
end_of_record
TN:
SF:src/components/sync/SyncStatusCard.tsx
FN:14,(anonymous_0)
FNF:1
FNH:0
FNDA:0,(anonymous_0)
DA:14,1
DA:22,0
DA:49,0
DA:51,0
LF:4
LH:1
BRDA:69,0,0,0
BRDA:69,0,1,0
BRDA:77,1,0,0
BRDA:77,1,1,0
BRF:4
BRH:0
end_of_record
TN:
SF:src/components/timing/TimingOptimizationWidget.tsx
FN:19,(anonymous_0)
FN:46,(anonymous_1)
FN:61,(anonymous_2)
FNF:3
FNH:0
FNDA:0,(anonymous_0)
FNDA:0,(anonymous_1)
FNDA:0,(anonymous_2)
DA:19,1
DA:23,0
DA:28,0
DA:47,0
DA:61,0
DA:69,1
LF:6
LH:2
BRF:0
BRH:0
end_of_record
TN:
SF:src/components/timing/TimingOptionGroup.tsx
FN:17,(anonymous_0)
FN:29,(anonymous_1)
FN:34,(anonymous_2)
FNF:3
FNH:0
FNDA:0,(anonymous_0)
FNDA:0,(anonymous_1)
FNDA:0,(anonymous_2)
DA:17,0
DA:24,0
DA:30,0
DA:31,0
DA:34,0
LF:5
LH:0
BRDA:37,0,0,0
BRDA:37,0,1,0
BRDA:43,1,0,0
BRDA:43,1,1,0
BRF:4
BRH:0
end_of_record
TN:
SF:src/components/toast/Toast.tsx
FN:14,(anonymous_0)
FNF:1
FNH:0
FNDA:0,(anonymous_0)
DA:14,1
DA:22,0
DA:49,0
DA:51,0
LF:4
LH:1
BRDA:17,0,0,0
BRDA:26,1,0,0
BRDA:26,1,1,0
BRDA:32,2,0,0
BRDA:32,2,1,0
BRDA:38,3,0,0
BRDA:38,3,1,0
BRDA:44,4,0,0
BRDA:44,4,1,0
BRDA:73,5,0,0
BRDA:73,5,1,0
BRDA:79,6,0,0
BRDA:79,6,1,0
BRF:13
BRH:0
end_of_record
TN:
SF:src/components/toast/ToastNotification.tsx
FN:13,(anonymous_0)
FNF:1
FNH:0
FNDA:0,(anonymous_0)
DA:13,1
DA:20,0
DA:22,0
DA:24,0
LF:4
LH:1
BRDA:16,0,0,0
BRDA:20,1,0,0
BRDA:20,1,1,0
BRDA:22,2,0,0
BRDA:22,2,1,0
BRDA:41,3,0,0
BRDA:41,3,1,0
BRF:7
BRH:0
end_of_record
TN:
SF:src/components/ui/AlphabetIndex.tsx
FN:10,(anonymous_0)
FN:16,(anonymous_1)
FNF:2
FNH:0
FNDA:0,(anonymous_0)
FNDA:0,(anonymous_1)
DA:10,1
DA:14,0
DA:17,0
LF:3
LH:1
BRF:0
BRH:0
end_of_record
TN:
SF:src/components/ui/BulkActionToolbar.tsx
FN:12,(anonymous_0)
FNF:1
FNH:0
FNDA:0,(anonymous_0)
DA:12,1
DA:18,0
LF:2
LH:1
BRF:0
BRH:0
end_of_record
TN:
SF:src/components/ui/Button.tsx
FN:16,(anonymous_0)
FNF:1
FNH:1
FNDA:14,(anonymous_0)
DA:16,2
DA:26,14
DA:28,14
DA:36,14
DA:42,14
DA:50,14
DA:56,14
LF:7
LH:7
BRDA:19,0,0,9
BRDA:20,1,0,9
BRDA:21,2,0,13
BRDA:22,3,0,13
BRDA:59,4,0,14
BRDA:59,4,1,13
BRDA:61,5,0,14
BRDA:61,5,1,0
BRDA:62,6,0,14
BRDA:62,6,1,13
BRDA:67,7,0,14
BRDA:67,7,1,13
BRDA:67,7,2,2
BRDA:72,8,0,1
BRDA:72,8,1,13
BRDA:73,9,0,1
BRDA:73,9,1,0
BRF:17
BRH:15
end_of_record
TN:
SF:src/components/ui/Card.tsx
FN:10,(anonymous_0)
FN:19,(anonymous_1)
FN:32,(anonymous_2)
FN:47,(anonymous_3)
FNF:4
FNH:4
FNDA:2,(anonymous_0)
FNDA:2,(anonymous_1)
FNDA:3,(anonymous_2)
FNDA:4,(anonymous_3)
DA:10,2
DA:11,2
DA:19,2
DA:20,2
DA:32,2
DA:33,3
DA:47,2
DA:53,4
DA:59,4
DA:73,2
DA:74,2
DA:75,2
LF:12
LH:12
BRDA:50,0,0,4
BRF:1
BRH:1
end_of_record
TN:
SF:src/components/ui/CaregiverActionFooter.tsx
FN:13,(anonymous_0)
FNF:1
FNH:0
FNDA:0,(anonymous_0)
DA:13,1
DA:20,0
LF:2
LH:1
BRF:0
BRH:0
end_of_record
TN:
SF:src/components/ui/CircularPercentageProgress.tsx
FN:12,(anonymous_0)
FNF:1
FNH:0
FNDA:0,(anonymous_0)
DA:12,1
DA:18,0
DA:19,0
DA:20,0
DA:22,0
LF:5
LH:1
BRDA:14,0,0,0
BRDA:15,1,0,0
BRDA:48,2,0,0
BRDA:48,2,1,0
BRDA:49,3,0,0
BRDA:49,3,1,0
BRDA:50,4,0,0
BRDA:50,4,1,0
BRF:8
BRH:0
end_of_record
TN:
SF:src/components/ui/ErrorScreen.tsx
FN:13,ErrorScreen
FN:28,(anonymous_1)
FNF:2
FNH:0
FNDA:0,ErrorScreen
FNDA:0,(anonymous_1)
DA:18,0
DA:20,0
DA:28,0
LF:3
LH:0
BRDA:14,0,0,0
BRDA:15,1,0,0
BRDA:27,2,0,0
BRDA:27,2,1,0
BRDA:28,3,0,0
BRDA:28,3,1,0
BRF:6
BRH:0
end_of_record
TN:
SF:src/components/ui/ExpandableSection.tsx
FN:13,(anonymous_0)
FN:30,(anonymous_1)
FNF:2
FNH:0
FNDA:0,(anonymous_0)
FNDA:0,(anonymous_1)
DA:13,1
DA:20,0
DA:22,0
DA:30,0
LF:4
LH:1
BRDA:17,0,0,0
BRDA:35,1,0,0
BRDA:35,1,1,0
BRDA:39,2,0,0
BRDA:39,2,1,0
BRDA:43,3,0,0
BRDA:43,3,1,0
BRF:7
BRH:0
end_of_record
TN:
SF:src/components/ui/ExportSuccessState.tsx
FN:14,(anonymous_0)
FNF:1
FNH:0
FNDA:0,(anonymous_0)
DA:14,1
DA:21,0
LF:2
LH:1
BRDA:19,0,0,0
BRDA:38,1,0,0
BRDA:38,1,1,0
BRF:3
BRH:0
end_of_record
TN:
SF:src/components/ui/FilterChip.tsx
FN:13,(anonymous_0)
FNF:1
FNH:1
FNDA:6,(anonymous_0)
DA:13,2
DA:20,6
LF:2
LH:2
BRDA:16,0,0,0
BRDA:25,1,0,2
BRDA:25,1,1,4
BRDA:31,2,0,6
BRDA:31,2,1,0
BRDA:32,3,0,0
BRDA:32,3,1,0
BRDA:39,4,0,2
BRDA:39,4,1,4
BRF:9
BRH:5
end_of_record
TN:
SF:src/components/ui/FilterIconButton.tsx
FN:11,(anonymous_0)
FNF:1
FNH:0
FNDA:0,(anonymous_0)
DA:11,1
DA:16,0
LF:2
LH:1
BRDA:13,0,0,0
BRDA:22,1,0,0
BRDA:22,1,1,0
BRDA:28,2,0,0
BRDA:28,2,1,0
BRDA:30,3,0,0
BRDA:30,3,1,0
BRF:7
BRH:0
end_of_record
TN:
SF:src/components/ui/FloatingActionButton.tsx
FN:14,(anonymous_0)
FNF:1
FNH:0
FNDA:0,(anonymous_0)
DA:14,1
DA:22,0
DA:27,0
DA:29,0
LF:4
LH:1
BRDA:15,0,0,0
BRDA:18,1,0,0
BRDA:19,2,0,0
BRDA:27,3,0,0
BRDA:27,3,1,0
BRDA:34,4,0,0
BRDA:34,4,1,0
BRDA:38,5,0,0
BRDA:38,5,1,0
BRDA:50,6,0,0
BRDA:50,6,1,0
BRDA:53,7,0,0
BRDA:53,7,1,0
BRF:13
BRH:0
end_of_record
TN:
SF:src/components/ui/Icon.tsx
FN:128,(anonymous_0)
FNF:1
FNH:1
FNDA:10,(anonymous_0)
DA:70,1
DA:128,1
DA:129,10
DA:131,10
DA:132,0
DA:133,0
DA:136,10
LF:7
LH:5
BRDA:128,0,0,0
BRDA:128,1,0,0
BRDA:131,2,0,0
BRDA:131,2,1,10
BRF:4
BRH:1
end_of_record
TN:
SF:src/components/ui/IllustrationHero.tsx
FN:14,(anonymous_0)
FNF:1
FNH:0
FNDA:0,(anonymous_0)
DA:14,1
DA:22,0
LF:2
LH:1
BRDA:20,0,0,0
BRDA:24,1,0,0
BRDA:24,1,1,0
BRDA:41,2,0,0
BRDA:41,2,1,0
BRDA:47,3,0,0
BRDA:47,3,1,0
BRDA:47,3,2,0
BRF:8
BRH:0
end_of_record
TN:
SF:src/components/ui/InfoCard.tsx
FN:14,(anonymous_0)
FNF:1
FNH:0
FNDA:0,(anonymous_0)
DA:14,1
DA:22,0
DA:27,0
LF:3
LH:1
BRDA:18,0,0,0
BRDA:19,1,0,0
BRDA:35,2,0,0
BRDA:35,2,1,0
BRDA:48,3,0,0
BRDA:48,3,1,0
BRF:6
BRH:0
end_of_record
TN:
SF:src/components/ui/ListItem.tsx
FN:15,(anonymous_0)
FNF:1
FNH:1
FNDA:3,(anonymous_0)
DA:15,2
DA:24,3
DA:26,3
LF:3
LH:3
BRDA:17,0,0,3
BRDA:24,1,0,0
BRDA:24,1,1,3
BRDA:31,2,0,3
BRDA:31,2,1,0
BRDA:35,3,0,3
BRDA:35,3,1,1
BRDA:40,4,0,1
BRDA:40,4,1,0
BRDA:50,5,0,3
BRDA:50,5,1,1
BRDA:55,6,0,3
BRDA:55,6,1,1
BRDA:57,7,0,3
BRDA:57,7,1,0
BRDA:57,7,2,0
BRF:16
BRH:11
end_of_record
TN:
SF:src/components/ui/LoadingOverlay.tsx
FN:12,(anonymous_0)
FNF:1
FNH:1
FNDA:4,(anonymous_0)
DA:12,2
DA:18,4
LF:2
LH:2
BRDA:14,0,0,3
BRDA:15,1,0,3
BRF:2
BRH:2
end_of_record
TN:
SF:src/components/ui/PageIndicator.tsx
FN:13,(anonymous_0)
FN:22,(anonymous_1)
FNF:2
FNH:0
FNDA:0,(anonymous_0)
FNDA:0,(anonymous_1)
DA:13,1
DA:20,0
DA:23,0
LF:3
LH:1
BRDA:16,0,0,0
BRDA:17,1,0,0
BRDA:26,2,0,0
BRDA:26,2,1,0
BRF:4
BRH:0
end_of_record
TN:
SF:src/components/ui/SearchBar.tsx
FN:13,(anonymous_0)
FNF:1
FNH:1
FNDA:4,(anonymous_0)
DA:13,2
DA:20,4
DA:25,4
LF:3
LH:3
BRDA:14,0,0,0
BRDA:18,1,0,4
BRF:2
BRH:1
end_of_record
TN:
SF:src/components/ui/SearchChip.tsx
FN:11,(anonymous_0)
FNF:1
FNH:0
FNDA:0,(anonymous_0)
DA:11,1
DA:16,0
LF:2
LH:1
BRF:0
BRH:0
end_of_record
TN:
SF:src/components/ui/SectionHeader.tsx
FN:10,(anonymous_0)
FNF:1
FNH:0
FNDA:0,(anonymous_0)
DA:10,1
DA:14,0
LF:2
LH:1
BRF:0
BRH:0
end_of_record
TN:
SF:src/components/ui/SegmentedControl.tsx
FN:13,(anonymous_0)
FN:43,(anonymous_1)
FN:46,(anonymous_2)
FNF:3
FNH:0
FNDA:0,(anonymous_0)
FNDA:0,(anonymous_1)
FNDA:0,(anonymous_2)
DA:13,1
DA:20,0
DA:33,0
DA:35,0
DA:44,0
DA:46,0
LF:6
LH:1
BRDA:17,0,0,0
BRDA:49,1,0,0
BRDA:49,1,1,0
BRDA:55,2,0,0
BRDA:55,2,1,0
BRF:5
BRH:0
end_of_record
TN:
SF:src/components/ui/SegmentedTabSelector.tsx
FN:12,(anonymous_0)
FN:20,(anonymous_1)
FN:23,(anonymous_2)
FNF:3
FNH:0
FNDA:0,(anonymous_0)
FNDA:0,(anonymous_1)
FNDA:0,(anonymous_2)
DA:12,1
DA:18,0
DA:21,0
DA:23,0
LF:4
LH:1
BRDA:27,0,0,0
BRDA:27,0,1,0
BRDA:33,1,0,0
BRDA:33,1,1,0
BRF:4
BRH:0
end_of_record
TN:
SF:src/components/ui/SideEffectItem.tsx
FN:13,(anonymous_0)
FNF:1
FNH:0
FNDA:0,(anonymous_0)
DA:13,1
DA:20,0
LF:2
LH:1
BRDA:16,0,0,0
BRDA:30,1,0,0
BRDA:30,1,1,0
BRF:3
BRH:0
end_of_record
TN:
SF:src/components/ui/Skeleton.tsx
FN:19,(anonymous_0)
FN:27,(anonymous_1)
FN:35,(anonymous_2)
FN:47,(anonymous_3)
FN:89,(anonymous_4)
FN:95,(anonymous_5)
FN:107,(anonymous_6)
FN:122,(anonymous_7)
FNF:8
FNH:0
FNDA:0,(anonymous_0)
FNDA:0,(anonymous_1)
FNDA:0,(anonymous_2)
FNDA:0,(anonymous_3)
FNDA:0,(anonymous_4)
FNDA:0,(anonymous_5)
FNDA:0,(anonymous_6)
FNDA:0,(anonymous_7)
DA:19,1
DA:25,0
DA:27,0
DA:28,0
DA:35,0
DA:36,0
DA:42,0
DA:47,0
DA:48,0
DA:50,0
DA:52,0
DA:55,0
DA:59,0
DA:64,0
DA:89,1
DA:93,0
DA:96,0
DA:107,1
DA:108,0
DA:122,1
DA:123,0
LF:21
LH:4
BRDA:20,0,0,0
BRDA:21,1,0,0
BRDA:22,2,0,0
BRDA:48,3,0,0
BRDA:48,3,1,0
BRDA:48,3,2,0
BRDA:48,3,3,0
BRDA:60,4,0,0
BRDA:60,4,1,0
BRDA:61,5,0,0
BRDA:61,5,1,0
BRDA:90,6,0,0
BRDA:100,7,0,0
BRDA:100,7,1,0
BRF:14
BRH:0
end_of_record
TN:
SF:src/components/ui/StatusBadge.tsx
FN:11,(anonymous_0)
FNF:1
FNH:0
FNDA:0,(anonymous_0)
DA:11,1
DA:16,0
DA:44,0
DA:45,0
DA:46,0
DA:48,0
LF:6
LH:1
BRDA:13,0,0,0
BRDA:45,1,0,0
BRDA:45,1,1,0
BRDA:46,2,0,0
BRDA:46,2,1,0
BRF:5
BRH:0
end_of_record
TN:
SF:src/components/ui/SuccessScreen.tsx
FN:21,(anonymous_0)
FNF:1
FNH:0
FNDA:0,(anonymous_0)
DA:21,1
DA:30,0
LF:2
LH:1
BRDA:23,0,0,0
BRDA:38,1,0,0
BRDA:38,1,1,0
BRDA:59,2,0,0
BRDA:59,2,1,0
BRDA:70,3,0,0
BRDA:70,3,1,0
BRF:7
BRH:0
end_of_record
TN:
SF:src/components/ui/SuccessState.tsx
FN:13,(anonymous_0)
FNF:1
FNH:0
FNDA:0,(anonymous_0)
DA:13,1
DA:20,0
LF:2
LH:1
BRF:0
BRH:0
end_of_record
TN:
SF:src/components/ui/SuggestionList.tsx
FN:14,(anonymous_0)
FN:25,(anonymous_1)
FNF:2
FNH:0
FNDA:0,(anonymous_0)
FNDA:0,(anonymous_1)
DA:14,1
DA:19,0
DA:26,0
LF:3
LH:1
BRDA:21,0,0,0
BRDA:21,0,1,0
BRF:2
BRH:0
end_of_record
TN:
SF:src/components/ui/TabSwitch.tsx
FN:12,(anonymous_0)
FN:20,(anonymous_1)
FN:23,(anonymous_2)
FNF:3
FNH:0
FNDA:0,(anonymous_0)
FNDA:0,(anonymous_1)
FNDA:0,(anonymous_2)
DA:12,1
DA:18,0
DA:21,0
DA:23,0
LF:4
LH:1
BRDA:26,0,0,0
BRDA:26,0,1,0
BRDA:34,1,0,0
BRDA:34,1,1,0
BRF:4
BRH:0
end_of_record
TN:
SF:src/components/ui/UploadActionItem.tsx
FN:12,(anonymous_0)
FNF:1
FNH:0
FNDA:0,(anonymous_0)
DA:12,1
DA:18,0
LF:2
LH:1
BRF:0
BRH:0
end_of_record
TN:
SF:src/components/upload/DashedUploadBox.tsx
FN:12,(anonymous_0)
FNF:1
FNH:0
FNDA:0,(anonymous_0)
DA:12,1
DA:18,0
LF:2
LH:1
BRDA:16,0,0,0
BRF:1
BRH:0
end_of_record
TN:
SF:src/components/upload/UploadOptionCard.tsx
FN:13,(anonymous_0)
FNF:1
FNH:0
FNDA:0,(anonymous_0)
DA:13,0
DA:20,0
LF:2
LH:0
BRF:0
BRH:0
end_of_record
TN:
SF:src/components/validation/PasswordValidationRow.tsx
FN:13,(anonymous_0)
FNF:1
FNH:0
FNDA:0,(anonymous_0)
DA:13,1
DA:18,0
DA:19,0
DA:21,0
LF:4
LH:1
BRDA:26,0,0,0
BRDA:26,0,1,0
BRDA:26,1,0,0
BRDA:26,1,1,0
BRDA:29,2,0,0
BRDA:29,2,1,0
BRDA:30,3,0,0
BRDA:30,3,1,0
BRDA:40,4,0,0
BRDA:40,4,1,0
BRDA:40,5,0,0
BRDA:40,5,1,0
BRF:12
BRH:0
end_of_record
TN:
SF:src/components/validation/ValidationChecklist.tsx
FN:13,(anonymous_0)
FN:19,(anonymous_1)
FNF:2
FNH:0
FNDA:0,(anonymous_0)
FNDA:0,(anonymous_1)
DA:13,1
DA:17,0
DA:20,0
LF:3
LH:1
BRDA:24,0,0,0
BRDA:24,0,1,0
BRDA:27,1,0,0
BRDA:27,1,1,0
BRDA:34,2,0,0
BRDA:34,2,1,0
BRF:6
BRH:0
end_of_record
TN:
SF:src/constants/Colors.ts
FNF:0
FNH:0
DA:6,5
LF:1
LH:1
BRF:0
BRH:0
end_of_record
TN:
SF:src/hooks/useAuth.ts
FN:18,useAuth
FN:29,(anonymous_1)
FN:46,(anonymous_2)
FN:60,(anonymous_3)
FN:68,(anonymous_4)
FN:87,(anonymous_5)
FN:92,(anonymous_6)
FN:103,(anonymous_7)
FN:111,(anonymous_8)
FN:130,(anonymous_9)
FN:133,(anonymous_10)
FN:146,(anonymous_11)
FN:155,(anonymous_12)
FN:167,(anonymous_13)
FN:170,(anonymous_14)
FN:177,(anonymous_15)
FNF:16
FNH:8
FNDA:7,useAuth
FNDA:3,(anonymous_1)
FNDA:1,(anonymous_2)
FNDA:1,(anonymous_3)
FNDA:1,(anonymous_4)
FNDA:0,(anonymous_5)
FNDA:0,(anonymous_6)
FNDA:0,(anonymous_7)
FNDA:0,(anonymous_8)
FNDA:1,(anonymous_9)
FNDA:1,(anonymous_10)
FNDA:0,(anonymous_11)
FNDA:0,(anonymous_12)
FNDA:0,(anonymous_13)
FNDA:0,(anonymous_14)
FNDA:3,(anonymous_15)
DA:16,1
DA:19,7
DA:25,7
DA:26,7
DA:29,7
DA:30,3
DA:31,3
DA:32,3
DA:38,3
DA:39,2
DA:46,1
DA:52,0
DA:53,0
DA:55,3
DA:60,7
DA:61,1
DA:62,1
DA:63,1
DA:65,1
DA:67,1
DA:68,1
DA:74,1
DA:76,0
DA:79,0
DA:80,0
DA:82,1
DA:87,7
DA:88,0
DA:89,0
DA:90,0
DA:92,0
DA:93,0
DA:95,0
DA:96,0
DA:98,0
DA:103,7
DA:104,0
DA:105,0
DA:106,0
DA:108,0
DA:110,0
DA:111,0
DA:117,0
DA:119,0
DA:122,0
DA:123,0
DA:125,0
DA:130,7
DA:131,1
DA:132,1
DA:133,1
DA:140,0
DA:141,0
DA:146,7
DA:147,0
DA:148,0
DA:149,0
DA:152,0
DA:153,0
DA:155,0
DA:160,0
DA:161,0
DA:162,0
DA:167,7
DA:168,0
DA:169,0
DA:170,0
DA:172,0
DA:177,7
DA:178,3
DA:181,7
LF:71
LH:32
BRDA:38,0,0,2
BRDA:38,0,1,1
BRDA:38,1,0,3
BRDA:38,1,1,2
BRDA:67,2,0,1
BRDA:67,2,1,0
BRDA:67,3,0,1
BRDA:67,3,1,1
BRDA:67,3,2,1
BRDA:76,4,0,0
BRDA:76,4,1,0
BRDA:110,5,0,0
BRDA:110,5,1,0
BRDA:110,6,0,0
BRDA:110,6,1,0
BRDA:110,6,2,0
BRDA:119,7,0,0
BRDA:119,7,1,0
BRDA:148,8,0,0
BRDA:148,8,1,0
BRDA:169,9,0,0
BRDA:169,9,1,0
BRF:22
BRH:8
end_of_record
TN:
SF:src/hooks/useCamera.ts
FN:12,useCamera
FN:21,(anonymous_1)
FN:34,(anonymous_2)
FN:48,(anonymous_3)
FN:82,(anonymous_4)
FN:113,(anonymous_5)
FNF:6
FNH:5
FNDA:9,useCamera
FNDA:1,(anonymous_1)
FNDA:4,(anonymous_2)
FNDA:3,(anonymous_3)
FNDA:0,(anonymous_4)
FNDA:1,(anonymous_5)
DA:13,9
DA:14,9
DA:15,9
DA:16,9
DA:21,9
DA:22,1
DA:23,1
DA:24,1
DA:26,0
DA:27,0
DA:34,9
DA:35,4
DA:36,4
DA:37,4
DA:38,4
DA:40,0
DA:41,0
DA:48,9
DA:49,3
DA:50,3
DA:51,3
DA:53,3
DA:54,3
DA:55,0
DA:58,3
DA:65,2
DA:66,1
DA:69,1
DA:71,1
DA:72,1
DA:73,1
DA:75,3
DA:82,9
DA:83,0
DA:84,0
DA:85,0
DA:87,0
DA:89,0
DA:90,0
DA:91,0
DA:94,0
DA:102,0
DA:103,0
DA:104,0
DA:106,0
DA:113,9
DA:114,1
DA:115,1
DA:116,1
DA:118,0
DA:119,0
DA:123,9
LF:52
LH:33
BRDA:54,0,0,0
BRDA:54,0,1,3
BRDA:65,1,0,1
BRDA:65,1,1,1
BRDA:65,2,0,2
BRDA:65,2,1,1
BRDA:89,3,0,0
BRDA:89,3,1,0
BRDA:89,4,0,0
BRDA:89,4,1,0
BRDA:97,5,0,0
BRDA:97,5,1,0
BRDA:98,6,0,0
BRDA:98,6,1,0
BRDA:99,7,0,0
BRDA:99,7,1,0
BRF:16
BRH:5
end_of_record
TN:
SF:src/hooks/useContacts.ts
FN:18,useContacts
FN:22,(anonymous_1)
FN:36,(anonymous_2)
FN:45,(anonymous_3)
FN:56,(anonymous_4)
FN:57,(anonymous_5)
FN:61,(anonymous_6)
FN:62,(anonymous_7)
FN:66,(anonymous_8)
FNF:9
FNH:9
FNDA:13,useContacts
FNDA:5,(anonymous_1)
FNDA:3,(anonymous_2)
FNDA:1,(anonymous_3)
FNDA:1,(anonymous_4)
FNDA:1,(anonymous_5)
FNDA:1,(anonymous_6)
FNDA:1,(anonymous_7)
FNDA:5,(anonymous_8)
DA:16,1
DA:19,13
DA:20,13
DA:22,13
DA:23,5
DA:24,5
DA:25,5
DA:26,4
DA:27,4
DA:30,1
DA:32,5
DA:36,13
DA:37,3
DA:38,3
DA:39,3
DA:41,0
DA:45,13
DA:46,1
DA:51,1
DA:52,1
DA:53,1
DA:56,13
DA:57,1
DA:58,1
DA:61,13
DA:62,1
DA:63,1
DA:66,13
DA:67,5
DA:70,13
LF:30
LH:29
BRDA:26,0,0,4
BRDA:26,0,1,0
BRDA:57,1,0,1
BRDA:57,1,1,0
BRF:4
BRH:2
end_of_record
TN:
SF:src/hooks/useDoses.ts
FN:35,useDoses
FN:41,(anonymous_1)
FN:59,(anonymous_2)
FN:76,(anonymous_3)
FN:106,(anonymous_4)
FN:108,(anonymous_5)
FN:126,(anonymous_6)
FN:127,(anonymous_7)
FN:131,(anonymous_8)
FN:132,(anonymous_9)
FN:139,(anonymous_10)
FN:152,(anonymous_11)
FN:156,(anonymous_12)
FN:159,(anonymous_13)
FN:164,(anonymous_14)
FN:167,(anonymous_15)
FN:168,(anonymous_16)
FN:172,(anonymous_17)
FN:173,(anonymous_18)
FN:177,(anonymous_19)
FN:181,(anonymous_20)
FN:185,(anonymous_21)
FN:187,(anonymous_22)
FN:197,(anonymous_23)
FNF:24
FNH:15
FNDA:16,useDoses
FNDA:7,(anonymous_1)
FNDA:3,(anonymous_2)
FNDA:1,(anonymous_3)
FNDA:1,(anonymous_4)
FNDA:1,(anonymous_5)
FNDA:0,(anonymous_6)
FNDA:0,(anonymous_7)
FNDA:1,(anonymous_8)
FNDA:2,(anonymous_9)
FNDA:1,(anonymous_10)
FNDA:2,(anonymous_11)
FNDA:2,(anonymous_12)
FNDA:2,(anonymous_13)
FNDA:0,(anonymous_14)
FNDA:0,(anonymous_15)
FNDA:0,(anonymous_16)
FNDA:0,(anonymous_17)
FNDA:0,(anonymous_18)
FNDA:0,(anonymous_19)
FNDA:0,(anonymous_20)
FNDA:1,(anonymous_21)
FNDA:1,(anonymous_22)
FNDA:7,(anonymous_23)
DA:29,1
DA:36,16
DA:37,16
DA:38,16
DA:41,16
DA:42,7
DA:43,7
DA:44,7
DA:45,7
DA:46,7
DA:47,5
DA:48,5
DA:51,0
DA:52,0
DA:54,7
DA:59,16
DA:60,3
DA:61,3
DA:63,0
DA:64,0
DA:76,16
DA:83,1
DA:84,1
DA:95,1
DA:96,1
DA:97,1
DA:98,1
DA:100,0
DA:101,0
DA:106,16
DA:107,1
DA:108,1
DA:109,1
DA:117,1
DA:118,1
DA:120,0
DA:121,0
DA:126,16
DA:127,0
DA:131,16
DA:132,1
DA:133,2
DA:134,2
DA:139,16
DA:140,1
DA:141,1
DA:142,1
DA:143,1
DA:144,1
DA:152,16
DA:153,2
DA:154,2
DA:156,2
DA:157,2
DA:159,2
DA:160,1
DA:164,16
DA:165,0
DA:166,0
DA:167,0
DA:168,0
DA:172,16
DA:173,0
DA:177,16
DA:178,0
DA:179,0
DA:180,0
DA:181,0
DA:185,16
DA:186,1
DA:187,1
DA:188,1
DA:189,1
DA:191,0
DA:192,0
DA:197,16
DA:198,7
DA:201,16
LF:78
LH:58
BRDA:46,0,0,5
BRDA:46,0,1,2
BRDA:89,1,0,1
BRDA:89,1,1,0
BRDA:109,2,0,1
BRDA:109,2,1,0
BRDA:113,3,0,1
BRDA:113,3,1,0
BRDA:134,4,0,2
BRDA:134,4,1,1
BRDA:152,5,0,0
BRDA:157,6,0,1
BRDA:157,6,1,1
BRDA:167,7,0,0
BRDA:167,7,1,0
BRDA:177,8,0,0
BRF:16
BRH:9
end_of_record
TN:
SF:src/hooks/useMedications.ts
FN:18,useMedications
FN:25,(anonymous_1)
FN:59,(anonymous_2)
FN:74,(anonymous_3)
FN:118,(anonymous_4)
FN:132,(anonymous_5)
FN:134,(anonymous_6)
FN:155,(anonymous_7)
FN:169,(anonymous_8)
FN:171,(anonymous_9)
FN:195,(anonymous_10)
FN:196,(anonymous_11)
FN:200,(anonymous_12)
FN:201,(anonymous_13)
FN:207,(anonymous_14)
FN:208,(anonymous_15)
FN:217,(anonymous_16)
FN:219,(anonymous_17)
FN:236,(anonymous_18)
FNF:19
FNH:6
FNDA:6,useMedications
FNDA:3,(anonymous_1)
FNDA:1,(anonymous_2)
FNDA:1,(anonymous_3)
FNDA:1,(anonymous_4)
FNDA:0,(anonymous_5)
FNDA:0,(anonymous_6)
FNDA:0,(anonymous_7)
FNDA:0,(anonymous_8)
FNDA:0,(anonymous_9)
FNDA:0,(anonymous_10)
FNDA:0,(anonymous_11)
FNDA:0,(anonymous_12)
FNDA:0,(anonymous_13)
FNDA:0,(anonymous_14)
FNDA:0,(anonymous_15)
FNDA:0,(anonymous_16)
FNDA:0,(anonymous_17)
FNDA:3,(anonymous_18)
DA:11,1
DA:19,6
DA:20,6
DA:21,6
DA:22,6
DA:25,6
DA:26,3
DA:27,3
DA:28,3
DA:31,3
DA:32,3
DA:33,3
DA:34,2
DA:35,1
DA:36,1
DA:37,1
DA:38,1
DA:41,1
DA:45,2
DA:46,2
DA:47,1
DA:48,1
DA:51,0
DA:52,0
DA:54,3
DA:59,6
DA:60,1
DA:61,1
DA:63,0
DA:64,0
DA:74,6
DA:75,1
DA:76,1
DA:84,1
DA:85,1
DA:86,1
DA:89,1
DA:90,1
DA:91,1
DA:93,0
DA:96,0
DA:100,1
DA:101,1
DA:102,1
DA:103,1
DA:104,1
DA:107,0
DA:110,1
DA:112,0
DA:113,0
DA:118,6
DA:119,1
DA:120,1
DA:121,1
DA:122,0
DA:123,0
DA:124,0
DA:125,0
DA:126,0
DA:128,0
DA:132,6
DA:133,0
DA:134,0
DA:135,0
DA:139,0
DA:140,0
DA:143,0
DA:144,0
DA:145,0
DA:147,0
DA:150,0
DA:154,0
DA:155,0
DA:156,0
DA:157,0
DA:158,0
DA:159,0
DA:163,0
DA:164,0
DA:169,6
DA:170,0
DA:171,0
DA:172,0
DA:173,0
DA:176,0
DA:177,0
DA:178,0
DA:180,0
DA:183,0
DA:187,0
DA:189,0
DA:190,0
DA:195,6
DA:196,0
DA:200,6
DA:201,0
DA:202,0
DA:207,6
DA:208,0
DA:217,6
DA:218,0
DA:219,0
DA:220,0
DA:222,0
DA:225,0
DA:226,0
DA:229,0
DA:231,0
DA:236,6
DA:237,3
DA:240,6
LF:111
LH:54
BRDA:31,0,0,3
BRDA:31,0,1,0
BRDA:34,1,0,1
BRDA:34,1,1,1
BRDA:46,2,0,1
BRDA:46,2,1,1
BRDA:89,3,0,1
BRDA:89,3,1,0
BRDA:102,4,0,1
BRDA:102,4,1,0
BRDA:120,5,0,0
BRDA:120,5,1,1
BRDA:120,6,0,1
BRDA:120,6,1,1
BRDA:121,7,0,1
BRDA:121,7,1,0
BRDA:122,8,0,0
BRDA:122,8,1,0
BRDA:122,9,0,0
BRDA:122,9,1,0
BRDA:123,10,0,0
BRDA:123,10,1,0
BRDA:123,11,0,0
BRDA:123,11,1,0
BRDA:124,12,0,0
BRDA:124,12,1,0
BRDA:125,13,0,0
BRDA:125,13,1,0
BRDA:126,14,0,0
BRDA:126,14,1,0
BRDA:135,15,0,0
BRDA:135,15,1,0
BRDA:143,16,0,0
BRDA:143,16,1,0
BRDA:154,17,0,0
BRDA:154,17,1,0
BRDA:154,18,0,0
BRDA:154,18,1,0
BRDA:154,18,2,0
BRDA:156,19,0,0
BRDA:156,19,1,0
BRDA:176,20,0,0
BRDA:176,20,1,0
BRDA:217,21,0,0
BRDA:220,22,0,0
BRDA:220,22,1,0
BRDA:220,23,0,0
BRDA:220,23,1,0
BRDA:225,24,0,0
BRDA:225,24,1,0
BRDA:225,25,0,0
BRDA:225,25,1,0
BRDA:225,25,2,0
BRF:53
BRH:11
end_of_record
TN:
SF:src/hooks/useNotifications.ts
FN:7,(anonymous_0)
FN:20,useNotifications
FN:30,(anonymous_2)
FN:76,(anonymous_3)
FN:123,(anonymous_4)
FN:157,(anonymous_5)
FN:167,(anonymous_6)
FN:177,(anonymous_7)
FN:189,(anonymous_8)
FN:198,(anonymous_9)
FN:207,(anonymous_10)
FN:208,(anonymous_11)
FN:221,(anonymous_12)
FN:223,(anonymous_13)
FN:228,(anonymous_14)
FN:237,(anonymous_15)
FNF:16
FNH:9
FNDA:0,(anonymous_0)
FNDA:12,useNotifications
FNDA:2,(anonymous_2)
FNDA:1,(anonymous_3)
FNDA:1,(anonymous_4)
FNDA:1,(anonymous_5)
FNDA:0,(anonymous_6)
FNDA:0,(anonymous_7)
FNDA:0,(anonymous_8)
FNDA:0,(anonymous_9)
FNDA:6,(anonymous_10)
FNDA:6,(anonymous_11)
FNDA:6,(anonymous_12)
FNDA:0,(anonymous_13)
FNDA:0,(anonymous_14)
FNDA:6,(anonymous_15)
DA:6,1
DA:7,0
DA:21,12
DA:26,12
DA:27,12
DA:30,12
DA:31,2
DA:32,2
DA:34,2
DA:35,0
DA:43,2
DA:44,2
DA:46,2
DA:47,2
DA:48,2
DA:51,2
DA:52,2
DA:58,2
DA:59,1
DA:60,1
DA:64,1
DA:65,1
DA:67,1
DA:69,0
DA:70,0
DA:71,0
DA:76,12
DA:82,1
DA:83,1
DA:89,1
DA:90,1
DA:91,0
DA:92,0
DA:93,0
DA:94,0
DA:95,0
DA:96,0
DA:99,1
DA:114,1
DA:116,0
DA:117,0
DA:118,0
DA:123,12
DA:127,1
DA:128,1
DA:134,1
DA:148,1
DA:150,0
DA:151,0
DA:152,0
DA:157,12
DA:158,1
DA:159,1
DA:161,0
DA:162,0
DA:167,12
DA:168,0
DA:169,0
DA:171,0
DA:172,0
DA:177,12
DA:178,0
DA:179,0
DA:180,0
DA:182,0
DA:183,0
DA:184,0
DA:189,12
DA:190,0
DA:191,0
DA:193,0
DA:198,12
DA:199,0
DA:200,0
DA:202,0
DA:207,12
DA:208,6
DA:209,6
DA:210,6
DA:217,6
DA:221,12
DA:223,6
DA:224,0
DA:228,6
DA:229,0
DA:231,0
DA:232,0
DA:237,6
DA:238,6
DA:239,6
DA:243,12
LF:91
LH:52
BRDA:34,0,0,0
BRDA:34,0,1,2
BRDA:46,1,0,2
BRDA:46,1,1,0
BRDA:58,2,0,1
BRDA:58,2,1,1
BRDA:89,3,0,1
BRDA:89,3,1,0
BRDA:91,4,0,0
BRDA:91,4,1,0
BRDA:94,5,0,0
BRDA:94,5,1,0
BRDA:232,6,0,0
BRDA:232,6,1,0
BRF:14
BRH:5
end_of_record
TN:
SF:src/hooks/useOffline.ts
FN:17,useOffline
FN:22,(anonymous_1)
FN:23,(anonymous_2)
FN:36,(anonymous_3)
FN:42,(anonymous_4)
FN:57,(anonymous_5)
FN:68,(anonymous_6)
FN:84,(anonymous_7)
FN:110,(anonymous_8)
FN:129,(anonymous_9)
FN:137,(anonymous_10)
FNF:11
FNH:7
FNDA:7,useOffline
FNDA:4,(anonymous_1)
FNDA:0,(anonymous_2)
FNDA:4,(anonymous_3)
FNDA:4,(anonymous_4)
FNDA:1,(anonymous_5)
FNDA:1,(anonymous_6)
FNDA:0,(anonymous_7)
FNDA:0,(anonymous_8)
FNDA:1,(anonymous_9)
FNDA:0,(anonymous_10)
DA:6,1
DA:15,1
DA:18,7
DA:19,7
DA:20,7
DA:22,7
DA:23,4
DA:24,0
DA:25,0
DA:28,0
DA:29,0
DA:34,4
DA:36,4
DA:42,7
DA:43,4
DA:44,4
DA:45,4
DA:46,2
DA:47,2
DA:50,0
DA:57,7
DA:58,1
DA:59,1
DA:61,0
DA:68,7
DA:69,1
DA:76,1
DA:77,1
DA:78,1
DA:84,7
DA:85,0
DA:87,0
DA:89,0
DA:91,0
DA:92,0
DA:94,0
DA:95,0
DA:97,0
DA:98,0
DA:103,0
DA:104,0
DA:110,7
DA:112,0
DA:114,0
DA:116,0
DA:118,0
DA:120,0
DA:122,0
DA:129,7
DA:130,1
DA:131,1
DA:137,7
DA:138,0
DA:139,0
DA:143,7
LF:55
LH:30
BRDA:24,0,0,0
BRDA:24,0,1,0
BRDA:25,1,0,0
BRDA:25,1,1,0
BRDA:28,2,0,0
BRDA:28,2,1,0
BRDA:28,3,0,0
BRDA:28,3,1,0
BRDA:45,4,0,2
BRDA:45,4,1,2
BRDA:85,5,0,0
BRDA:85,5,1,0
BRDA:112,6,0,0
BRDA:112,6,1,0
BRDA:112,6,2,0
BRDA:112,6,3,0
BRDA:112,6,4,0
BRDA:138,7,0,0
BRDA:138,7,1,0
BRDA:138,8,0,0
BRDA:138,8,1,0
BRF:21
BRH:2
end_of_record
TN:
SF:src/hooks/usePrivacy.ts
FN:12,usePrivacy
FN:17,(anonymous_1)
FN:22,(anonymous_2)
FN:27,(anonymous_3)
FN:40,(anonymous_4)
FN:59,(anonymous_5)
FNF:6
FNH:6
FNDA:14,usePrivacy
FNDA:6,(anonymous_1)
FNDA:6,(anonymous_2)
FNDA:6,(anonymous_3)
FNDA:3,(anonymous_4)
FNDA:2,(anonymous_5)
DA:5,1
DA:13,14
DA:14,14
DA:15,14
DA:17,14
DA:18,6
DA:19,6
DA:22,14
DA:23,6
DA:24,6
DA:27,14
DA:28,6
DA:29,6
DA:30,6
DA:31,2
DA:34,0
DA:36,6
DA:40,14
DA:41,3
DA:43,2
DA:48,2
DA:49,1
DA:53,2
DA:54,2
DA:55,2
DA:56,2
DA:59,14
DA:60,2
DA:62,1
DA:67,1
DA:70,14
LF:31
LH:30
BRDA:30,0,0,2
BRDA:30,0,1,4
BRDA:41,1,0,2
BRDA:41,1,1,1
BRDA:48,2,0,1
BRDA:48,2,1,1
BRDA:60,3,0,1
BRDA:60,3,1,1
BRF:8
BRH:8
end_of_record
TN:
SF:src/hooks/useProfile.ts
FN:66,useProfile
FN:72,(anonymous_1)
FN:90,(anonymous_2)
FN:100,(anonymous_3)
FN:115,(anonymous_4)
FN:130,(anonymous_5)
FN:145,(anonymous_6)
FN:165,(anonymous_7)
FN:180,(anonymous_8)
FN:191,(anonymous_9)
FN:193,(anonymous_10)
FN:202,(anonymous_11)
FN:213,(anonymous_12)
FN:215,(anonymous_13)
FN:224,(anonymous_14)
FNF:15
FNH:15
FNDA:33,useProfile
FNDA:11,(anonymous_1)
FNDA:8,(anonymous_2)
FNDA:1,(anonymous_3)
FNDA:4,(anonymous_4)
FNDA:1,(anonymous_5)
FNDA:1,(anonymous_6)
FNDA:1,(anonymous_7)
FNDA:1,(anonymous_8)
FNDA:1,(anonymous_9)
FNDA:1,(anonymous_10)
FNDA:1,(anonymous_11)
FNDA:1,(anonymous_12)
FNDA:1,(anonymous_13)
FNDA:11,(anonymous_14)
DA:43,2
DA:45,2
DA:67,33
DA:68,33
DA:69,33
DA:72,33
DA:73,11
DA:74,11
DA:75,11
DA:76,11
DA:77,11
DA:78,1
DA:79,1
DA:82,0
DA:83,0
DA:85,11
DA:90,33
DA:91,8
DA:92,8
DA:94,0
DA:95,0
DA:100,33
DA:101,1
DA:102,1
DA:106,1
DA:107,1
DA:109,0
DA:110,0
DA:115,33
DA:116,4
DA:117,4
DA:121,4
DA:122,4
DA:124,0
DA:125,0
DA:130,33
DA:131,1
DA:132,1
DA:136,1
DA:137,1
DA:139,0
DA:140,0
DA:145,33
DA:146,1
DA:147,1
DA:156,1
DA:157,1
DA:159,0
DA:160,0
DA:165,33
DA:166,1
DA:167,1
DA:171,1
DA:172,1
DA:174,0
DA:175,0
DA:180,33
DA:181,1
DA:182,1
DA:183,1
DA:185,0
DA:186,0
DA:191,33
DA:192,1
DA:193,1
DA:194,1
DA:196,0
DA:197,0
DA:202,33
DA:203,1
DA:204,1
DA:205,1
DA:207,0
DA:208,0
DA:213,33
DA:214,1
DA:215,1
DA:216,1
DA:218,0
DA:219,0
DA:224,33
DA:225,11
DA:228,33
LF:83
LH:61
BRDA:77,0,0,1
BRDA:77,0,1,10
BRF:2
BRH:2
end_of_record
TN:
SF:src/hooks/useWellness.ts
FN:12,useWellness
FN:16,(anonymous_1)
FN:20,(anonymous_2)
FN:33,(anonymous_3)
FN:35,(anonymous_4)
FN:43,(anonymous_5)
FN:44,(anonymous_6)
FNF:7
FNH:7
FNDA:14,useWellness
FNDA:6,(anonymous_1)
FNDA:6,(anonymous_2)
FNDA:2,(anonymous_3)
FNDA:1,(anonymous_4)
FNDA:2,(anonymous_5)
FNDA:2,(anonymous_6)
DA:10,1
DA:13,14
DA:14,14
DA:16,14
DA:17,6
DA:20,14
DA:21,6
DA:22,6
DA:23,5
DA:24,4
DA:27,1
DA:29,6
DA:33,14
DA:34,2
DA:35,2
DA:36,2
DA:37,2
DA:39,0
DA:43,14
DA:44,2
DA:47,14
LF:21
LH:20
BRDA:23,0,0,4
BRDA:23,0,1,1
BRF:2
BRH:2
end_of_record
TN:
SF:src/navigation/AppNavigator.tsx
FNF:0
FNH:0
DA:1,0
LF:1
LH:0
BRF:0
BRH:0
end_of_record
TN:
SF:src/navigation/routes.ts
FN:25,(anonymous_0)
FN:27,(anonymous_1)
FN:67,(anonymous_2)
FN:68,(anonymous_3)
FN:69,(anonymous_4)
FN:70,(anonymous_5)
FN:71,(anonymous_6)
FN:72,(anonymous_7)
FN:76,(anonymous_8)
FNF:9
FNH:0
FNDA:0,(anonymous_0)
FNDA:0,(anonymous_1)
FNDA:0,(anonymous_2)
FNDA:0,(anonymous_3)
FNDA:0,(anonymous_4)
FNDA:0,(anonymous_5)
FNDA:0,(anonymous_6)
FNDA:0,(anonymous_7)
FNDA:0,(anonymous_8)
DA:7,0
DA:25,0
DA:27,0
DA:66,0
DA:67,0
DA:68,0
DA:69,0
DA:70,0
DA:71,0
DA:72,0
DA:76,0
DA:77,0
DA:98,0
DA:99,0
DA:103,0
DA:104,0
DA:107,0
LF:17
LH:0
BRDA:98,0,0,0
BRDA:98,0,1,0
BRDA:103,1,0,0
BRDA:103,1,1,0
BRDA:103,2,0,0
BRDA:103,2,1,0
BRF:6
BRH:0
end_of_record
TN:
SF:src/screens/Analytics/AnalyticsScreen.tsx
FN:14,AnalyticsScreen
FN:26,(anonymous_1)
FN:27,(anonymous_2)
FN:29,(anonymous_3)
FN:31,(anonymous_4)
FN:44,(anonymous_5)
FN:45,(anonymous_6)
FN:46,(anonymous_7)
FN:53,(anonymous_8)
FN:55,(anonymous_9)
FN:63,(anonymous_10)
FN:64,(anonymous_11)
FN:77,(anonymous_12)
FN:81,(anonymous_13)
FN:105,(anonymous_14)
FN:119,(anonymous_15)
FN:120,(anonymous_16)
FNF:17
FNH:0
FNDA:0,AnalyticsScreen
FNDA:0,(anonymous_1)
FNDA:0,(anonymous_2)
FNDA:0,(anonymous_3)
FNDA:0,(anonymous_4)
FNDA:0,(anonymous_5)
FNDA:0,(anonymous_6)
FNDA:0,(anonymous_7)
FNDA:0,(anonymous_8)
FNDA:0,(anonymous_9)
FNDA:0,(anonymous_10)
FNDA:0,(anonymous_11)
FNDA:0,(anonymous_12)
FNDA:0,(anonymous_13)
FNDA:0,(anonymous_14)
FNDA:0,(anonymous_15)
FNDA:0,(anonymous_16)
DA:15,0
DA:16,0
DA:17,0
DA:18,0
DA:19,0
DA:21,0
DA:22,0
DA:23,0
DA:25,0
DA:26,0
DA:27,0
DA:29,0
DA:30,0
DA:31,0
DA:32,0
DA:35,0
DA:36,0
DA:37,0
DA:39,0
DA:42,0
DA:44,0
DA:45,0
DA:46,0
DA:47,0
DA:53,0
DA:55,0
DA:56,0
DA:57,0
DA:58,0
DA:59,0
DA:60,0
DA:61,0
DA:62,0
DA:63,0
DA:64,0
DA:65,0
DA:71,0
DA:74,0
DA:77,0
DA:81,0
DA:105,0
DA:119,0
DA:121,0
DA:122,0
DA:123,0
DA:125,0
DA:133,0
LF:47
LH:0
BRDA:21,0,0,0
BRDA:21,0,1,0
BRDA:36,1,0,0
BRDA:36,1,1,0
BRDA:37,2,0,0
BRDA:37,2,1,0
BRDA:49,3,0,0
BRDA:49,3,1,0
BRDA:67,4,0,0
BRDA:67,4,1,0
BRDA:107,5,0,0
BRDA:107,5,1,0
BRDA:107,6,0,0
BRDA:107,6,1,0
BRDA:122,7,0,0
BRDA:122,7,1,0
BRF:16
BRH:0
end_of_record
TN:
SF:src/screens/Auth/LoginScreen.tsx
FN:13,LoginScreen
FN:17,(anonymous_1)
FN:55,(anonymous_2)
FNF:3
FNH:3
FNDA:4,LoginScreen
FNDA:2,(anonymous_1)
FNDA:1,(anonymous_2)
DA:14,4
DA:15,4
DA:17,4
DA:18,2
DA:19,2
DA:20,1
DA:22,1
DA:26,4
DA:55,1
LF:9
LH:9
BRDA:19,0,0,1
BRDA:19,0,1,1
BRDA:29,1,0,4
BRDA:29,1,1,0
BRF:4
BRH:3
end_of_record
TN:
SF:src/screens/Auth/PhoneLoginScreen.tsx
FN:12,PhoneLoginScreen
FN:18,(anonymous_1)
FN:58,(anonymous_2)
FN:77,(anonymous_3)
FNF:4
FNH:4
FNDA:11,PhoneLoginScreen
FNDA:4,(anonymous_1)
FNDA:1,(anonymous_2)
FNDA:3,(anonymous_3)
DA:13,11
DA:14,11
DA:15,11
DA:16,11
DA:18,11
DA:19,4
DA:20,1
DA:21,1
DA:23,3
DA:24,1
DA:25,1
DA:28,2
DA:29,2
DA:30,1
DA:38,1
DA:42,11
DA:58,1
DA:78,3
DA:79,3
LF:19
LH:19
BRDA:19,0,0,1
BRDA:19,0,1,3
BRDA:23,1,0,1
BRDA:23,1,1,2
BRDA:29,2,0,1
BRDA:29,2,1,1
BRDA:33,3,0,1
BRDA:33,3,1,0
BRDA:38,4,0,1
BRDA:38,4,1,0
BRDA:45,5,0,11
BRDA:45,5,1,0
BRDA:79,6,0,0
BRDA:79,6,1,3
BRF:14
BRH:10
end_of_record
TN:
SF:src/screens/Auth/VerifyOTPScreen.tsx
FN:12,VerifyOTPScreen
FN:20,(anonymous_1)
FN:50,(anonymous_2)
FN:69,(anonymous_3)
FN:92,(anonymous_4)
FNF:5
FNH:5
FNDA:9,VerifyOTPScreen
FNDA:3,(anonymous_1)
FNDA:1,(anonymous_2)
FNDA:3,(anonymous_3)
FNDA:1,(anonymous_4)
DA:13,9
DA:14,9
DA:15,9
DA:17,9
DA:18,9
DA:20,9
DA:21,3
DA:22,1
DA:23,1
DA:26,2
DA:27,2
DA:28,1
DA:30,1
DA:34,9
DA:50,1
DA:70,3
DA:71,3
DA:92,1
LF:18
LH:18
BRDA:21,0,0,1
BRDA:21,0,1,2
BRDA:21,1,0,3
BRDA:21,1,1,3
BRDA:26,2,0,2
BRDA:26,2,1,0
BRDA:27,3,0,1
BRDA:27,3,1,1
BRDA:30,4,0,1
BRDA:30,4,1,0
BRDA:37,5,0,9
BRDA:37,5,1,0
BRDA:61,6,0,9
BRDA:61,6,1,0
BRDA:71,7,0,0
BRDA:71,7,1,3
BRF:16
BRH:11
end_of_record
TN:
SF:src/screens/Contacts/ContactDirectoryScreen.tsx
FN:9,(anonymous_0)
FN:10,(anonymous_1)
FN:16,(anonymous_2)
FN:54,(anonymous_3)
FN:60,(anonymous_4)
FN:67,(anonymous_5)
FN:73,(anonymous_6)
FN:81,(anonymous_7)
FN:85,(anonymous_8)
FN:99,(anonymous_9)
FN:102,(anonymous_10)
FN:119,(anonymous_11)
FN:123,(anonymous_12)
FN:124,(anonymous_13)
FNF:14
FNH:0
FNDA:0,(anonymous_0)
FNDA:0,(anonymous_1)
FNDA:0,(anonymous_2)
FNDA:0,(anonymous_3)
FNDA:0,(anonymous_4)
FNDA:0,(anonymous_5)
FNDA:0,(anonymous_6)
FNDA:0,(anonymous_7)
FNDA:0,(anonymous_8)
FNDA:0,(anonymous_9)
FNDA:0,(anonymous_10)
FNDA:0,(anonymous_11)
FNDA:0,(anonymous_12)
FNDA:0,(anonymous_13)
DA:9,0
DA:10,0
DA:11,0
DA:12,0
DA:16,0
DA:17,0
DA:18,0
DA:22,0
DA:54,0
DA:55,0
DA:56,0
DA:57,0
DA:58,0
DA:60,0
DA:61,0
DA:62,0
DA:64,0
DA:67,0
DA:68,0
DA:73,0
DA:78,0
DA:81,0
DA:85,0
DA:100,0
DA:102,0
DA:120,0
DA:123,0
DA:124,0
LF:28
LH:0
BRDA:11,0,0,0
BRDA:11,0,1,0
BRDA:17,1,0,0
BRDA:17,1,1,0
BRDA:26,2,0,0
BRDA:26,2,1,0
BRDA:26,3,0,0
BRDA:26,3,1,0
BRDA:33,4,0,0
BRDA:33,4,1,0
BRDA:40,5,0,0
BRDA:40,5,1,0
BRDA:61,6,0,0
BRDA:61,6,1,0
BRDA:62,7,0,0
BRDA:62,7,1,0
BRDA:63,8,0,0
BRDA:63,8,1,0
BRDA:64,9,0,0
BRDA:64,9,1,0
BRDA:103,10,0,0
BRDA:103,10,1,0
BRDA:105,11,0,0
BRDA:105,11,1,0
BRDA:113,12,0,0
BRDA:113,12,1,0
BRF:26
BRH:0
end_of_record
TN:
SF:src/screens/Contacts/ContactFormScreen.tsx
FN:8,(anonymous_0)
FN:21,(anonymous_1)
FN:23,(anonymous_2)
FN:36,(anonymous_3)
FN:57,(anonymous_4)
FN:68,(anonymous_5)
FN:71,(anonymous_6)
FNF:7
FNH:0
FNDA:0,(anonymous_0)
FNDA:0,(anonymous_1)
FNDA:0,(anonymous_2)
FNDA:0,(anonymous_3)
FNDA:0,(anonymous_4)
FNDA:0,(anonymous_5)
FNDA:0,(anonymous_6)
DA:8,0
DA:9,0
DA:10,0
DA:11,0
DA:13,0
DA:14,0
DA:15,0
DA:16,0
DA:17,0
DA:18,0
DA:19,0
DA:21,0
DA:22,0
DA:23,0
DA:24,0
DA:25,0
DA:26,0
DA:27,0
DA:28,0
DA:29,0
DA:30,0
DA:31,0
DA:36,0
DA:37,0
DA:38,0
DA:39,0
DA:42,0
DA:43,0
DA:44,0
DA:46,0
DA:48,0
DA:50,0
DA:54,0
DA:57,0
DA:69,0
DA:71,0
LF:36
LH:0
BRDA:22,0,0,0
BRDA:22,0,1,0
BRDA:22,1,0,0
BRDA:22,1,1,0
BRDA:24,2,0,0
BRDA:24,2,1,0
BRDA:27,3,0,0
BRDA:27,3,1,0
BRDA:29,4,0,0
BRDA:29,4,1,0
BRDA:30,5,0,0
BRDA:30,5,1,0
BRDA:31,6,0,0
BRDA:31,6,1,0
BRDA:37,7,0,0
BRDA:37,7,1,0
BRDA:37,8,0,0
BRDA:37,8,1,0
BRDA:43,9,0,0
BRDA:43,9,1,0
BRDA:43,10,0,0
BRDA:43,10,1,0
BRDA:61,11,0,0
BRDA:61,11,1,0
BRDA:72,12,0,0
BRDA:72,12,1,0
BRDA:74,13,0,0
BRDA:74,13,1,0
BRDA:93,14,0,0
BRDA:93,14,1,0
BRF:30
BRH:0
end_of_record
TN:
SF:src/screens/Home/HomeScreen.tsx
FN:16,HomeScreen
FN:24,(anonymous_1)
FN:39,(anonymous_2)
FN:44,(anonymous_3)
FN:48,(anonymous_4)
FN:93,(anonymous_5)
FNF:6
FNH:6
FNDA:5,HomeScreen
FNDA:5,(anonymous_1)
FNDA:5,(anonymous_2)
FNDA:5,(anonymous_3)
FNDA:2,(anonymous_4)
FNDA:1,(anonymous_5)
DA:17,5
DA:18,5
DA:20,5
DA:21,5
DA:22,5
DA:24,5
DA:25,5
DA:26,5
DA:29,5
DA:39,5
DA:44,5
DA:48,5
DA:49,2
DA:50,1
DA:52,1
DA:56,5
DA:57,1
DA:64,4
DA:94,1
DA:95,0
DA:97,1
LF:21
LH:20
BRDA:49,0,0,1
BRDA:49,0,1,1
BRDA:56,1,0,1
BRDA:56,1,1,4
BRDA:94,2,0,0
BRDA:94,2,1,1
BRF:6
BRH:5
end_of_record
TN:
SF:src/screens/Insights/AchievementGallery.tsx
FN:47,AchievementGallery
FN:53,(anonymous_1)
FN:71,(anonymous_2)
FNF:3
FNH:0
FNDA:0,AchievementGallery
FNDA:0,(anonymous_1)
FNDA:0,(anonymous_2)
DA:8,0
DA:48,0
DA:50,0
DA:53,0
DA:72,0
LF:5
LH:0
BRDA:79,0,0,0
BRDA:79,0,1,0
BRDA:80,1,0,0
BRDA:80,1,1,0
BRDA:86,2,0,0
BRDA:86,2,1,0
BRDA:89,3,0,0
BRDA:89,3,1,0
BRF:8
BRH:0
end_of_record
TN:
SF:src/screens/Interactions/InteractionDashboardScreen.tsx
FN:10,InteractionDashboardScreen
FN:16,(anonymous_1)
FN:17,(anonymous_2)
FN:34,(anonymous_3)
FN:48,(anonymous_4)
FN:49,(anonymous_5)
FN:50,(anonymous_6)
FN:65,(anonymous_7)
FN:94,(anonymous_8)
FN:109,(anonymous_9)
FN:116,(anonymous_10)
FNF:11
FNH:0
FNDA:0,InteractionDashboardScreen
FNDA:0,(anonymous_1)
FNDA:0,(anonymous_2)
FNDA:0,(anonymous_3)
FNDA:0,(anonymous_4)
FNDA:0,(anonymous_5)
FNDA:0,(anonymous_6)
FNDA:0,(anonymous_7)
FNDA:0,(anonymous_8)
FNDA:0,(anonymous_9)
FNDA:0,(anonymous_10)
DA:11,0
DA:12,0
DA:13,0
DA:14,0
DA:16,0
DA:17,0
DA:18,0
DA:19,0
DA:20,0
DA:21,0
DA:22,0
DA:24,0
DA:25,0
DA:29,0
DA:30,0
DA:34,0
DA:35,0
DA:37,0
DA:39,0
DA:41,0
DA:43,0
DA:47,0
DA:48,0
DA:49,0
DA:50,0
DA:53,0
DA:54,0
DA:62,0
DA:65,0
DA:95,0
DA:96,0
DA:98,0
DA:100,0
DA:110,0
DA:117,0
DA:151,0
LF:36
LH:0
BRDA:18,0,0,0
BRDA:18,0,1,0
BRDA:29,1,0,0
BRDA:29,1,1,0
BRDA:35,2,0,0
BRDA:35,2,1,0
BRDA:35,2,2,0
BRDA:35,2,3,0
BRDA:53,3,0,0
BRDA:53,3,1,0
BRDA:53,4,0,0
BRDA:53,4,1,0
BRDA:78,5,0,0
BRDA:78,5,1,0
BRDA:86,6,0,0
BRDA:86,6,1,0
BRDA:92,7,0,0
BRDA:92,7,1,0
BRDA:96,8,0,0
BRDA:96,8,1,0
BRF:20
BRH:0
end_of_record
TN:
SF:src/screens/LocalServices/GenericComparisonScreen.tsx
FN:35,GenericComparisonScreen
FN:39,(anonymous_1)
FN:47,(anonymous_2)
FN:70,(anonymous_3)
FNF:4
FNH:0
FNDA:0,GenericComparisonScreen
FNDA:0,(anonymous_1)
FNDA:0,(anonymous_2)
FNDA:0,(anonymous_3)
DA:8,0
DA:36,0
DA:37,0
DA:39,0
DA:40,0
DA:44,0
DA:47,0
DA:71,0
LF:8
LH:0
BRDA:40,0,0,0
BRDA:40,0,1,0
BRF:2
BRH:0
end_of_record
TN:
SF:src/screens/LocalServices/PharmacyMapScreen.tsx
FN:15,PharmacyMapScreen
FN:26,(anonymous_1)
FN:37,(anonymous_2)
FN:51,(anonymous_3)
FN:55,(anonymous_4)
FN:71,(anonymous_5)
FN:78,(anonymous_6)
FN:85,(anonymous_7)
FNF:8
FNH:0
FNDA:0,PharmacyMapScreen
FNDA:0,(anonymous_1)
FNDA:0,(anonymous_2)
FNDA:0,(anonymous_3)
FNDA:0,(anonymous_4)
FNDA:0,(anonymous_5)
FNDA:0,(anonymous_6)
FNDA:0,(anonymous_7)
DA:8,0
DA:16,0
DA:17,0
DA:19,0
DA:26,0
DA:27,0
DA:31,0
DA:34,0
DA:37,0
DA:52,0
DA:55,0
DA:71,0
DA:78,0
DA:85,0
DA:98,0
LF:15
LH:0
BRDA:31,0,0,0
BRDA:31,0,1,0
BRDA:64,1,0,0
BRDA:64,1,1,0
BRF:4
BRH:0
end_of_record
TN:
SF:src/screens/LocalServices/TelehealthScreen.tsx
FN:36,TelehealthScreen
FN:39,(anonymous_1)
FN:46,(anonymous_2)
FN:58,(anonymous_3)
FN:64,(anonymous_4)
FNF:5
FNH:0
FNDA:0,TelehealthScreen
FNDA:0,(anonymous_1)
FNDA:0,(anonymous_2)
FNDA:0,(anonymous_3)
FNDA:0,(anonymous_4)
DA:9,0
DA:37,0
DA:39,0
DA:40,0
DA:43,0
DA:46,0
DA:59,0
DA:64,0
LF:8
LH:0
BRF:0
BRH:0
end_of_record
TN:
SF:src/screens/MedicationDetail/MedicationDetailScreen.tsx
FN:10,MedicationDetailScreen
FN:52,(anonymous_1)
FN:55,(anonymous_2)
FN:56,(anonymous_3)
FN:57,(anonymous_4)
FN:64,(anonymous_5)
FN:89,(anonymous_6)
FN:94,(anonymous_7)
FN:149,(anonymous_8)
FN:218,(anonymous_9)
FNF:10
FNH:0
FNDA:0,MedicationDetailScreen
FNDA:0,(anonymous_1)
FNDA:0,(anonymous_2)
FNDA:0,(anonymous_3)
FNDA:0,(anonymous_4)
FNDA:0,(anonymous_5)
FNDA:0,(anonymous_6)
FNDA:0,(anonymous_7)
FNDA:0,(anonymous_8)
FNDA:0,(anonymous_9)
DA:11,0
DA:12,0
DA:13,0
DA:15,0
DA:16,0
DA:18,0
DA:20,0
DA:36,0
DA:52,0
DA:53,0
DA:54,0
DA:56,0
DA:57,0
DA:59,0
DA:64,0
DA:65,0
DA:66,0
DA:67,0
DA:68,0
DA:71,0
DA:78,0
DA:80,0
DA:84,0
DA:89,0
DA:95,0
DA:150,0
DA:218,0
LF:27
LH:0
BRDA:13,0,0,0
BRDA:13,0,1,0
BRDA:20,1,0,0
BRDA:20,1,1,0
BRDA:34,2,0,0
BRDA:34,2,1,0
BRDA:36,3,0,0
BRDA:36,3,1,0
BRDA:38,4,0,0
BRDA:38,4,1,0
BRDA:53,5,0,0
BRDA:53,5,1,0
BRDA:53,6,0,0
BRDA:53,6,1,0
BRDA:66,7,0,0
BRDA:66,7,1,0
BRDA:78,8,0,0
BRDA:78,8,1,0
BRDA:78,9,0,0
BRDA:78,9,1,0
BRDA:97,10,0,0
BRDA:97,10,1,0
BRDA:98,11,0,0
BRDA:98,11,1,0
BRDA:103,12,0,0
BRDA:103,12,1,0
BRDA:109,13,0,0
BRDA:109,13,1,0
BRDA:126,14,0,0
BRDA:126,14,1,0
BRDA:139,15,0,0
BRDA:139,15,1,0
BRDA:149,16,0,0
BRDA:149,16,1,0
BRDA:187,17,0,0
BRDA:187,17,1,0
BRDA:203,18,0,0
BRDA:203,18,1,0
BRF:38
BRH:0
end_of_record
TN:
SF:src/screens/MedicationForm/MedicationFormScreen.tsx
FN:12,MedicationFormScreen
FN:26,(anonymous_1)
FN:38,(anonymous_2)
FN:60,(anonymous_3)
FN:95,(anonymous_4)
FN:112,(anonymous_5)
FN:124,(anonymous_6)
FNF:7
FNH:6
FNDA:19,MedicationFormScreen
FNDA:6,(anonymous_1)
FNDA:4,(anonymous_2)
FNDA:3,(anonymous_3)
FNDA:0,(anonymous_4)
FNDA:3,(anonymous_5)
FNDA:2,(anonymous_6)
DA:13,19
DA:14,19
DA:15,19
DA:16,19
DA:17,19
DA:19,19
DA:20,19
DA:21,19
DA:22,19
DA:23,19
DA:24,19
DA:26,19
DA:27,6
DA:28,2
DA:29,2
DA:30,2
DA:31,2
DA:32,2
DA:33,2
DA:38,19
DA:39,4
DA:40,4
DA:41,4
DA:43,4
DA:49,4
DA:58,4
DA:59,1
DA:60,1
DA:61,3
DA:62,3
DA:65,1
DA:66,1
DA:67,1
DA:70,3
DA:71,1
DA:72,1
DA:74,2
DA:82,1
DA:84,2
DA:86,1
DA:88,4
DA:92,19
DA:95,0
DA:113,3
DA:114,3
DA:125,2
DA:126,2
LF:47
LH:46
BRDA:15,0,0,6
BRDA:15,0,1,13
BRDA:16,1,0,0
BRDA:16,1,1,19
BRDA:27,2,0,2
BRDA:27,2,1,4
BRDA:27,3,0,6
BRDA:27,3,1,2
BRDA:29,4,0,2
BRDA:29,4,1,0
BRDA:33,5,0,2
BRDA:33,5,1,1
[...]
BRDA:141,4,1,9
BRDA:284,5,0,0
BRDA:284,5,1,9
BRDA:296,6,0,0
BRDA:296,6,1,9
BRDA:320,7,0,9
BRDA:320,7,1,0
BRDA:321,8,0,9
BRDA:321,8,1,0
BRF:18
BRH:11
end_of_record
TN:
SF:src/screens/Tabs/Logs/LogsScreen.tsx
FN:12,LogsScreen
FN:17,(anonymous_1)
FN:29,(anonymous_2)
FN:41,(anonymous_3)
FN:93,(anonymous_4)
FN:101,(anonymous_5)
FN:101,(anonymous_6)
FNF:7
FNH:5
FNDA:5,LogsScreen
FNDA:2,(anonymous_1)
FNDA:1,(anonymous_2)
FNDA:6,(anonymous_3)
FNDA:0,(anonymous_4)
FNDA:0,(anonymous_5)
FNDA:3,(anonymous_6)
DA:13,5
DA:14,5
DA:15,5
DA:17,5
DA:18,2
DA:19,1
DA:20,1
DA:22,1
DA:23,1
DA:25,0
DA:29,5
DA:30,1
DA:31,0
DA:32,0
DA:34,1
DA:35,1
DA:37,0
DA:41,5
DA:42,6
DA:43,6
DA:44,0
DA:45,0
DA:46,0
DA:50,5
DA:93,0
DA:101,0
DA:102,3
LF:27
LH:18
BRDA:18,0,0,1
BRDA:18,0,1,1
BRDA:23,1,0,1
BRDA:23,1,1,0
BRDA:30,2,0,0
BRDA:30,2,1,1
BRDA:42,3,0,6
BRDA:42,3,1,0
BRDA:42,3,2,0
BRDA:42,3,3,0
BRDA:79,4,0,0
BRDA:79,4,1,5
BRDA:83,5,0,2
BRDA:83,5,1,3
BRDA:115,6,0,3
BRDA:115,6,1,3
BRF:16
BRH:10
end_of_record
TN:
SF:src/screens/Tabs/Medications/MedicationsScreen.tsx
FN:9,MedicationsScreen
FN:18,(anonymous_1)
FN:28,(anonymous_2)
FN:36,(anonymous_3)
FN:78,(anonymous_4)
FN:80,(anonymous_5)
FN:84,(anonymous_6)
FN:102,(anonymous_7)
FN:112,(anonymous_8)
FN:125,(anonymous_9)
FNF:10
FNH:10
FNDA:10,MedicationsScreen
FNDA:10,(anonymous_1)
FNDA:4,(anonymous_2)
FNDA:12,(anonymous_3)
FNDA:47,(anonymous_4)
FNDA:40,(anonymous_5)
FNDA:1,(anonymous_6)
FNDA:19,(anonymous_7)
FNDA:1,(anonymous_8)
FNDA:1,(anonymous_9)
DA:10,10
DA:11,10
DA:12,10
DA:15,10
DA:18,10
DA:19,10
DA:22,10
DA:23,1
DA:27,10
DA:28,2
DA:29,4
DA:33,10
DA:36,10
DA:37,12
DA:54,10
DA:78,47
DA:81,40
DA:84,1
DA:102,19
DA:112,1
DA:125,1
LF:21
LH:21
BRDA:22,0,0,1
BRDA:22,0,1,9
BRDA:27,1,0,2
BRDA:27,1,1,8
BRDA:44,2,0,12
BRDA:44,2,1,12
BRDA:45,3,0,12
BRDA:45,3,1,12
BRDA:46,4,0,12
BRDA:46,4,1,12
BRDA:47,5,0,12
BRDA:47,5,1,12
BRDA:91,6,0,1
BRDA:91,6,1,9
BRDA:110,7,0,2
BRDA:110,7,1,7
BRF:16
BRH:16
end_of_record
TN:
SF:src/screens/Tabs/Profile/ProfileScreen.tsx
FN:11,ProfileScreen
FN:19,(anonymous_1)
FN:31,(anonymous_2)
FN:62,(anonymous_3)
FN:69,(anonymous_4)
FN:77,(anonymous_5)
FN:85,(anonymous_6)
FN:92,(anonymous_7)
FN:100,(anonymous_8)
FN:107,(anonymous_9)
FN:115,(anonymous_10)
FN:130,(anonymous_11)
FN:137,(anonymous_12)
FN:160,(anonymous_13)
FN:161,(anonymous_14)
FN:162,(anonymous_15)
FN:164,(anonymous_16)
FN:165,(anonymous_17)
FNF:18
FNH:5
FNDA:6,ProfileScreen
FNDA:1,(anonymous_1)
FNDA:1,(anonymous_2)
FNDA:1,(anonymous_3)
FNDA:0,(anonymous_4)
FNDA:0,(anonymous_5)
FNDA:0,(anonymous_6)
FNDA:1,(anonymous_7)
FNDA:0,(anonymous_8)
FNDA:0,(anonymous_9)
FNDA:0,(anonymous_10)
FNDA:0,(anonymous_11)
FNDA:0,(anonymous_12)
FNDA:0,(anonymous_13)
FNDA:0,(anonymous_14)
FNDA:0,(anonymous_15)
FNDA:0,(anonymous_16)
FNDA:0,(anonymous_17)
DA:12,6
DA:13,6
DA:16,6
DA:17,6
DA:19,6
DA:20,1
DA:32,1
DA:33,1
DA:40,6
DA:62,1
DA:69,0
DA:77,0
DA:85,0
DA:92,1
DA:100,0
DA:107,0
DA:115,0
DA:130,0
DA:137,0
DA:160,0
DA:161,0
DA:162,0
LF:22
LH:11
BRDA:44,0,0,6
BRDA:44,0,1,1
BRDA:44,0,2,0
BRDA:45,1,0,6
BRDA:45,1,1,1
BRDA:45,1,2,0
BRDA:46,2,0,6
BRDA:46,2,1,6
BRDA:46,2,2,0
BRDA:113,3,0,0
BRDA:113,3,1,6
BRDA:114,4,0,0
BRDA:114,4,1,6
BRF:13
BRH:8
end_of_record
TN:
SF:src/screens/Tabs/Profile/subscreens/HealthProfile.tsx
FN:9,HealthProfileScreen
FN:16,(anonymous_1)
FN:25,(anonymous_2)
FN:34,(anonymous_3)
FN:59,(anonymous_4)
FN:71,(anonymous_5)
FNF:6
FNH:0
FNDA:0,HealthProfileScreen
FNDA:0,(anonymous_1)
FNDA:0,(anonymous_2)
FNDA:0,(anonymous_3)
FNDA:0,(anonymous_4)
FNDA:0,(anonymous_5)
DA:10,0
DA:11,0
DA:12,0
DA:13,0
DA:14,0
DA:16,0
DA:17,0
DA:18,0
DA:19,0
DA:21,0
DA:22,0
DA:25,0
DA:26,0
DA:28,0
DA:31,0
DA:34,0
DA:60,0
DA:61,0
DA:72,0
DA:73,0
LF:20
LH:0
BRDA:18,0,0,0
BRDA:18,0,1,0
BRDA:19,1,0,0
BRDA:19,1,1,0
BRDA:26,2,0,0
BRDA:26,2,1,0
BRDA:61,3,0,0
BRDA:61,3,1,0
BRDA:73,4,0,0
BRDA:73,4,1,0
BRF:10
BRH:0
end_of_record
TN:
SF:src/screens/Tabs/Profile/subscreens/HelpCenter.tsx
FN:9,HelpCenterScreen
FN:15,(anonymous_1)
FN:48,(anonymous_2)
FNF:3
FNH:0
FNDA:0,HelpCenterScreen
FNDA:0,(anonymous_1)
FNDA:0,(anonymous_2)
DA:10,0
DA:12,0
DA:15,0
DA:48,0
LF:4
LH:0
BRF:0
BRH:0
end_of_record
TN:
SF:src/screens/Tabs/Profile/subscreens/Notifications.tsx
FN:11,NotificationsScreen
FN:24,(anonymous_1)
FN:40,(anonymous_2)
FN:103,(anonymous_3)
FNF:4
FNH:0
FNDA:0,NotificationsScreen
FNDA:0,(anonymous_1)
FNDA:0,(anonymous_2)
FNDA:0,(anonymous_3)
DA:12,0
DA:13,0
DA:14,0
DA:15,0
DA:16,0
DA:24,0
DA:25,0
DA:37,0
DA:40,0
DA:104,0
DA:114,0
LF:11
LH:0
BRDA:29,0,0,0
BRDA:29,0,1,0
BRF:2
BRH:0
end_of_record
TN:
SF:src/screens/Tabs/Profile/subscreens/PersonalInformation.tsx
FN:11,PersonalInformationScreen
FN:18,(anonymous_1)
FN:33,(anonymous_2)
FN:43,(anonymous_3)
FN:67,(anonymous_4)
FN:77,(anonymous_5)
FNF:6
FNH:0
FNDA:0,PersonalInformationScreen
FNDA:0,(anonymous_1)
FNDA:0,(anonymous_2)
FNDA:0,(anonymous_3)
FNDA:0,(anonymous_4)
FNDA:0,(anonymous_5)
DA:12,0
DA:13,0
DA:14,0
DA:15,0
DA:16,0
DA:18,0
DA:19,0
DA:20,0
DA:22,0
DA:23,0
DA:24,0
DA:25,0
DA:26,0
DA:29,0
DA:30,0
DA:33,0
DA:34,0
DA:36,0
DA:39,0
DA:43,0
DA:68,0
DA:69,0
DA:78,0
DA:79,0
LF:24
LH:0
BRDA:20,0,0,0
BRDA:20,0,1,0
BRDA:23,1,0,0
BRDA:23,1,1,0
BRDA:25,2,0,0
BRDA:25,2,1,0
BRDA:34,3,0,0
BRDA:34,3,1,0
BRDA:69,4,0,0
BRDA:69,4,1,0
BRDA:79,5,0,0
BRDA:79,5,1,0
BRF:12
BRH:0
end_of_record
TN:
SF:src/screens/Tabs/Profile/subscreens/PrivacySettings.tsx
FN:10,PrivacySettingsScreen
FN:14,(anonymous_1)
FN:29,(anonymous_2)
FNF:3
FNH:0
FNDA:0,PrivacySettingsScreen
FNDA:0,(anonymous_1)
FNDA:0,(anonymous_2)
DA:11,0
DA:12,0
DA:14,0
DA:15,0
DA:16,0
DA:17,0
DA:20,0
DA:21,0
DA:22,0
DA:26,0
DA:29,0
LF:11
LH:0
BRDA:15,0,0,0
BRDA:15,0,1,0
BRDA:15,1,0,0
BRDA:15,1,1,0
BRDA:21,2,0,0
BRDA:21,2,1,0
BRDA:21,3,0,0
BRDA:21,3,1,0
BRDA:47,4,0,0
BRDA:47,4,1,0
BRDA:51,5,0,0
BRDA:51,5,1,0
BRDA:54,6,0,0
BRDA:54,6,1,0
BRF:14
BRH:0
end_of_record
TN:
SF:src/screens/Tabs/Profile/subscreens/WearableSync.tsx
FN:8,WearableSyncScreen
FN:16,(anonymous_1)
FNF:2
FNH:0
FNDA:0,WearableSyncScreen
FNDA:0,(anonymous_1)
DA:9,0
DA:10,0
DA:11,0
DA:13,0
DA:16,0
LF:5
LH:0
BRF:0
BRH:0
end_of_record
TN:
SF:src/services/apiClient.ts
FN:18,(anonymous_0)
FN:35,(anonymous_1)
FN:49,(anonymous_2)
FN:61,(anonymous_3)
FN:64,(anonymous_4)
FN:83,(anonymous_5)
FN:91,(anonymous_6)
FN:105,(anonymous_7)
FN:134,(anonymous_8)
FN:142,(anonymous_9)
FN:150,(anonymous_10)
FN:158,(anonymous_11)
FN:166,(anonymous_12)
FN:174,(anonymous_13)
FN:182,(anonymous_14)
FN:203,(anonymous_15)
FN:204,(anonymous_16)
FN:205,(anonymous_17)
FN:206,(anonymous_18)
FN:207,(anonymous_19)
FN:212,(anonymous_20)
FN:213,(anonymous_21)
FN:214,(anonymous_22)
FN:215,(anonymous_23)
FN:216,(anonymous_24)
FN:217,(anonymous_25)
FN:222,(anonymous_26)
FN:223,(anonymous_27)
FN:224,(anonymous_28)
FN:225,(anonymous_29)
FN:230,(anonymous_30)
FN:231,(anonymous_31)
FN:232,(anonymous_32)
FN:233,(anonymous_33)
FN:238,(anonymous_34)
FN:240,(anonymous_35)
FN:245,(anonymous_36)
FN:246,(anonymous_37)
FN:247,(anonymous_38)
FNF:39
FNH:11
FNDA:2,(anonymous_0)
FNDA:2,(anonymous_1)
FNDA:4,(anonymous_2)
FNDA:2,(anonymous_3)
FNDA:1,(anonymous_4)
FNDA:0,(anonymous_5)
FNDA:1,(anonymous_6)
FNDA:1,(anonymous_7)
FNDA:1,(anonymous_8)
FNDA:1,(anonymous_9)
FNDA:1,(anonymous_10)
FNDA:0,(anonymous_11)
FNDA:1,(anonymous_12)
FNDA:0,(anonymous_13)
FNDA:0,(anonymous_14)
FNDA:0,(anonymous_15)
FNDA:0,(anonymous_16)
FNDA:0,(anonymous_17)
FNDA:0,(anonymous_18)
FNDA:0,(anonymous_19)
FNDA:0,(anonymous_20)
FNDA:0,(anonymous_21)
FNDA:0,(anonymous_22)
FNDA:0,(anonymous_23)
FNDA:0,(anonymous_24)
FNDA:0,(anonymous_25)
FNDA:0,(anonymous_26)
FNDA:0,(anonymous_27)
FNDA:0,(anonymous_28)
FNDA:0,(anonymous_29)
FNDA:0,(anonymous_30)
FNDA:0,(anonymous_31)
FNDA:0,(anonymous_32)
FNDA:0,(anonymous_33)
FNDA:0,(anonymous_34)
FNDA:0,(anonymous_35)
FNDA:0,(anonymous_36)
FNDA:0,(anonymous_37)
FNDA:0,(anonymous_38)
DA:8,2
DA:9,2
DA:16,2
DA:19,2
DA:28,2
DA:29,2
DA:36,2
DA:37,2
DA:38,1
DA:39,0
DA:42,1
DA:50,4
DA:51,4
DA:52,2
DA:54,2
DA:63,2
DA:66,1
DA:67,1
DA:71,1
DA:81,1
DA:84,0
DA:85,0
DA:90,2
DA:93,1
DA:103,1
DA:107,1
DA:108,1
DA:113,1
DA:124,1
DA:126,1
DA:135,1
DA:136,1
DA:143,1
DA:144,1
DA:151,1
DA:152,1
DA:159,0
DA:160,0
DA:167,1
DA:168,1
DA:175,0
DA:176,0
DA:178,0
DA:183,0
DA:184,0
DA:185,0
DA:190,0
DA:195,2
DA:200,2
DA:203,0
DA:204,0
DA:205,0
DA:206,0
DA:207,0
DA:212,0
DA:213,0
DA:214,0
DA:215,0
DA:216,0
DA:217,0
DA:222,0
DA:223,0
DA:224,0
DA:225,0
DA:230,0
DA:231,0
DA:232,0
DA:233,0
DA:239,0
DA:240,0
DA:245,0
DA:246,0
DA:248,0
LF:73
LH:37
BRDA:8,0,0,2
BRDA:8,0,1,2
BRDA:38,1,0,0
BRDA:38,1,1,1
BRDA:51,2,0,2
BRDA:51,2,1,2
BRDA:66,3,0,1
BRDA:66,3,1,0
BRDA:107,4,0,1
BRDA:107,4,1,0
BRDA:183,5,0,0
BRDA:183,5,1,0
BRDA:183,6,0,0
BRDA:183,6,1,0
BRF:14
BRH:7
end_of_record
TN:
SF:src/services/authService.ts
FN:13,(anonymous_0)
FN:20,(anonymous_1)
FN:27,(anonymous_2)
FN:34,(anonymous_3)
FN:60,(anonymous_4)
FN:68,(anonymous_5)
FN:83,(anonymous_6)
FN:105,(anonymous_7)
FNF:8
FNH:8
FNDA:1,(anonymous_0)
FNDA:3,(anonymous_1)
FNDA:2,(anonymous_2)
FNDA:4,(anonymous_3)
FNDA:3,(anonymous_4)
FNDA:2,(anonymous_5)
FNDA:2,(anonymous_6)
FNDA:2,(anonymous_7)
DA:6,1
DA:7,1
DA:9,1
DA:14,1
DA:21,3
DA:28,2
DA:35,4
DA:36,4
DA:37,3
DA:38,1
DA:39,1
DA:41,1
DA:43,1
DA:44,1
DA:45,1
DA:46,1
DA:47,1
DA:48,1
DA:49,1
DA:50,1
DA:53,0
DA:61,3
DA:62,3
DA:69,2
DA:70,2
DA:72,1
DA:74,2
DA:84,2
DA:87,2
DA:88,2
DA:90,1
DA:91,1
DA:92,1
DA:93,1
DA:95,0
DA:97,1
DA:98,1
DA:106,2
DA:107,2
DA:109,2
DA:110,1
DA:111,1
DA:112,1
DA:114,1
DA:116,0
DA:117,0
LF:46
LH:42
BRDA:37,0,0,2
BRDA:37,0,1,1
BRDA:44,1,0,1
BRDA:44,1,1,0
BRDA:90,2,0,1
BRDA:90,2,1,0
BRDA:90,3,0,1
BRDA:90,3,1,1
BRDA:98,4,0,1
BRDA:98,4,1,0
BRDA:109,5,0,1
BRDA:109,5,1,1
BRDA:109,6,0,2
BRDA:109,6,1,1
BRDA:117,7,0,0
BRDA:117,7,1,0
BRF:16
BRH:11
end_of_record
TN:
SF:src/services/drugDatabaseService.ts
FN:40,(anonymous_0)
FN:61,(anonymous_1)
FN:74,(anonymous_2)
FN:95,(anonymous_3)
FN:114,(anonymous_4)
FN:155,(anonymous_5)
FN:158,(anonymous_6)
FN:165,(anonymous_7)
FN:186,(anonymous_8)
FN:190,(anonymous_9)
FN:191,(anonymous_10)
FN:192,(anonymous_11)
FNF:12
FNH:6
FNDA:3,(anonymous_0)
FNDA:2,(anonymous_1)
FNDA:2,(anonymous_2)
FNDA:0,(anonymous_3)
FNDA:1,(anonymous_4)
FNDA:4,(anonymous_5)
FNDA:5,(anonymous_6)
FNDA:0,(anonymous_7)
FNDA:0,(anonymous_8)
FNDA:0,(anonymous_9)
FNDA:0,(anonymous_10)
FNDA:0,(anonymous_11)
DA:41,3
DA:42,3
DA:45,2
DA:49,1
DA:51,1
DA:54,1
DA:62,2
DA:63,2
DA:64,1
DA:66,1
DA:67,1
DA:75,2
DA:76,2
DA:78,1
DA:83,1
DA:85,0
DA:88,0
DA:96,0
DA:97,0
DA:99,0
DA:104,0
DA:106,0
DA:107,0
DA:115,1
DA:154,1
DA:155,1
DA:156,4
DA:158,5
DA:167,0
DA:168,0
DA:180,0
DA:187,0
DA:190,0
DA:191,0
DA:192,0
DA:194,0
DA:195,0
DA:205,0
DA:209,1
LF:39
LH:21
BRDA:42,0,0,1
BRDA:42,0,1,2
BRDA:76,1,0,1
BRDA:76,1,1,1
BRDA:97,2,0,0
BRDA:97,2,1,0
BRDA:156,3,0,4
BRDA:156,3,1,3
BRDA:156,3,2,3
BRDA:167,4,0,0
BRDA:167,4,1,0
BRDA:167,5,0,0
BRDA:167,5,1,0
BRDA:194,6,0,0
BRDA:194,6,1,0
BRDA:194,7,0,0
BRDA:194,7,1,0
BRDA:194,7,2,0
BRDA:198,8,0,0
BRDA:198,8,1,0
BRF:20
BRH:7
end_of_record
TN:
SF:src/services/drugSafetyService.ts
FN:15,(anonymous_0)
FN:16,(anonymous_1)
FN:20,(anonymous_2)
FN:35,(anonymous_3)
FN:37,(anonymous_4)
FN:42,(anonymous_5)
FN:42,(anonymous_6)
FN:52,(anonymous_7)
FN:52,(anonymous_8)
FN:62,(anonymous_9)
FN:62,(anonymous_10)
FN:72,(anonymous_11)
FN:72,(anonymous_12)
FN:84,(anonymous_13)
FN:94,(anonymous_14)
FN:104,(anonymous_15)
FNF:16
FNH:15
FNDA:2,(anonymous_0)
FNDA:4,(anonymous_1)
FNDA:4,(anonymous_2)
FNDA:5,(anonymous_3)
FNDA:10,(anonymous_4)
FNDA:9,(anonymous_5)
FNDA:2,(anonymous_6)
FNDA:9,(anonymous_7)
FNDA:2,(anonymous_8)
FNDA:10,(anonymous_9)
FNDA:0,(anonymous_10)
FNDA:9,(anonymous_11)
FNDA:2,(anonymous_12)
FNDA:10,(anonymous_13)
FNDA:9,(anonymous_14)
FNDA:10,(anonymous_15)
DA:11,1
DA:16,4
DA:18,2
DA:20,4
DA:21,1
DA:24,0
DA:26,1
DA:28,1
DA:36,5
DA:37,10
DA:42,9
DA:43,1
DA:52,9
DA:53,1
DA:62,10
DA:63,0
DA:72,9
DA:73,1
DA:84,10
DA:85,0
DA:94,9
DA:95,1
DA:104,10
DA:105,0
DA:113,5
LF:25
LH:21
BRDA:21,0,0,1
BRDA:21,0,1,0
BRDA:21,1,0,1
BRDA:21,1,1,1
BRDA:42,2,0,1
BRDA:42,2,1,4
BRDA:42,3,0,5
BRDA:42,3,1,1
BRDA:52,4,0,1
BRDA:52,4,1,4
BRDA:52,5,0,5
BRDA:52,5,1,1
BRDA:62,6,0,0
BRDA:62,6,1,5
BRDA:62,7,0,5
BRDA:62,7,1,0
BRDA:72,8,0,1
BRDA:72,8,1,4
BRDA:72,9,0,5
BRDA:72,9,1,1
BRDA:84,10,0,0
BRDA:84,10,1,5
BRDA:84,11,0,10
BRDA:84,11,1,10
BRDA:84,11,2,10
BRDA:94,12,0,1
BRDA:94,12,1,4
BRDA:104,13,0,0
BRDA:104,13,1,5
BRF:29
BRH:24
end_of_record
TN:
SF:src/services/historyExportService.ts
FN:20,(anonymous_0)
FN:34,(anonymous_1)
FN:41,(anonymous_2)
FN:42,(anonymous_3)
FN:43,(anonymous_4)
FN:47,(anonymous_5)
FN:48,(anonymous_6)
FN:49,(anonymous_7)
FN:58,(anonymous_8)
FN:134,(anonymous_9)
FN:160,(anonymous_10)
FN:187,(anonymous_11)
FN:212,(anonymous_12)
FN:231,(anonymous_13)
FN:234,(anonymous_14)
FN:243,(anonymous_15)
FN:243,(anonymous_16)
FNF:17
FNH:17
FNDA:6,(anonymous_0)
FNDA:12,(anonymous_1)
FNDA:12,(anonymous_2)
FNDA:12,(anonymous_3)
FNDA:12,(anonymous_4)
FNDA:1,(anonymous_5)
FNDA:2,(anonymous_6)
FNDA:2,(anonymous_7)
FNDA:1,(anonymous_8)
FNDA:1,(anonymous_9)
FNDA:12,(anonymous_10)
FNDA:2,(anonymous_11)
FNDA:1,(anonymous_12)
FNDA:2,(anonymous_13)
FNDA:4,(anonymous_14)
FNDA:4,(anonymous_15)
FNDA:16,(anonymous_16)
DA:11,1
DA:30,6
DA:31,6
DA:34,6
DA:35,12
DA:36,12
DA:40,6
DA:41,12
DA:42,12
DA:43,12
DA:44,6
DA:47,6
DA:48,2
DA:49,2
DA:50,1
DA:51,1
DA:58,1
DA:60,6
DA:134,1
DA:160,12
DA:192,2
DA:193,2
DA:194,2
DA:196,1
DA:197,1
DA:199,0
DA:202,1
DA:204,1
DA:205,1
DA:217,1
DA:218,1
DA:219,1
DA:221,0
DA:232,2
DA:233,2
DA:234,4
DA:241,2
DA:243,16
DA:246,2
DA:247,2
DA:249,1
DA:250,1
DA:252,0
DA:255,1
DA:256,1
LF:45
LH:42
BRDA:30,0,0,6
BRDA:30,0,1,6
BRDA:31,1,0,6
BRDA:31,1,1,6
BRDA:36,2,0,12
BRDA:36,2,1,12
BRDA:44,3,0,6
BRDA:44,3,1,0
BRDA:47,4,0,6
BRDA:47,4,1,5
BRDA:50,5,0,1
BRDA:50,5,1,0
BRDA:58,6,0,1
BRDA:58,6,1,1
BRDA:103,7,0,0
BRDA:103,7,1,6
BRDA:132,8,0,1
BRDA:132,8,1,5
BRDA:196,9,0,1
BRDA:196,9,1,0
BRDA:238,10,0,4
BRDA:238,10,1,2
BRDA:249,11,0,1
BRDA:249,11,1,0
BRF:24
BRH:19
end_of_record
TN:
SF:src/services/notificationService.ts
FN:6,(anonymous_0)
FN:19,(anonymous_1)
FN:50,(anonymous_2)
FN:70,(anonymous_3)
FN:98,(anonymous_4)
FN:114,(anonymous_5)
FN:121,(anonymous_6)
FN:128,(anonymous_7)
FN:142,(anonymous_8)
FNF:9
FNH:3
FNDA:0,(anonymous_0)
FNDA:3,(anonymous_1)
FNDA:2,(anonymous_2)
FNDA:0,(anonymous_3)
FNDA:1,(anonymous_4)
FNDA:0,(anonymous_5)
FNDA:0,(anonymous_6)
FNDA:0,(anonymous_7)
FNDA:0,(anonymous_8)
DA:5,1
DA:6,0
DA:15,1
DA:20,3
DA:22,3
DA:23,3
DA:25,3
DA:26,2
DA:27,2
DA:30,3
DA:31,1
DA:35,2
DA:36,0
DA:44,2
DA:51,2
DA:53,1
DA:64,1
DA:71,0
DA:73,0
DA:74,0
DA:76,0
DA:89,0
DA:92,0
DA:102,1
DA:103,1
DA:104,2
DA:105,2
DA:106,1
DA:115,0
DA:122,0
DA:129,0
DA:143,0
LF:32
LH:20
BRDA:20,0,0,0
BRDA:20,0,1,3
BRDA:25,1,0,2
BRDA:25,1,1,1
BRDA:30,2,0,1
BRDA:30,2,1,2
BRDA:35,3,0,0
BRDA:35,3,1,2
BRDA:51,4,0,1
BRDA:51,4,1,1
BRDA:105,5,0,1
BRDA:105,5,1,1
BRDA:105,6,0,2
BRDA:105,6,1,2
BRF:14
BRH:12
end_of_record
TN:
SF:src/services/ocrService.ts
FN:31,recognizeText
FN:61,calculateConfidence
FN:66,(anonymous_2)
FN:80,parseMedicationInfo
FN:81,(anonymous_4)
FN:155,isValidMedicationResult
FNF:6
FNH:6
FNDA:3,recognizeText
FNDA:2,calculateConfidence
FNDA:4,(anonymous_2)
FNDA:2,parseMedicationInfo
FNDA:6,(anonymous_4)
FNDA:4,isValidMedicationResult
DA:32,3
DA:33,3
DA:35,3
DA:36,1
DA:40,2
DA:42,2
DA:48,0
DA:49,0
DA:63,2
DA:66,2
DA:67,4
DA:69,2
DA:81,6
DA:88,2
DA:91,2
DA:94,2
DA:104,2
DA:106,6
DA:107,1
DA:111,6
DA:112,4
DA:113,4
DA:114,2
DA:119,6
DA:120,6
DA:121,37
DA:122,37
DA:123,1
DA:124,1
DA:130,6
DA:134,2
DA:135,1
DA:139,2
DA:140,1
DA:143,2
DA:156,4
DA:159,3
LF:37
LH:35
BRDA:35,0,0,1
BRDA:35,0,1,2
BRDA:35,1,0,3
BRDA:35,1,1,2
BRDA:63,2,0,0
BRDA:63,2,1,2
BRDA:63,3,0,2
BRDA:63,3,1,2
BRDA:67,4,0,4
BRDA:67,4,1,0
BRDA:106,5,0,1
BRDA:106,5,1,5
BRDA:106,6,0,6
BRDA:106,6,1,4
BRDA:106,6,2,1
BRDA:111,7,0,4
BRDA:111,7,1,2
BRDA:113,8,0,2
BRDA:113,8,1,2
BRDA:119,9,0,6
BRDA:119,9,1,0
BRDA:122,10,0,1
BRDA:122,10,1,36
BRDA:130,11,0,1
BRDA:130,11,1,5
BRDA:130,12,0,6
BRDA:130,12,1,3
BRDA:130,12,2,2
BRDA:134,13,0,1
BRDA:134,13,1,1
BRDA:134,14,0,2
BRDA:134,14,1,1
BRDA:139,15,0,1
BRDA:139,15,1,1
BRDA:139,16,0,2
BRDA:139,16,1,1
BRDA:156,17,0,1
BRDA:156,17,1,3
BRDA:159,18,0,3
BRDA:159,18,1,2
BRF:40
BRH:37
end_of_record
TN:
SF:src/services/paymentService.ts
FN:58,(anonymous_0)
FN:62,(anonymous_1)
FN:73,(anonymous_2)
FN:84,(anonymous_3)
FN:97,(anonymous_4)
FNF:5
FNH:5
FNDA:3,(anonymous_0)
FNDA:3,(anonymous_1)
FNDA:5,(anonymous_2)
FNDA:3,(anonymous_3)
FNDA:6,(anonymous_4)
DA:12,1
DA:52,1
DA:54,1
DA:59,3
DA:62,3
DA:65,3
DA:67,3
DA:68,2
DA:69,2
DA:73,5
DA:75,2
DA:77,1
DA:85,3
DA:86,3
DA:87,3
DA:88,3
DA:90,0
DA:98,6
DA:99,6
DA:100,6
DA:102,1
DA:103,1
LF:22
LH:21
BRDA:67,0,0,2
BRDA:67,0,1,1
BRDA:73,1,0,2
BRDA:73,1,1,0
BRDA:100,2,0,3
BRDA:100,2,1,3
BRF:6
BRH:5
end_of_record
TN:
SF:src/services/sentry.ts
FN:6,initSentry
FN:42,(anonymous_1)
FN:80,captureException
FN:94,captureMessage
FN:106,setUser
FN:113,addBreadcrumb
FN:125,setContext
FN:132,setTag
FN:139,withSentry
FN:140,(anonymous_9)
FN:146,(anonymous_10)
FNF:11
FNH:0
FNDA:0,initSentry
FNDA:0,(anonymous_1)
FNDA:0,captureException
FNDA:0,captureMessage
FNDA:0,setUser
FNDA:0,addBreadcrumb
FNDA:0,setContext
FNDA:0,setTag
FNDA:0,withSentry
FNDA:0,(anonymous_9)
FNDA:0,(anonymous_10)
DA:8,0
DA:9,0
DA:10,0
DA:13,0
DA:44,0
DA:46,0
DA:47,0
DA:48,0
DA:53,0
DA:54,0
DA:55,0
DA:58,0
DA:74,0
DA:81,0
DA:82,0
DA:83,0
DA:86,0
DA:95,0
DA:96,0
DA:97,0
DA:100,0
DA:107,0
DA:119,0
DA:126,0
DA:133,0
DA:140,0
DA:141,0
DA:142,0
DA:145,0
DA:146,0
DA:147,0
DA:148,0
DA:152,0
DA:154,0
DA:155,0
LF:35
LH:0
BRDA:8,0,0,0
BRDA:8,0,1,0
BRDA:14,1,0,0
BRDA:14,1,1,0
BRDA:36,2,0,0
BRDA:36,2,1,0
BRDA:44,3,0,0
BRDA:44,3,1,0
BRDA:46,4,0,0
BRDA:46,4,1,0
BRDA:53,5,0,0
BRDA:53,5,1,0
BRDA:81,6,0,0
BRDA:81,6,1,0
BRDA:87,7,0,0
BRDA:87,7,1,0
BRDA:94,8,0,0
BRDA:95,9,0,0
BRDA:95,9,1,0
BRDA:145,10,0,0
BRDA:145,10,1,0
BRF:21
BRH:0
end_of_record
TN:
SF:src/utils/errorHandler.ts
FN:29,parseApiError
FN:99,getUserFriendlyMessage
FN:118,logError
FN:141,handleAsyncError
FN:161,createValidationError
FN:171,isNetworkError
FN:178,isAuthError
FN:185,formatErrorForDisplay
FNF:8
FNH:5
FNDA:7,parseApiError
FNDA:3,getUserFriendlyMessage
FNDA:1,logError
FNDA:2,handleAsyncError
FNDA:0,createValidationError
FNDA:0,isNetworkError
FNDA:0,isAuthError
FNDA:2,formatErrorForDisplay
DA:31,7
DA:32,1
DA:38,6
DA:41,6
DA:42,2
DA:50,4
DA:51,0
DA:59,4
DA:60,2
DA:68,2
DA:69,1
DA:70,1
DA:79,1
DA:80,1
DA:88,0
DA:100,3
DA:101,1
DA:104,2
DA:105,1
DA:108,1
DA:109,1
DA:112,0
DA:119,1
DA:122,1
DA:123,0
DA:124,0
DA:125,0
DA:131,0
DA:133,0
DA:145,2
DA:146,2
DA:147,1
DA:149,1
DA:150,1
DA:151,0
DA:153,1
DA:154,1
DA:162,0
DA:172,0
DA:179,0
DA:190,2
DA:194,2
DA:225,2
DA:226,2
DA:228,2
LF:45
LH:33
BRDA:31,0,0,1
BRDA:31,0,1,6
BRDA:41,1,0,2
BRDA:41,1,1,4
BRDA:50,2,0,0
BRDA:50,2,1,4
BRDA:59,3,0,2
BRDA:59,3,1,2
BRDA:68,4,0,1
BRDA:68,4,1,1
BRDA:68,5,0,2
BRDA:68,5,1,1
BRDA:69,6,0,1
BRDA:69,6,1,0
BRDA:79,7,0,1
BRDA:79,7,1,0
BRDA:89,8,0,0
BRDA:89,8,1,0
BRDA:100,9,0,1
BRDA:100,9,1,2
BRDA:104,10,0,1
BRDA:104,10,1,1
BRDA:108,11,0,1
BRDA:108,11,1,0
BRDA:119,12,0,0
BRDA:119,12,1,1
BRDA:122,13,0,0
BRDA:122,13,1,1
BRDA:124,14,0,0
BRDA:124,14,1,0
BRDA:131,15,0,0
BRDA:131,15,1,0
BRDA:150,16,0,0
BRDA:150,16,1,1
BRDA:172,17,0,0
BRDA:172,17,1,0
BRDA:179,18,0,0
BRDA:179,18,1,0
BRDA:190,19,0,2
BRDA:190,19,1,0
BRDA:190,20,0,2
BRDA:190,20,1,2
BRDA:225,21,0,2
BRDA:225,21,1,0
BRF:44
BRH:25
end_of_record
TN:
SF:src/utils/formatDate.ts
FN:1,formatDate
FNF:1
FNH:0
FNDA:0,formatDate
DA:2,0
LF:1
LH:0
BRF:0
BRH:0
end_of_record
TN:
SF:src/utils/protectedRoute.tsx
FN:9,useProtectedRoute
FN:14,(anonymous_1)
FN:32,withAuth
FN:35,AuthenticatedComponent
FNF:4
FNH:0
FNDA:0,useProtectedRoute
FNDA:0,(anonymous_1)
FNDA:0,withAuth
FNDA:0,AuthenticatedComponent
DA:10,0
DA:11,0
DA:12,0
DA:14,0
DA:15,0
DA:17,0
DA:19,0
DA:21,0
DA:22,0
DA:24,0
DA:35,0
DA:36,0
DA:37,0
LF:13
LH:0
BRDA:15,0,0,0
BRDA:15,0,1,0
BRDA:19,1,0,0
BRDA:19,1,1,0
BRDA:19,2,0,0
BRDA:19,2,1,0
BRDA:22,3,0,0
BRDA:22,3,1,0
BRDA:22,4,0,0
BRDA:22,4,1,0
BRF:10
BRH:0
end_of_record
TN:
SF:src/utils/schemas.ts
FNF:0
FNH:0
DA:6,3
DA:25,3
DA:55,3
DA:68,3
LF:4
LH:4
BRF:0
BRH:0
end_of_record
